#
# A fatal error has been detected by the Java Runtime Environment:
#
#  SIGSEGV (0xb) at pc=0x000000010d025b4a, pid=3985, tid=0x0000000000002903
#
# JRE version: Java(TM) SE Runtime Environment (8.0_141-b15) (build 1.8.0_141-b15)
# Java VM: Java HotSpot(TM) 64-Bit Server VM (25.141-b15 mixed mode bsd-amd64 compressed oops)
# Problematic frame:
# V  [libjvm.dylib+0x2c3b4a]  void PSParallelCompact::mark_and_push<unsigned int>(ParCompactionManager*, unsigned int*)+0x58
#
# Failed to write core dump. Core dumps have been disabled. To enable core dumping, try "ulimit -c unlimited" before starting Java again
#
# If you would like to submit a bug report, please visit:
#   http://bugreport.java.com/bugreport/crash.jsp
#

---------------  T H R E A D  ---------------

Current thread (0x00007f8ee7802000):  GCTaskThread [stack: 0x000070000bad2000,0x000070000bbd2000] [id=10499]

siginfo: si_signo: 11 (SIGSEGV), si_code: 0 (unknown), si_addr: 0x0000000000000000

Registers:
RAX=0x000000010ed17000, RBX=0x00007f8ee6d04c40, RCX=0x03ffffffe2000038, RDX=0x1fffffff100001c1
RSP=0x000070000bbd1c50, RBP=0x000070000bbd1c70, RSI=0x00000007a5e16574, RDI=0x00007f8ee6d04c40
R8 =0x0000000000000401, R9 =0x0000000000002cac, R10=0x0000022222222201, R11=0x0000200000000000
R12=0x00000007a5e16574, R13=0x00000007a5e16584, R14=0x0000000000000e08, R15=0x00000007c00ae080
RIP=0x000000010d025b4a, EFLAGS=0x0000000000010202, ERR=0x0000000000000000
  TRAPNO=0x000000000000000d

Top of Stack: (sp=0x000070000bbd1c50)
0x000070000bbd1c50:   000070000bbd1ce0 00007f8ee6d04c40
0x000070000bbd1c60:   00000007c00ae078 00000007c00ae080
0x000070000bbd1c70:   000070000bbd1cc0 000000010d022551
0x000070000bbd1c80:   000070000bbd1cb0 00000007a5e16568
0x000070000bbd1c90:   0000000785570a50 00007f8ee6d04c40
0x000070000bbd1ca0:   00000007a5e16568 000000010d5a1b20
0x000070000bbd1cb0:   00007f8ee6d04c48 000000010d5a1b20
0x000070000bbd1cc0:   000070000bbd1d50 000000010d21f1cc
0x000070000bbd1cd0:   000070000bbd1d00 00007f8ee6d04c80
0x000070000bbd1ce0:   00007f8ee6d04cc8 00007f8ee6d04d00
0x000070000bbd1cf0:   00000007c00ae348 00000007c00ae350
0x000070000bbd1d00:   00000007a5e16568 000000010d022551
0x000070000bbd1d10:   000070000bbd1d50 0000000785662098
0x000070000bbd1d20:   146ad67c000009d8 0000000000000002
0x000070000bbd1d30:   000070000bbd1d80 000000010d5a1b20
0x000070000bbd1d40:   00007f8ee6d04c40 000070000bbd1d6c
0x000070000bbd1d50:   000070000bbd1db0 000000010d2119db
0x000070000bbd1d60:   00007f8ee6f029b0 1a8e69f80cfd8d57
0x000070000bbd1d70:   0000000000000000 0000000000000000
0x000070000bbd1d80:   0000000785662098 00007f8ee7802000
0x000070000bbd1d90:   0000000000000000 000000010d375b3e
0x000070000bbd1da0:   00007f8ee6f029b0 0000000000000001
0x000070000bbd1db0:   000070000bbd1e90 000000010cfd92cf
0x000070000bbd1dc0:   000070000bbd1df0 00007f8ee6e08930
0x000070000bbd1dd0:   00007f8ee6e08960 00007f8ee6e08970
0x000070000bbd1de0:   00007f8ee6e08d48 00000000000003d8
0x000070000bbd1df0:   00007f8ee7802000 00007f8ee6e08d50
0x000070000bbd1e00:   00007f8ee6e08d90 00007f8ee6e08da0
0x000070000bbd1e10:   00007f8ee6e08e78 00000000000000d8
0x000070000bbd1e20:   000070000bbd1e30 0000000000000000
0x000070000bbd1e30:   00007f8ee7802000 00007f8ee6e08d50
0x000070000bbd1e40:   00007f8ee6e08d90 00007f8ee6e08da0 

Instructions: (pc=0x000000010d025b4a)
0x000000010d025b2a:   10 48 c1 ea 03 48 8d 0d 52 07 56 00 8a 09 48 d3
0x000000010d025b3a:   ea 48 89 d1 48 83 e1 c0 48 c1 e9 03 48 8b 40 30
0x000000010d025b4a:   48 8b 04 08 48 0f a3 d0 72 5d 4c 89 f7 e8 c0 64
0x000000010d025b5a:   ee ff 4c 63 f8 48 8d 3d 6a fa 62 00 4c 89 f6 4c 

Register to memory mapping:

RAX=0x000000010ed17000 is an unknown value
RBX=0x00007f8ee6d04c40 is an unknown value
RCX=0x03ffffffe2000038 is an unknown value
RDX=0x1fffffff100001c1 is an unknown value
RSP=0x000070000bbd1c50 is an unknown value
RBP=0x000070000bbd1c70 is an unknown value
RSI=0x00000007a5e16574 is pointing into object: 0x00000007a5e16568
edu.iastate.cs228.hw3.AdaptiveList$ListNode 
 - klass: 'edu/iastate/cs228/hw3/AdaptiveList$ListNode'
RDI=0x00007f8ee6d04c40 is an unknown value
R8 =0x0000000000000401 is an unknown value
R9 =0x0000000000002cac is an unknown value
R10=0x0000022222222201 is an unknown value
R11=0x0000200000000000 is an unknown value
R12=0x00000007a5e16574 is pointing into object: 0x00000007a5e16568
edu.iastate.cs228.hw3.AdaptiveList$ListNode 
 - klass: 'edu/iastate/cs228/hw3/AdaptiveList$ListNode'
R13=0x00000007a5e16584 is pointing into object: 0x00000007a5e16568
edu.iastate.cs228.hw3.AdaptiveList$ListNode 
 - klass: 'edu/iastate/cs228/hw3/AdaptiveList$ListNode'
R14=0x0000000000000e08 is an unknown value
R15=0x00000007c00ae080 is pointing into metadata


Stack: [0x000070000bad2000,0x000070000bbd2000],  sp=0x000070000bbd1c50,  free space=1023k
Native frames: (J=compiled Java code, j=interpreted, Vv=VM code, C=native code)
V  [libjvm.dylib+0x2c3b4a]  void PSParallelCompact::mark_and_push<unsigned int>(ParCompactionManager*, unsigned int*)+0x58
V  [libjvm.dylib+0x2c0551]  InstanceKlass::oop_follow_contents(ParCompactionManager*, oopDesc*)+0x10d
V  [libjvm.dylib+0x4bd1cc]  ParCompactionManager::follow_marking_stacks()+0xb4
V  [libjvm.dylib+0x4af9db]  StealMarkingTask::do_it(GCTaskManager*, unsigned int)+0xd1
V  [libjvm.dylib+0x2772cf]  GCTaskThread::run()+0x1a1
V  [libjvm.dylib+0x48baee]  java_start(Thread*)+0xf6
C  [libsystem_pthread.dylib+0x393b]  _pthread_body+0xb4
C  [libsystem_pthread.dylib+0x3887]  _pthread_body+0x0
C  [libsystem_pthread.dylib+0x308d]  thread_start+0xd


---------------  P R O C E S S  ---------------

Java Threads: ( => current thread )
  0x00007f8ee804e800 JavaThread "Service Thread" daemon [_thread_blocked, id=18691, stack(0x000070000c3ed000,0x000070000c4ed000)]
  0x00007f8ee7811000 JavaThread "C1 CompilerThread2" daemon [_thread_blocked, id=18179, stack(0x000070000c2ea000,0x000070000c3ea000)]
  0x00007f8ee883c000 JavaThread "C2 CompilerThread1" daemon [_thread_blocked, id=17667, stack(0x000070000c1e7000,0x000070000c2e7000)]
  0x00007f8ee8828000 JavaThread "C2 CompilerThread0" daemon [_thread_blocked, id=17155, stack(0x000070000c0e4000,0x000070000c1e4000)]
  0x00007f8ee701c000 JavaThread "Signal Dispatcher" daemon [_thread_blocked, id=16643, stack(0x000070000bfe1000,0x000070000c0e1000)]
  0x00007f8ee701a800 JavaThread "Finalizer" daemon [_thread_blocked, id=12547, stack(0x000070000bede000,0x000070000bfde000)]
  0x00007f8ee7019800 JavaThread "Reference Handler" daemon [_thread_blocked, id=12035, stack(0x000070000bddb000,0x000070000bedb000)]
  0x00007f8ee700b000 JavaThread "main" [_thread_blocked, id=7171, stack(0x000070000b7c9000,0x000070000b8c9000)]

Other Threads:
  0x00007f8ee8814000 VMThread [stack: 0x000070000bcd8000,0x000070000bdd8000] [id=11523]
  0x00007f8ee7801800 WatcherThread [stack: 0x000070000c4f0000,0x000070000c5f0000] [id=19203]

=>0x00007f8ee7802000 (exited) GCTaskThread [stack: 0x000070000bad2000,0x000070000bbd2000] [id=10499]

VM state:at safepoint (normal execution)

VM Mutex/Monitor currently owned by a thread:  ([mutex/lock_event])
[0x00007f8ee6c091a0] Threads_lock - owner thread: 0x00007f8ee8814000
[0x00007f8ee6c096a0] Heap_lock - owner thread: 0x00007f8ee700b000

Heap:
 PSYoungGen      total 230400K, used 114176K [0x00000007aab00000, 0x00000007c0000000, 0x00000007c0000000)
  eden space 114176K, 100% used [0x00000007aab00000,0x00000007b1a80000,0x00000007b1a80000)
  from space 116224K, 0% used [0x00000007b8c00000,0x00000007b8c00000,0x00000007bfd80000)
  to   space 116224K, 0% used [0x00000007b1a80000,0x00000007b1a80000,0x00000007b8c00000)
 ParOldGen       total 699392K, used 699100K [0x0000000780000000, 0x00000007aab00000, 0x00000007aab00000)
  object space 699392K, 99% used [0x0000000780000000,0x00000007aaab70e8,0x00000007aab00000)
 Metaspace       used 6123K, capacity 6256K, committed 6400K, reserved 1056768K
  class space    used 680K, capacity 722K, committed 768K, reserved 1048576K

Card table byte_map: [0x000000010e9c0000,0x000000010ebc1000] byte_map_base: 0x000000010adc0000

Marking Bits: (ParMarkBitMap*) 0x000000010d6555d0
 Begin Bits: [0x000000010ed17000, 0x000000010fd17000)
 End Bits:   [0x000000010fd17000, 0x0000000110d17000)

Polling page: 0x000000010dd4c000

CodeCache: size=245760Kb used=2166Kb max_used=2172Kb free=243594Kb
 bounds [0x000000011130c000, 0x000000011157c000, 0x000000012030c000]
 total_blobs=810 nmethods=518 adapters=206
 compilation: enabled

Compilation events (10 events):
Event: 1.334 Thread 0x00007f8ee8828000  514 %     4       edu.iastate.cs228.hw3.AdaptiveList::addAll @ 44 (76 bytes)
Event: 1.342 Thread 0x00007f8ee8828000 nmethod 514% 0x0000000111529050 code [0x00000001115291e0, 0x0000000111529618]
Event: 1.443 Thread 0x00007f8ee7811000  516       3       sun.misc.VM::addFinalRefCount (24 bytes)
Event: 1.443 Thread 0x00007f8ee7811000 nmethod 516 0x0000000111528cd0 code [0x0000000111528e40, 0x0000000111528ff0]
Event: 1.443 Thread 0x00007f8ee7811000  517       3       java.util.WeakHashMap::indexFor (6 bytes)
Event: 1.443 Thread 0x00007f8ee7811000 nmethod 517 0x00000001115289d0 code [0x0000000111528b20, 0x0000000111528c50]
Event: 1.443 Thread 0x00007f8ee7811000  515   !   3       java.util.zip.ZipFile$ZipFileInputStream::close (110 bytes)
Event: 1.444 Thread 0x00007f8ee7811000 nmethod 515 0x000000011152c7d0 code [0x000000011152c980, 0x000000011152d1b8]
Event: 1.444 Thread 0x00007f8ee7811000  518       3       java.lang.ref.Reference::clear (6 bytes)
Event: 1.444 Thread 0x00007f8ee7811000 nmethod 518 0x0000000111524610 code [0x0000000111524760, 0x00000001115248d0]

GC Heap History (10 events):
Event: 349.939 GC heap after
Heap after GC invocations=59 (full 45):
 PSYoungGen      total 230400K, used 114176K [0x00000007aab00000, 0x00000007c0000000, 0x00000007c0000000)
  eden space 114176K, 100% used [0x00000007aab00000,0x00000007b1a80000,0x00000007b1a80000)
  from space 116224K, 0% used [0x00000007b8c00000,0x00000007b8c00000,0x00000007bfd80000)
  to   space 116224K, 0% used [0x00000007b1a80000,0x00000007b1a80000,0x00000007b8c00000)
 ParOldGen       total 699392K, used 699090K [0x0000000780000000, 0x00000007aab00000, 0x00000007aab00000)
  object space 699392K, 99% used [0x0000000780000000,0x00000007aaab48e8,0x00000007aab00000)
 Metaspace       used 6123K, capacity 6256K, committed 6400K, reserved 1056768K
  class space    used 680K, capacity 722K, committed 768K, reserved 1048576K
}
Event: 349.942 GC heap before
{Heap before GC invocations=60 (full 46):
 PSYoungGen      total 230400K, used 114176K [0x00000007aab00000, 0x00000007c0000000, 0x00000007c0000000)
  eden space 114176K, 100% used [0x00000007aab00000,0x00000007b1a80000,0x00000007b1a80000)
  from space 116224K, 0% used [0x00000007b8c00000,0x00000007b8c00000,0x00000007bfd80000)
  to   space 116224K, 0% used [0x00000007b1a80000,0x00000007b1a80000,0x00000007b8c00000)
 ParOldGen       total 699392K, used 699092K [0x0000000780000000, 0x00000007aab00000, 0x00000007aab00000)
  object space 699392K, 99% used [0x0000000780000000,0x00000007aaab50e8,0x00000007aab00000)
 Metaspace       used 6123K, capacity 6256K, committed 6400K, reserved 1056768K
  class space    used 680K, capacity 722K, committed 768K, reserved 1048576K
Event: 366.450 GC heap after
Heap after GC invocations=60 (full 46):
 PSYoungGen      total 230400K, used 114176K [0x00000007aab00000, 0x00000007c0000000, 0x00000007c0000000)
  eden space 114176K, 100% used [0x00000007aab00000,0x00000007b1a80000,0x00000007b1a80000)
  from space 116224K, 0% used [0x00000007b8c00000,0x00000007b8c00000,0x00000007bfd80000)
  to   space 116224K, 0% used [0x00000007b1a80000,0x00000007b1a80000,0x00000007b8c00000)
 ParOldGen       total 699392K, used 699092K [0x0000000780000000, 0x00000007aab00000, 0x00000007aab00000)
  object space 699392K, 99% used [0x0000000780000000,0x00000007aaab50e8,0x00000007aab00000)
 Metaspace       used 6123K, capacity 6256K, committed 6400K, reserved 1056768K
  class space    used 680K, capacity 722K, committed 768K, reserved 1048576K
}
Event: 366.450 GC heap before
{Heap before GC invocations=61 (full 47):
 PSYoungGen      total 230400K, used 114176K [0x00000007aab00000, 0x00000007c0000000, 0x00000007c0000000)
  eden space 114176K, 100% used [0x00000007aab00000,0x00000007b1a80000,0x00000007b1a80000)
  from space 116224K, 0% used [0x00000007b8c00000,0x00000007b8c00000,0x00000007bfd80000)
  to   space 116224K, 0% used [0x00000007b1a80000,0x00000007b1a80000,0x00000007b8c00000)
 ParOldGen       total 699392K, used 699094K [0x0000000780000000, 0x00000007aab00000, 0x00000007aab00000)
  object space 699392K, 99% used [0x0000000780000000,0x00000007aaab58e8,0x00000007aab00000)
 Metaspace       used 6123K, capacity 6256K, committed 6400K, reserved 1056768K
  class space    used 680K, capacity 722K, committed 768K, reserved 1048576K
Event: 382.914 GC heap after
Heap after GC invocations=61 (full 47):
 PSYoungGen      total 230400K, used 114176K [0x00000007aab00000, 0x00000007c0000000, 0x00000007c0000000)
  eden space 114176K, 100% used [0x00000007aab00000,0x00000007b1a80000,0x00000007b1a80000)
  from space 116224K, 0% used [0x00000007b8c00000,0x00000007b8c00000,0x00000007bfd80000)
  to   space 116224K, 0% used [0x00000007b1a80000,0x00000007b1a80000,0x00000007b8c00000)
 ParOldGen       total 699392K, used 699094K [0x0000000780000000, 0x00000007aab00000, 0x00000007aab00000)
  object space 699392K, 99% used [0x0000000780000000,0x00000007aaab58e8,0x00000007aab00000)
 Metaspace       used 6123K, capacity 6256K, committed 6400K, reserved 1056768K
  class space    used 680K, capacity 722K, committed 768K, reserved 1048576K
}
Event: 382.917 GC heap before
{Heap before GC invocations=62 (full 48):
 PSYoungGen      total 230400K, used 114176K [0x00000007aab00000, 0x00000007c0000000, 0x00000007c0000000)
  eden space 114176K, 100% used [0x00000007aab00000,0x00000007b1a80000,0x00000007b1a80000)
  from space 116224K, 0% used [0x00000007b8c00000,0x00000007b8c00000,0x00000007bfd80000)
  to   space 116224K, 0% used [0x00000007b1a80000,0x00000007b1a80000,0x00000007b8c00000)
 ParOldGen       total 699392K, used 699096K [0x0000000780000000, 0x00000007aab00000, 0x00000007aab00000)
  object space 699392K, 99% used [0x0000000780000000,0x00000007aaab60e8,0x00000007aab00000)
 Metaspace       used 6123K, capacity 6256K, committed 6400K, reserved 1056768K
  class space    used 680K, capacity 722K, committed 768K, reserved 1048576K
Event: 399.400 GC heap after
Heap after GC invocations=62 (full 48):
 PSYoungGen      total 230400K, used 114176K [0x00000007aab00000, 0x00000007c0000000, 0x00000007c0000000)
  eden space 114176K, 100% used [0x00000007aab00000,0x00000007b1a80000,0x00000007b1a80000)
  from space 116224K, 0% used [0x00000007b8c00000,0x00000007b8c00000,0x00000007bfd80000)
  to   space 116224K, 0% used [0x00000007b1a80000,0x00000007b1a80000,0x00000007b8c00000)
 ParOldGen       total 699392K, used 699096K [0x0000000780000000, 0x00000007aab00000, 0x00000007aab00000)
  object space 699392K, 99% used [0x0000000780000000,0x00000007aaab60e8,0x00000007aab00000)
 Metaspace       used 6123K, capacity 6256K, committed 6400K, reserved 1056768K
  class space    used 680K, capacity 722K, committed 768K, reserved 1048576K
}
Event: 399.400 GC heap before
{Heap before GC invocations=63 (full 49):
 PSYoungGen      total 230400K, used 114176K [0x00000007aab00000, 0x00000007c0000000, 0x00000007c0000000)
  eden space 114176K, 100% used [0x00000007aab00000,0x00000007b1a80000,0x00000007b1a80000)
  from space 116224K, 0% used [0x00000007b8c00000,0x00000007b8c00000,0x00000007bfd80000)
  to   space 116224K, 0% used [0x00000007b1a80000,0x00000007b1a80000,0x00000007b8c00000)
 ParOldGen       total 699392K, used 699098K [0x0000000780000000, 0x00000007aab00000, 0x00000007aab00000)
  object space 699392K, 99% used [0x0000000780000000,0x00000007aaab68e8,0x00000007aab00000)
 Metaspace       used 6123K, capacity 6256K, committed 6400K, reserved 1056768K
  class space    used 680K, capacity 722K, committed 768K, reserved 1048576K
Event: 417.463 GC heap after
Heap after GC invocations=63 (full 49):
 PSYoungGen      total 230400K, used 114176K [0x00000007aab00000, 0x00000007c0000000, 0x00000007c0000000)
  eden space 114176K, 100% used [0x00000007aab00000,0x00000007b1a80000,0x00000007b1a80000)
  from space 116224K, 0% used [0x00000007b8c00000,0x00000007b8c00000,0x00000007bfd80000)
  to   space 116224K, 0% used [0x00000007b1a80000,0x00000007b1a80000,0x00000007b8c00000)
 ParOldGen       total 699392K, used 699098K [0x0000000780000000, 0x00000007aab00000, 0x00000007aab00000)
  object space 699392K, 99% used [0x0000000780000000,0x00000007aaab68e8,0x00000007aab00000)
 Metaspace       used 6123K, capacity 6256K, committed 6400K, reserved 1056768K
  class space    used 680K, capacity 722K, committed 768K, reserved 1048576K
}
Event: 417.463 GC heap before
{Heap before GC invocations=64 (full 50):
 PSYoungGen      total 230400K, used 114176K [0x00000007aab00000, 0x00000007c0000000, 0x00000007c0000000)
  eden space 114176K, 100% used [0x00000007aab00000,0x00000007b1a80000,0x00000007b1a80000)
  from space 116224K, 0% used [0x00000007b8c00000,0x00000007b8c00000,0x00000007bfd80000)
  to   space 116224K, 0% used [0x00000007b1a80000,0x00000007b1a80000,0x00000007b8c00000)
 ParOldGen       total 699392K, used 699100K [0x0000000780000000, 0x00000007aab00000, 0x00000007aab00000)
  object space 699392K, 99% used [0x0000000780000000,0x00000007aaab70e8,0x00000007aab00000)
 Metaspace       used 6123K, capacity 6256K, committed 6400K, reserved 1056768K
  class space    used 680K, capacity 722K, committed 768K, reserved 1048576K

Deoptimization events (0 events):
No events

Internal exceptions (10 events):
Event: 1.237 Thread 0x00007f8ee700b000 Exception <a 'java/lang/reflect/InvocationTargetException'> (0x00000007ab305be0) thrown at [/Users/java_re/workspace/8-2-build-macosx-x86_64/jdk8u141/9370/hotspot/src/share/vm/runtime/reflection.cpp, line 1092]
Event: 1.238 Thread 0x00007f8ee700b000 Exception <a 'java/lang/reflect/InvocationTargetException'> (0x00000007ab317820) thrown at [/Users/java_re/workspace/8-2-build-macosx-x86_64/jdk8u141/9370/hotspot/src/share/vm/runtime/reflection.cpp, line 1092]
Event: 1.240 Thread 0x00007f8ee700b000 Exception <a 'java/lang/reflect/InvocationTargetException'> (0x00000007ab3284d8) thrown at [/Users/java_re/workspace/8-2-build-macosx-x86_64/jdk8u141/9370/hotspot/src/share/vm/runtime/reflection.cpp, line 1092]
Event: 1.254 Thread 0x00007f8ee700b000 Exception <a 'java/lang/reflect/InvocationTargetException'> (0x00000007ab338428) thrown at [/Users/java_re/workspace/8-2-build-macosx-x86_64/jdk8u141/9370/hotspot/src/share/vm/runtime/reflection.cpp, line 1092]
Event: 1.255 Thread 0x00007f8ee700b000 Exception <a 'java/lang/reflect/InvocationTargetException'> (0x00000007ab349128) thrown at [/Users/java_re/workspace/8-2-build-macosx-x86_64/jdk8u141/9370/hotspot/src/share/vm/runtime/reflection.cpp, line 1092]
Event: 1.256 Thread 0x00007f8ee700b000 Exception <a 'java/lang/reflect/InvocationTargetException'> (0x00000007ab359258) thrown at [/Users/java_re/workspace/8-2-build-macosx-x86_64/jdk8u141/9370/hotspot/src/share/vm/runtime/reflection.cpp, line 1092]
Event: 1.257 Thread 0x00007f8ee700b000 Exception <a 'java/lang/reflect/InvocationTargetException'> (0x00000007ab369890) thrown at [/Users/java_re/workspace/8-2-build-macosx-x86_64/jdk8u141/9370/hotspot/src/share/vm/runtime/reflection.cpp, line 1092]
Event: 1.262 Thread 0x00007f8ee700b000 Exception <a 'java/lang/reflect/InvocationTargetException'> (0x00000007ab385810) thrown at [/Users/java_re/workspace/8-2-build-macosx-x86_64/jdk8u141/9370/hotspot/src/share/vm/runtime/reflection.cpp, line 1092]
Event: 1.264 Thread 0x00007f8ee700b000 Exception <a 'java/lang/reflect/InvocationTargetException'> (0x00000007ab386660) thrown at [/Users/java_re/workspace/8-2-build-macosx-x86_64/jdk8u141/9370/hotspot/src/share/vm/runtime/reflection.cpp, line 1092]
Event: 1.265 Thread 0x00007f8ee700b000 Exception <a 'java/lang/reflect/InvocationTargetException'> (0x00000007ab3873f8) thrown at [/Users/java_re/workspace/8-2-build-macosx-x86_64/jdk8u141/9370/hotspot/src/share/vm/runtime/reflection.cpp, line 1092]

Events (10 events):
Event: 349.940 Executing VM operation: ParallelGCFailedAllocation done
Event: 349.942 Executing VM operation: ParallelGCFailedAllocation
Event: 366.450 Executing VM operation: ParallelGCFailedAllocation done
Event: 366.450 Executing VM operation: ParallelGCFailedAllocation
Event: 382.915 Executing VM operation: ParallelGCFailedAllocation done
Event: 382.917 Executing VM operation: ParallelGCFailedAllocation
Event: 399.400 Executing VM operation: ParallelGCFailedAllocation done
Event: 399.400 Executing VM operation: ParallelGCFailedAllocation
Event: 417.463 Executing VM operation: ParallelGCFailedAllocation done
Event: 417.463 Executing VM operation: ParallelGCFailedAllocation


Dynamic libraries:
0x000000003ad3d000 	/System/Library/Frameworks/Cocoa.framework/Versions/A/Cocoa
0x000000003ad3d000 	/System/Library/Frameworks/Security.framework/Versions/A/Security
0x000000003ad3d000 	/System/Library/Frameworks/ApplicationServices.framework/Versions/A/ApplicationServices
0x000000003ad3d000 	/usr/lib/libz.1.dylib
0x000000003ad3d000 	/usr/lib/libSystem.B.dylib
0x000000003ad3d000 	/usr/lib/libobjc.A.dylib
0x000000003ad3d000 	/System/Library/Frameworks/CoreFoundation.framework/Versions/A/CoreFoundation
0x000000003ad3d000 	/System/Library/Frameworks/Foundation.framework/Versions/C/Foundation
0x000000003ad3d000 	/System/Library/Frameworks/AppKit.framework/Versions/C/AppKit
0x000000003ad3d000 	/System/Library/Frameworks/CoreData.framework/Versions/A/CoreData
0x000000003ad3d000 	/System/Library/PrivateFrameworks/RemoteViewServices.framework/Versions/A/RemoteViewServices
0x000000003ad3d000 	/System/Library/PrivateFrameworks/UIFoundation.framework/Versions/A/UIFoundation
0x000000003ad3d000 	/System/Library/PrivateFrameworks/DFRFoundation.framework/Versions/A/DFRFoundation
0x000000003ad3d000 	/usr/lib/libenergytrace.dylib
0x000000003ad3d000 	/System/Library/PrivateFrameworks/SkyLight.framework/Versions/A/SkyLight
0x000000003ad3d000 	/System/Library/Frameworks/CoreGraphics.framework/Versions/A/CoreGraphics
0x000000003ad3d000 	/usr/lib/libScreenReader.dylib
0x000000003ad3d000 	/System/Library/Frameworks/Accelerate.framework/Versions/A/Accelerate
0x000000003ad3d000 	/System/Library/Frameworks/IOSurface.framework/Versions/A/IOSurface
0x000000003ad3d000 	/System/Library/Frameworks/AudioToolbox.framework/Versions/A/AudioToolbox
0x000000003ad3d000 	/System/Library/Frameworks/AudioUnit.framework/Versions/A/AudioUnit
0x000000003ad3d000 	/System/Library/PrivateFrameworks/DataDetectorsCore.framework/Versions/A/DataDetectorsCore
0x000000003ad3d000 	/System/Library/PrivateFrameworks/DesktopServicesPriv.framework/Versions/A/DesktopServicesPriv
0x000000003ad3d000 	/System/Library/Frameworks/Carbon.framework/Versions/A/Frameworks/HIToolbox.framework/Versions/A/HIToolbox
0x000000003ad3d000 	/usr/lib/libicucore.A.dylib
0x000000003ad3d000 	/System/Library/Frameworks/QuartzCore.framework/Versions/A/QuartzCore
0x000000003ad3d000 	/System/Library/Frameworks/Carbon.framework/Versions/A/Frameworks/SpeechRecognition.framework/Versions/A/SpeechRecognition
0x000000003ad3d000 	/usr/lib/libauto.dylib
0x000000003ad3d000 	/usr/lib/libxml2.2.dylib
0x000000003ad3d000 	/System/Library/PrivateFrameworks/CoreUI.framework/Versions/A/CoreUI
0x000000003ad3d000 	/System/Library/Frameworks/CoreAudio.framework/Versions/A/CoreAudio
0x000000003ad3d000 	/System/Library/Frameworks/DiskArbitration.framework/Versions/A/DiskArbitration
0x000000003ad3d000 	/usr/lib/liblangid.dylib
0x000000003ad3d000 	/System/Library/PrivateFrameworks/MultitouchSupport.framework/Versions/A/MultitouchSupport
0x000000003ad3d000 	/System/Library/Frameworks/IOKit.framework/Versions/A/IOKit
0x000000003ad3d000 	/usr/lib/libDiagnosticMessagesClient.dylib
0x000000003ad3d000 	/System/Library/Frameworks/CoreServices.framework/Versions/A/CoreServices
0x000000003ad3d000 	/System/Library/PrivateFrameworks/PerformanceAnalysis.framework/Versions/A/PerformanceAnalysis
0x000000003ad3d000 	/System/Library/PrivateFrameworks/GenerationalStorage.framework/Versions/A/GenerationalStorage
0x000000003ad3d000 	/System/Library/Frameworks/OpenGL.framework/Versions/A/OpenGL
0x000000003ad3d000 	/System/Library/Frameworks/CoreImage.framework/Versions/A/CoreImage
0x000000003ad3d000 	/System/Library/Frameworks/CoreText.framework/Versions/A/CoreText
0x000000003ad3d000 	/System/Library/Frameworks/ImageIO.framework/Versions/A/ImageIO
0x000000003ad3d000 	/System/Library/PrivateFrameworks/Backup.framework/Versions/A/Backup
0x000000003ad3d000 	/usr/lib/libarchive.2.dylib
0x000000003ad3d000 	/System/Library/Frameworks/CFNetwork.framework/Versions/A/CFNetwork
0x000000003ad3d000 	/System/Library/Frameworks/SystemConfiguration.framework/Versions/A/SystemConfiguration
0x000000003ad3d000 	/usr/lib/libCRFSuite.dylib
0x000000003ad3d000 	/usr/lib/libc++.1.dylib
0x000000003ad3d000 	/usr/lib/libc++abi.dylib
0x000000003ad3d000 	/usr/lib/system/libcache.dylib
0x000000003ad3d000 	/usr/lib/system/libcommonCrypto.dylib
0x000000003ad3d000 	/usr/lib/system/libcompiler_rt.dylib
0x000000003ad3d000 	/usr/lib/system/libcopyfile.dylib
0x000000003ad3d000 	/usr/lib/system/libcorecrypto.dylib
0x000000003ad3d000 	/usr/lib/system/libdispatch.dylib
0x000000003ad3d000 	/usr/lib/system/libdyld.dylib
0x000000003ad3d000 	/usr/lib/system/libkeymgr.dylib
0x000000003ad3d000 	/usr/lib/system/liblaunch.dylib
0x000000003ad3d000 	/usr/lib/system/libmacho.dylib
0x000000003ad3d000 	/usr/lib/system/libquarantine.dylib
0x000000003ad3d000 	/usr/lib/system/libremovefile.dylib
0x000000003ad3d000 	/usr/lib/system/libsystem_asl.dylib
0x000000003ad3d000 	/usr/lib/system/libsystem_blocks.dylib
0x000000003ad3d000 	/usr/lib/system/libsystem_c.dylib
0x000000003ad3d000 	/usr/lib/system/libsystem_configuration.dylib
0x000000003ad3d000 	/usr/lib/system/libsystem_coreservices.dylib
0x000000003ad3d000 	/usr/lib/system/libsystem_coretls.dylib
0x000000003ad3d000 	/usr/lib/system/libsystem_dnssd.dylib
0x000000003ad3d000 	/usr/lib/system/libsystem_info.dylib
0x000000003ad3d000 	/usr/lib/system/libsystem_kernel.dylib
0x000000003ad3d000 	/usr/lib/system/libsystem_m.dylib
0x000000003ad3d000 	/usr/lib/system/libsystem_malloc.dylib
0x000000003ad3d000 	/usr/lib/system/libsystem_network.dylib
0x000000003ad3d000 	/usr/lib/system/libsystem_networkextension.dylib
0x000000003ad3d000 	/usr/lib/system/libsystem_notify.dylib
0x000000003ad3d000 	/usr/lib/system/libsystem_platform.dylib
0x000000003ad3d000 	/usr/lib/system/libsystem_pthread.dylib
0x000000003ad3d000 	/usr/lib/system/libsystem_sandbox.dylib
0x000000003ad3d000 	/usr/lib/system/libsystem_secinit.dylib
0x000000003ad3d000 	/usr/lib/system/libsystem_symptoms.dylib
0x000000003ad3d000 	/usr/lib/system/libsystem_trace.dylib
0x000000003ad3d000 	/usr/lib/system/libunwind.dylib
0x000000003ad3d000 	/usr/lib/system/libxpc.dylib
0x000000003ad3d000 	/usr/lib/libbsm.0.dylib
0x000000003ad3d000 	/usr/lib/system/libkxld.dylib
0x000000003ad3d000 	/usr/lib/libcoretls.dylib
0x000000003ad3d000 	/usr/lib/libcoretls_cfhelpers.dylib
0x000000003ad3d000 	/usr/lib/libOpenScriptingUtil.dylib
0x000000003ad3d000 	/usr/lib/libpam.2.dylib
0x000000003ad3d000 	/usr/lib/libsqlite3.dylib
0x000000003ad3d000 	/usr/lib/libxar.1.dylib
0x000000003ad3d000 	/usr/lib/libbz2.1.0.dylib
0x000000003ad3d000 	/usr/lib/liblzma.5.dylib
0x000000003ad3d000 	/usr/lib/libnetwork.dylib
0x000000003ad3d000 	/usr/lib/libpcap.A.dylib
0x000000003ad3d000 	/System/Library/Frameworks/CoreServices.framework/Versions/A/Frameworks/FSEvents.framework/Versions/A/FSEvents
0x000000003ad3d000 	/System/Library/Frameworks/CoreServices.framework/Versions/A/Frameworks/CarbonCore.framework/Versions/A/CarbonCore
0x000000003ad3d000 	/System/Library/Frameworks/CoreServices.framework/Versions/A/Frameworks/Metadata.framework/Versions/A/Metadata
0x000000003ad3d000 	/System/Library/Frameworks/CoreServices.framework/Versions/A/Frameworks/OSServices.framework/Versions/A/OSServices
0x000000003ad3d000 	/System/Library/Frameworks/CoreServices.framework/Versions/A/Frameworks/SearchKit.framework/Versions/A/SearchKit
0x000000003ad3d000 	/System/Library/Frameworks/CoreServices.framework/Versions/A/Frameworks/AE.framework/Versions/A/AE
0x000000003ad3d000 	/System/Library/Frameworks/CoreServices.framework/Versions/A/Frameworks/LaunchServices.framework/Versions/A/LaunchServices
0x000000003ad3d000 	/System/Library/Frameworks/CoreServices.framework/Versions/A/Frameworks/DictionaryServices.framework/Versions/A/DictionaryServices
0x000000003ad3d000 	/System/Library/Frameworks/CoreServices.framework/Versions/A/Frameworks/SharedFileList.framework/Versions/A/SharedFileList
0x000000003ad3d000 	/System/Library/Frameworks/NetFS.framework/Versions/A/NetFS
0x000000003ad3d000 	/System/Library/PrivateFrameworks/NetAuth.framework/Versions/A/NetAuth
0x000000003ad3d000 	/System/Library/PrivateFrameworks/login.framework/Versions/A/Frameworks/loginsupport.framework/Versions/A/loginsupport
0x000000003ad3d000 	/System/Library/PrivateFrameworks/TCC.framework/Versions/A/TCC
0x000000003ad3d000 	/usr/lib/libmecabra.dylib
0x000000003ad3d000 	/System/Library/Frameworks/ApplicationServices.framework/Versions/A/Frameworks/ATS.framework/Versions/A/ATS
0x000000003ad3d000 	/System/Library/Frameworks/ApplicationServices.framework/Versions/A/Frameworks/ColorSync.framework/Versions/A/ColorSync
0x000000003ad3d000 	/System/Library/Frameworks/ApplicationServices.framework/Versions/A/Frameworks/HIServices.framework/Versions/A/HIServices
0x000000003ad3d000 	/System/Library/Frameworks/ApplicationServices.framework/Versions/A/Frameworks/LangAnalysis.framework/Versions/A/LangAnalysis
0x000000003ad3d000 	/System/Library/Frameworks/ApplicationServices.framework/Versions/A/Frameworks/PrintCore.framework/Versions/A/PrintCore
0x000000003ad3d000 	/System/Library/Frameworks/ApplicationServices.framework/Versions/A/Frameworks/QD.framework/Versions/A/QD
0x000000003ad3d000 	/System/Library/Frameworks/ApplicationServices.framework/Versions/A/Frameworks/SpeechSynthesis.framework/Versions/A/SpeechSynthesis
0x000000003ad3d000 	/System/Library/Frameworks/Accelerate.framework/Versions/A/Frameworks/vImage.framework/Versions/A/vImage
0x000000003ad3d000 	/System/Library/Frameworks/Accelerate.framework/Versions/A/Frameworks/vecLib.framework/Versions/A/vecLib
0x000000003ad3d000 	/System/Library/Frameworks/Accelerate.framework/Versions/A/Frameworks/vecLib.framework/Versions/A/libvDSP.dylib
0x000000003ad3d000 	/System/Library/Frameworks/Accelerate.framework/Versions/A/Frameworks/vecLib.framework/Versions/A/libBNNS.dylib
0x000000003ad3d000 	/System/Library/Frameworks/Accelerate.framework/Versions/A/Frameworks/vecLib.framework/Versions/A/libQuadrature.dylib
0x000000003ad3d000 	/System/Library/Frameworks/Accelerate.framework/Versions/A/Frameworks/vecLib.framework/Versions/A/libvMisc.dylib
0x000000003ad3d000 	/System/Library/Frameworks/Accelerate.framework/Versions/A/Frameworks/vecLib.framework/Versions/A/libLAPACK.dylib
0x000000003ad3d000 	/System/Library/Frameworks/Accelerate.framework/Versions/A/Frameworks/vecLib.framework/Versions/A/libBLAS.dylib
0x000000003ad3d000 	/System/Library/Frameworks/Accelerate.framework/Versions/A/Frameworks/vecLib.framework/Versions/A/libLinearAlgebra.dylib
0x000000003ad3d000 	/System/Library/Frameworks/Accelerate.framework/Versions/A/Frameworks/vecLib.framework/Versions/A/libSparseBLAS.dylib
0x000000003ad3d000 	/System/Library/Frameworks/ApplicationServices.framework/Versions/A/Frameworks/ATS.framework/Versions/A/Resources/libFontParser.dylib
0x000000003ad3d000 	/System/Library/Frameworks/ApplicationServices.framework/Versions/A/Frameworks/ATS.framework/Versions/A/Resources/libFontRegistry.dylib
0x000000003ad3d000 	/System/Library/Frameworks/ImageIO.framework/Versions/A/Resources/libJPEG.dylib
0x000000003ad3d000 	/System/Library/Frameworks/ImageIO.framework/Versions/A/Resources/libTIFF.dylib
0x000000003ad3d000 	/System/Library/Frameworks/ImageIO.framework/Versions/A/Resources/libPng.dylib
0x000000003ad3d000 	/System/Library/Frameworks/ImageIO.framework/Versions/A/Resources/libGIF.dylib
0x000000003ad3d000 	/System/Library/Frameworks/ImageIO.framework/Versions/A/Resources/libJP2.dylib
0x000000003ad3d000 	/System/Library/Frameworks/ImageIO.framework/Versions/A/Resources/libRadiance.dylib
0x000000003ad3d000 	/usr/lib/libcompression.dylib
0x000000003ad3d000 	/System/Library/PrivateFrameworks/AppleJPEG.framework/Versions/A/AppleJPEG
0x000000003ad3d000 	/usr/lib/libcups.2.dylib
0x000000003ad3d000 	/System/Library/Frameworks/Kerberos.framework/Versions/A/Kerberos
0x000000003ad3d000 	/System/Library/Frameworks/GSS.framework/Versions/A/GSS
0x000000003ad3d000 	/usr/lib/libresolv.9.dylib
0x000000003ad3d000 	/usr/lib/libiconv.2.dylib
0x000000003ad3d000 	/System/Library/PrivateFrameworks/Heimdal.framework/Versions/A/Heimdal
0x000000003ad3d000 	/usr/lib/libheimdal-asn1.dylib
0x000000003ad3d000 	/System/Library/Frameworks/OpenDirectory.framework/Versions/A/OpenDirectory
0x000000003ad3d000 	/System/Library/PrivateFrameworks/CommonAuth.framework/Versions/A/CommonAuth
0x000000003ad3d000 	/System/Library/Frameworks/OpenDirectory.framework/Versions/A/Frameworks/CFOpenDirectory.framework/Versions/A/CFOpenDirectory
0x000000003ad3d000 	/System/Library/Frameworks/SecurityFoundation.framework/Versions/A/SecurityFoundation
0x000000003ad3d000 	/System/Library/PrivateFrameworks/LanguageModeling.framework/Versions/A/LanguageModeling
0x000000003ad3d000 	/usr/lib/libmarisa.dylib
0x000000003ad3d000 	/usr/lib/libChineseTokenizer.dylib
0x000000003ad3d000 	/usr/lib/libcmph.dylib
0x000000003ad3d000 	/System/Library/PrivateFrameworks/CoreEmoji.framework/Versions/A/CoreEmoji
0x000000003ad3d000 	/System/Library/Frameworks/ServiceManagement.framework/Versions/A/ServiceManagement
0x000000003ad3d000 	/usr/lib/libxslt.1.dylib
0x000000003ad3d000 	/System/Library/Frameworks/Carbon.framework/Versions/A/Frameworks/Ink.framework/Versions/A/Ink
0x000000003ad3d000 	/System/Library/PrivateFrameworks/TextureIO.framework/Versions/A/TextureIO
0x000000003ad3d000 	/System/Library/Frameworks/Metal.framework/Versions/A/Metal
0x000000003ad3d000 	/usr/lib/libate.dylib
0x000000003ad3d000 	/System/Library/PrivateFrameworks/GPUCompiler.framework/libmetal_timestamp.dylib
0x000000003ad3d000 	/System/Library/Frameworks/OpenGL.framework/Versions/A/Libraries/libCoreFSCache.dylib
0x000000003ad3d000 	/System/Library/PrivateFrameworks/IOAccelerator.framework/Versions/A/IOAccelerator
0x000000003ad3d000 	/System/Library/Frameworks/CoreVideo.framework/Versions/A/CoreVideo
0x000000003ad3d000 	/usr/lib/libFosl_dynamic.dylib
0x000000003ad3d000 	/System/Library/PrivateFrameworks/MetalPerformanceShaders.framework/Versions/A/MetalPerformanceShaders
0x000000003ad3d000 	/System/Library/PrivateFrameworks/FaceCore.framework/Versions/A/FaceCore
0x000000003ad3d000 	/System/Library/Frameworks/OpenCL.framework/Versions/A/OpenCL
0x000000003ad3d000 	/System/Library/Frameworks/OpenGL.framework/Versions/A/Libraries/libGLU.dylib
0x000000003ad3d000 	/System/Library/Frameworks/OpenGL.framework/Versions/A/Libraries/libGFXShared.dylib
0x000000003ad3d000 	/System/Library/Frameworks/OpenGL.framework/Versions/A/Libraries/libGL.dylib
0x000000003ad3d000 	/System/Library/Frameworks/OpenGL.framework/Versions/A/Libraries/libGLImage.dylib
0x000000003ad3d000 	/System/Library/Frameworks/OpenGL.framework/Versions/A/Libraries/libCVMSPluginSupport.dylib
0x000000003ad3d000 	/System/Library/Frameworks/OpenGL.framework/Versions/A/Libraries/libCoreVMClient.dylib
0x000000003ad3d000 	/System/Library/PrivateFrameworks/CrashReporterSupport.framework/Versions/A/CrashReporterSupport
0x000000003ad3d000 	/System/Library/PrivateFrameworks/Sharing.framework/Versions/A/Sharing
0x000000003ad3d000 	/System/Library/PrivateFrameworks/IconServices.framework/Versions/A/IconServices
0x000000003ad3d000 	/System/Library/PrivateFrameworks/ProtocolBuffer.framework/Versions/A/ProtocolBuffer
0x000000003ad3d000 	/System/Library/PrivateFrameworks/Apple80211.framework/Versions/A/Apple80211
0x000000003ad3d000 	/System/Library/Frameworks/CoreWLAN.framework/Versions/A/CoreWLAN
0x000000003ad3d000 	/System/Library/PrivateFrameworks/CoreUtils.framework/Versions/A/CoreUtils
0x000000003ad3d000 	/System/Library/Frameworks/IOBluetooth.framework/Versions/A/IOBluetooth
0x000000003ad3d000 	/System/Library/PrivateFrameworks/CoreWiFi.framework/Versions/A/CoreWiFi
0x000000003ad3d000 	/System/Library/Frameworks/CoreBluetooth.framework/Versions/A/CoreBluetooth
0x000000003ad3d000 	/System/Library/Frameworks/CoreDisplay.framework/Versions/A/CoreDisplay
0x000000003ad3d000 	/System/Library/PrivateFrameworks/IOPresentment.framework/Versions/A/IOPresentment
0x000000003ad3d000 	/System/Library/PrivateFrameworks/DSExternalDisplay.framework/Versions/A/DSExternalDisplay
0x000000003ad3d000 	/System/Library/PrivateFrameworks/DebugSymbols.framework/Versions/A/DebugSymbols
0x000000003ad3d000 	/System/Library/PrivateFrameworks/CoreSymbolication.framework/Versions/A/CoreSymbolication
0x000000003ad3d000 	/System/Library/PrivateFrameworks/Symbolication.framework/Versions/A/Symbolication
0x000000003ad3d000 	/System/Library/PrivateFrameworks/AppleFSCompression.framework/Versions/A/AppleFSCompression
0x000000003ad3d000 	/System/Library/PrivateFrameworks/SpeechRecognitionCore.framework/Versions/A/SpeechRecognitionCore
0x000000003ad3d000 	/System/Library/PrivateFrameworks/ChunkingLibrary.framework/Versions/A/ChunkingLibrary
0x000000010cd62000 	/Library/Java/JavaVirtualMachines/jdk1.8.0_141.jdk/Contents/Home/jre/lib/server/libjvm.dylib
0x000000003ad3d000 	/usr/lib/libstdc++.6.dylib
0x000000010dd09000 	/Library/Java/JavaVirtualMachines/jdk1.8.0_141.jdk/Contents/Home/jre/lib/libverify.dylib
0x000000010dd17000 	/Library/Java/JavaVirtualMachines/jdk1.8.0_141.jdk/Contents/Home/jre/lib/libjava.dylib
0x000000010dd56000 	/Library/Java/JavaVirtualMachines/jdk1.8.0_141.jdk/Contents/Home/jre/lib/libzip.dylib
0x0000000111264000 	/System/Library/Frameworks/JavaVM.framework/Frameworks/JavaRuntimeSupport.framework/JavaRuntimeSupport
0x0000000121a0c000 	/System/Library/Frameworks/JavaVM.framework/Versions/A/Frameworks/JavaNativeFoundation.framework/Versions/A/JavaNativeFoundation
0x0000000121a21000 	/System/Library/Frameworks/JavaVM.framework/Versions/A/JavaVM
0x000000003ad3d000 	/System/Library/Frameworks/Carbon.framework/Versions/A/Carbon
0x0000000121a2e000 	/System/Library/PrivateFrameworks/JavaLaunching.framework/Versions/A/JavaLaunching
0x000000003ad3d000 	/System/Library/Frameworks/Carbon.framework/Versions/A/Frameworks/CommonPanels.framework/Versions/A/CommonPanels
0x000000003ad3d000 	/System/Library/Frameworks/Carbon.framework/Versions/A/Frameworks/Help.framework/Versions/A/Help
0x000000003ad3d000 	/System/Library/Frameworks/Carbon.framework/Versions/A/Frameworks/ImageCapture.framework/Versions/A/ImageCapture
0x000000003ad3d000 	/System/Library/Frameworks/Carbon.framework/Versions/A/Frameworks/OpenScripting.framework/Versions/A/OpenScripting
0x000000003ad3d000 	/System/Library/Frameworks/Carbon.framework/Versions/A/Frameworks/Print.framework/Versions/A/Print
0x000000003ad3d000 	/System/Library/Frameworks/Carbon.framework/Versions/A/Frameworks/SecurityHI.framework/Versions/A/SecurityHI
0x000000012333d000 	/Library/Java/JavaVirtualMachines/jdk1.8.0_141.jdk/Contents/Home/jre/lib/libnet.dylib

VM Arguments:
jvm_args: -ea -Dfile.encoding=UTF-8 
java_command: org.eclipse.jdt.internal.junit.runner.RemoteTestRunner -version 3 -port 56245 -testLoaderClass org.eclipse.jdt.internal.junit4.runner.JUnit4TestLoader -loaderpluginname org.eclipse.jdt.junit4.runtime -testNameFile /var/folders/_6/pnwx7gh95jn08455tff4vj400000gn/T/testNames5134381798895451855.txt
java_class_path (initial): /Users/ruski/Documents/coms228/Project3/bin:/Applications/Eclipse.app/Contents/Eclipse/plugins/org.junit_4.12.0.v201504281640/junit.jar:/Applications/Eclipse.app/Contents/Eclipse/plugins/org.hamcrest.core_1.3.0.v201303031735.jar:/Applications/Eclipse.app/Contents/Eclipse/configuration/org.eclipse.osgi/223/0/.cp:/Applications/Eclipse.app/Contents/Eclipse/configuration/org.eclipse.osgi/222/0/.cp
Launcher Type: SUN_STANDARD

Environment Variables:
PATH=/usr/bin:/bin:/usr/sbin:/sbin
SHELL=/bin/bash

Signal Handlers:
SIGSEGV: [libjvm.dylib+0x5b26e5], sa_mask[0]=11111111011111110111111111111111, sa_flags=SA_ONSTACK|SA_RESTART|SA_SIGINFO
SIGBUS: [libjvm.dylib+0x5b26e5], sa_mask[0]=11111111011111110111111111111111, sa_flags=SA_RESTART|SA_SIGINFO
SIGFPE: [libjvm.dylib+0x489100], sa_mask[0]=11111111011111110111111111111111, sa_flags=SA_RESTART|SA_SIGINFO
SIGPIPE: [libjvm.dylib+0x489100], sa_mask[0]=11111111011111110111111111111111, sa_flags=SA_RESTART|SA_SIGINFO
SIGXFSZ: [libjvm.dylib+0x489100], sa_mask[0]=11111111011111110111111111111111, sa_flags=SA_RESTART|SA_SIGINFO
SIGILL: [libjvm.dylib+0x489100], sa_mask[0]=11111111011111110111111111111111, sa_flags=SA_RESTART|SA_SIGINFO
SIGUSR1: SIG_DFL, sa_mask[0]=00000000000000000000000000000000, sa_flags=none
SIGUSR2: [libjvm.dylib+0x488c1e], sa_mask[0]=00100000000000000000000000000000, sa_flags=SA_RESTART|SA_SIGINFO
SIGHUP: [libjvm.dylib+0x4871f5], sa_mask[0]=11111111011111110111111111111111, sa_flags=SA_RESTART|SA_SIGINFO
SIGINT: [libjvm.dylib+0x4871f5], sa_mask[0]=11111111011111110111111111111111, sa_flags=SA_RESTART|SA_SIGINFO
SIGTERM: [libjvm.dylib+0x4871f5], sa_mask[0]=11111111011111110111111111111111, sa_flags=SA_RESTART|SA_SIGINFO
SIGQUIT: [libjvm.dylib+0x4871f5], sa_mask[0]=11111111011111110111111111111111, sa_flags=SA_RESTART|SA_SIGINFO


---------------  S Y S T E M  ---------------

OS:Bsduname:Darwin 16.7.0 Darwin Kernel Version 16.7.0: Thu Jun 15 17:36:27 PDT 2017; root:xnu-3789.70.16~2/RELEASE_X86_64 x86_64
rlimit: STACK 8192k, CORE 0k, NPROC 709, NOFILE 10240, AS infinity
load average:29.28 19.66 12.20

CPU:total 4 (initial active 4) (2 cores per cpu, 2 threads per core) family 6 model 61 stepping 4, cmov, cx8, fxsr, mmx, sse, sse2, sse3, ssse3, sse4.1, sse4.2, popcnt, avx, avx2, aes, clmul, erms, 3dnowpref, lzcnt, ht, tsc, tscinvbit, bmi1, bmi2, adx

Memory: 4k page, physical 4194304k(15928k free)

/proc/meminfo:


vm_info: Java HotSpot(TM) 64-Bit Server VM (25.141-b15) for bsd-amd64 JRE (1.8.0_141-b15), built on Jul 12 2017 04:35:23 by "java_re" with gcc 4.2.1 (Based on Apple Inc. build 5658) (LLVM build 2336.11.00)

time: Wed Oct 25 16:11:42 2017
elapsed time: 421 seconds (0d 0h 7m 1s)

