#
# A fatal error has been detected by the Java Runtime Environment:
#
#  SIGSEGV (0xb) at pc=0x0000000106cc3b4a, pid=870, tid=0x0000000000002b03
#
# JRE version: Java(TM) SE Runtime Environment (8.0_141-b15) (build 1.8.0_141-b15)
# Java VM: Java HotSpot(TM) 64-Bit Server VM (25.141-b15 mixed mode bsd-amd64 compressed oops)
# Problematic frame:
# V  [libjvm.dylib+0x2c3b4a]
#
# Failed to write core dump. Core dumps have been disabled. To enable core dumping, try "ulimit -c unlimited" before starting Java again
#
# If you would like to submit a bug report, please visit:
#   http://bugreport.java.com/bugreport/crash.jsp
#

---------------  T H R E A D  ---------------

Current thread (0x00007ff61f006800):  GCTaskThread [stack: 0x00007000059c3000,0x0000700005ac3000] [id=11011]

siginfo: si_signo: 11 (SIGSEGV), si_code: 0 (unknown), si_addr: 0x0000000000000000

Registers:
RAX=0x00000001080f3000, RBX=0x00007ff61d60e610, RCX=0x03ffffffe2000000, RDX=0x1fffffff10000004
RSP=0x0000700005ac2c50, RBP=0x0000700005ac2c70, RSI=0x00000007a2f70050, RDI=0x00007ff61d60e610
R8 =0x0000000000000401, R9 =0x0000000000009a30, R10=0x0000000000000001, R11=0x0000000000000100
R12=0x00000007a2f70050, R13=0x00000007a2f7005c, R14=0x0000000000000020, R15=0x00000007c00a6518
RIP=0x0000000106cc3b4a, EFLAGS=0x0000000000010206, ERR=0x0000000000000000
  TRAPNO=0x000000000000000d

Top of Stack: (sp=0x0000700005ac2c50)
0x0000700005ac2c50:   00007ff61d609228 00007ff61d60e610
0x0000700005ac2c60:   00000007c00a6510 00000007c00a6518
0x0000700005ac2c70:   0000700005ac2cc0 0000000106cc0551
0x0000700005ac2c80:   00007ff61d60e610 00000007a2f70040
0x0000700005ac2c90:   00000007818d62e0 00007ff61d60e610
0x0000700005ac2ca0:   00000007a2f70040 000000010723fb20
0x0000700005ac2cb0:   00007ff61d60e618 000000010723fb20
0x0000700005ac2cc0:   0000700005ac2d50 0000000106ebd1cc
0x0000700005ac2cd0:   0000700005ac2d00 00007ff61d60e650
0x0000700005ac2ce0:   00007ff61d60e698 00007ff61d60e6d0
0x0000700005ac2cf0:   00000007c0090690 00000007c0090698
0x0000700005ac2d00:   00000007a2f70040 0000000106cc0551
0x0000700005ac2d10:   0000700005ac2d50 00000007818bbc18
0x0000700005ac2d20:   13a8b54e0000129f 0000000000000003
0x0000700005ac2d30:   0000700005ac2d80 000000010723fb20
0x0000700005ac2d40:   00007ff61d60e610 0000700005ac2d6c
0x0000700005ac2d50:   0000700005ac2db0 0000000106eaf9db
0x0000700005ac2d60:   00007ff61d8be410 674d635406c76d57
0x0000700005ac2d70:   0000000000000000 0000000000000000
0x0000700005ac2d80:   00000007818bbc18 00007ff61f006800
0x0000700005ac2d90:   0000000000000000 0000000107013b3e
0x0000700005ac2da0:   00007ff61d8be410 0000000000000001
0x0000700005ac2db0:   0000700005ac2e90 0000000106c772cf
0x0000700005ac2dc0:   0000700005ac2df0 00007ff61d608690
0x0000700005ac2dd0:   00007ff61d6086c0 00007ff61d6086d0
0x0000700005ac2de0:   00007ff61d608aa8 00000000000003d8
0x0000700005ac2df0:   00007ff61f006800 00007ff61d608ab0
0x0000700005ac2e00:   00007ff61d608af0 00007ff61d608b00
0x0000700005ac2e10:   00007ff61d608bd8 00000000000000d8
0x0000700005ac2e20:   0000700005ac2e30 0000000000000000
0x0000700005ac2e30:   00007ff61f006800 00007ff61d608ab0
0x0000700005ac2e40:   00007ff61d608af0 00007ff61d608b00 

Instructions: (pc=0x0000000106cc3b4a)
0x0000000106cc3b2a:   10 48 c1 ea 03 48 8d 0d 52 07 56 00 8a 09 48 d3
0x0000000106cc3b3a:   ea 48 89 d1 48 83 e1 c0 48 c1 e9 03 48 8b 40 30
0x0000000106cc3b4a:   48 8b 04 08 48 0f a3 d0 72 5d 4c 89 f7 e8 c0 64
0x0000000106cc3b5a:   ee ff 4c 63 f8 48 8d 3d 6a fa 62 00 4c 89 f6 4c 

Register to memory mapping:

RAX=0x00000001080f3000 is an unknown value
RBX=0x00007ff61d60e610 is an unknown value
RCX=0x03ffffffe2000000 is an unknown value
RDX=0x1fffffff10000004 is an unknown value
RSP=0x0000700005ac2c50 is an unknown value
RBP=0x0000700005ac2c70 is an unknown value
RSI=0x00000007a2f70050 is pointing into object: 0x00000007a2f70040
edu.iastate.cs228.hw3.AdaptiveList$ListNode 
 - klass: 'edu/iastate/cs228/hw3/AdaptiveList$ListNode'
RDI=0x00007ff61d60e610 is an unknown value
R8 =0x0000000000000401 is an unknown value
R9 =0x0000000000009a30 is an unknown value
R10=0x0000000000000001 is an unknown value
R11=0x0000000000000100 is an unknown value
R12=0x00000007a2f70050 is pointing into object: 0x00000007a2f70040
edu.iastate.cs228.hw3.AdaptiveList$ListNode 
 - klass: 'edu/iastate/cs228/hw3/AdaptiveList$ListNode'
R13=0x00000007a2f7005c is pointing into object: 0x00000007a2f70040
edu.iastate.cs228.hw3.AdaptiveList$ListNode 
 - klass: 'edu/iastate/cs228/hw3/AdaptiveList$ListNode'
R14=0x0000000000000020 is an unknown value
R15=0x00000007c00a6518 is pointing into metadata


Stack: [0x00007000059c3000,0x0000700005ac3000],  sp=0x0000700005ac2c50,  free space=1023k
Native frames: (J=compiled Java code, j=interpreted, Vv=VM code, C=native code)
V  [libjvm.dylib+0x2c3b4a]
V  [libjvm.dylib+0x2c0551]
V  [libjvm.dylib+0x4bd1cc]
V  [libjvm.dylib+0x4af9db]
V  [libjvm.dylib+0x2772cf]
V  [libjvm.dylib+0x48baee]
C  [libsystem_pthread.dylib+0x393b]  _pthread_body+0xb4
C  [libsystem_pthread.dylib+0x3887]  _pthread_body+0x0
C  [libsystem_pthread.dylib+0x308d]  thread_start+0xd


---------------  P R O C E S S  ---------------

Java Threads: ( => current thread )
  0x00007ff61d848800 JavaThread "ReaderThread" [_thread_blocked, id=19715, stack(0x00007000063e1000,0x00007000064e1000)]
  0x00007ff61e819000 JavaThread "Service Thread" daemon [_thread_blocked, id=18691, stack(0x00007000061db000,0x00007000062db000)]
  0x00007ff61e009800 JavaThread "C1 CompilerThread2" daemon [_thread_blocked, id=18179, stack(0x00007000060d8000,0x00007000061d8000)]
  0x00007ff61e818000 JavaThread "C2 CompilerThread1" daemon [_thread_blocked, id=17667, stack(0x0000700005fd5000,0x00007000060d5000)]
  0x00007ff61d83b000 JavaThread "C2 CompilerThread0" daemon [_thread_blocked, id=17155, stack(0x0000700005ed2000,0x0000700005fd2000)]
  0x00007ff61d848000 JavaThread "Signal Dispatcher" daemon [_thread_blocked, id=16643, stack(0x0000700005dcf000,0x0000700005ecf000)]
  0x00007ff61e802800 JavaThread "Finalizer" daemon [_thread_blocked, id=12547, stack(0x0000700005ccc000,0x0000700005dcc000)]
  0x00007ff61e002800 JavaThread "Reference Handler" daemon [_thread_blocked, id=12035, stack(0x0000700005bc9000,0x0000700005cc9000)]
  0x00007ff61e804800 JavaThread "main" [_thread_blocked, id=7171, stack(0x00007000055b7000,0x00007000056b7000)]

Other Threads:
  0x00007ff61f016000 VMThread [stack: 0x0000700005ac6000,0x0000700005bc6000] [id=11523]
  0x00007ff61e830800 WatcherThread [stack: 0x00007000062de000,0x00007000063de000] [id=19203]

=>0x00007ff61f006800 (exited) GCTaskThread [stack: 0x00007000059c3000,0x0000700005ac3000] [id=11011]

VM state:at safepoint (normal execution)

VM Mutex/Monitor currently owned by a thread:  ([mutex/lock_event])
[0x00007ff61d401790] Threads_lock - owner thread: 0x00007ff61f016000
[0x00007ff61d401c90] Heap_lock - owner thread: 0x00007ff61e804800

Heap:
 PSYoungGen      total 228864K, used 122446K [0x00000007aab00000, 0x00000007bfe00000, 0x00000007c0000000)
  eden space 114688K, 100% used [0x00000007aab00000,0x00000007b1b00000,0x00000007b1b00000)
  from space 114176K, 6% used [0x00000007b8e80000,0x00000007b96138c0,0x00000007bfe00000)
  to   space 116224K, 0% used [0x00000007b1b00000,0x00000007b1b00000,0x00000007b8c80000)
 ParOldGen       total 699392K, used 699369K [0x0000000780000000, 0x00000007aab00000, 0x00000007aab00000)
  object space 699392K, 99% used [0x0000000780000000,0x00000007aaafa650,0x00000007aab00000)
 Metaspace       used 5981K, capacity 6116K, committed 6400K, reserved 1056768K
  class space    used 672K, capacity 720K, committed 768K, reserved 1048576K

Card table byte_map: [0x0000000107d9c000,0x0000000107f9d000] byte_map_base: 0x000000010419c000

Marking Bits: (ParMarkBitMap*) 0x00000001072f35d0
 Begin Bits: [0x00000001080f3000, 0x00000001090f3000)
 End Bits:   [0x00000001090f3000, 0x000000010a0f3000)

Polling page: 0x00000001061d0000

CodeCache: size=245760Kb used=1972Kb max_used=1978Kb free=243787Kb
 bounds [0x00000001149de000, 0x0000000114c4e000, 0x00000001239de000]
 total_blobs=710 nmethods=418 adapters=206
 compilation: enabled

Compilation events (10 events):
Event: 0.802 Thread 0x00007ff61d83b000  414 %     4       edu.iastate.cs228.hw3.AdaptiveList::addAll @ 50 (77 bytes)
Event: 0.810 Thread 0x00007ff61d83b000 nmethod 414% 0x0000000114bc8d50 code [0x0000000114bc8ee0, 0x0000000114bc9378]
Event: 0.853 Thread 0x00007ff61e009800  416       3       sun.misc.VM::addFinalRefCount (24 bytes)
Event: 0.853 Thread 0x00007ff61e009800 nmethod 416 0x0000000114bcaa10 code [0x0000000114bcab80, 0x0000000114bcad30]
Event: 0.853 Thread 0x00007ff61e009800  415   !   3       java.util.zip.ZipFile$ZipFileInputStream::close (110 bytes)
Event: 0.854 Thread 0x00007ff61e009800 nmethod 415 0x0000000114bc9c90 code [0x0000000114bc9e40, 0x0000000114bca678]
Event: 0.854 Thread 0x00007ff61e009800  417       3       java.lang.ref.Reference::clear (6 bytes)
Event: 0.854 Thread 0x00007ff61e009800 nmethod 417 0x0000000114bc9890 code [0x0000000114bc99e0, 0x0000000114bc9b50]
Event: 0.854 Thread 0x00007ff61e009800  418       3       java.lang.ref.Finalizer::hasBeenFinalized (14 bytes)
Event: 0.854 Thread 0x00007ff61e009800 nmethod 418 0x0000000114bcd450 code [0x0000000114bcd5c0, 0x0000000114bcd770]

GC Heap History (10 events):
Event: 704.848 GC heap after
Heap after GC invocations=63 (full 49):
 PSYoungGen      total 228864K, used 122446K [0x00000007aab00000, 0x00000007bfe00000, 0x00000007c0000000)
  eden space 114688K, 100% used [0x00000007aab00000,0x00000007b1b00000,0x00000007b1b00000)
  from space 114176K, 6% used [0x00000007b8e80000,0x00000007b96138c0,0x00000007bfe00000)
  to   space 116224K, 0% used [0x00000007b1b00000,0x00000007b1b00000,0x00000007b8c80000)
 ParOldGen       total 699392K, used 699359K [0x0000000780000000, 0x00000007aab00000, 0x00000007aab00000)
  object space 699392K, 99% used [0x0000000780000000,0x00000007aaaf7e58,0x00000007aab00000)
 Metaspace       used 5981K, capacity 6116K, committed 6400K, reserved 1056768K
  class space    used 672K, capacity 720K, committed 768K, reserved 1048576K
}
Event: 704.851 GC heap before
{Heap before GC invocations=64 (full 50):
 PSYoungGen      total 228864K, used 122446K [0x00000007aab00000, 0x00000007bfe00000, 0x00000007c0000000)
  eden space 114688K, 100% used [0x00000007aab00000,0x00000007b1b00000,0x00000007b1b00000)
  from space 114176K, 6% used [0x00000007b8e80000,0x00000007b96138c0,0x00000007bfe00000)
  to   space 116224K, 0% used [0x00000007b1b00000,0x00000007b1b00000,0x00000007b8c80000)
 ParOldGen       total 699392K, used 699361K [0x0000000780000000, 0x00000007aab00000, 0x00000007aab00000)
  object space 699392K, 99% used [0x0000000780000000,0x00000007aaaf8658,0x00000007aab00000)
 Metaspace       used 5981K, capacity 6116K, committed 6400K, reserved 1056768K
  class space    used 672K, capacity 720K, committed 768K, reserved 1048576K
Event: 721.609 GC heap after
Heap after GC invocations=64 (full 50):
 PSYoungGen      total 228864K, used 122446K [0x00000007aab00000, 0x00000007bfe00000, 0x00000007c0000000)
  eden space 114688K, 100% used [0x00000007aab00000,0x00000007b1b00000,0x00000007b1b00000)
  from space 114176K, 6% used [0x00000007b8e80000,0x00000007b96138c0,0x00000007bfe00000)
  to   space 116224K, 0% used [0x00000007b1b00000,0x00000007b1b00000,0x00000007b8c80000)
 ParOldGen       total 699392K, used 699361K [0x0000000780000000, 0x00000007aab00000, 0x00000007aab00000)
  object space 699392K, 99% used [0x0000000780000000,0x00000007aaaf8658,0x00000007aab00000)
 Metaspace       used 5981K, capacity 6116K, committed 6400K, reserved 1056768K
  class space    used 672K, capacity 720K, committed 768K, reserved 1048576K
}
Event: 721.611 GC heap before
{Heap before GC invocations=65 (full 51):
 PSYoungGen      total 228864K, used 122446K [0x00000007aab00000, 0x00000007bfe00000, 0x00000007c0000000)
  eden space 114688K, 100% used [0x00000007aab00000,0x00000007b1b00000,0x00000007b1b00000)
  from space 114176K, 6% used [0x00000007b8e80000,0x00000007b96138c0,0x00000007bfe00000)
  to   space 116224K, 0% used [0x00000007b1b00000,0x00000007b1b00000,0x00000007b8c80000)
 ParOldGen       total 699392K, used 699363K [0x0000000780000000, 0x00000007aab00000, 0x00000007aab00000)
  object space 699392K, 99% used [0x0000000780000000,0x00000007aaaf8e58,0x00000007aab00000)
 Metaspace       used 5981K, capacity 6116K, committed 6400K, reserved 1056768K
  class space    used 672K, capacity 720K, committed 768K, reserved 1048576K
Event: 736.402 GC heap after
Heap after GC invocations=65 (full 51):
 PSYoungGen      total 228864K, used 122446K [0x00000007aab00000, 0x00000007bfe00000, 0x00000007c0000000)
  eden space 114688K, 100% used [0x00000007aab00000,0x00000007b1b00000,0x00000007b1b00000)
  from space 114176K, 6% used [0x00000007b8e80000,0x00000007b96138c0,0x00000007bfe00000)
  to   space 116224K, 0% used [0x00000007b1b00000,0x00000007b1b00000,0x00000007b8c80000)
 ParOldGen       total 699392K, used 699363K [0x0000000780000000, 0x00000007aab00000, 0x00000007aab00000)
  object space 699392K, 99% used [0x0000000780000000,0x00000007aaaf8e58,0x00000007aab00000)
 Metaspace       used 5981K, capacity 6116K, committed 6400K, reserved 1056768K
  class space    used 672K, capacity 720K, committed 768K, reserved 1048576K
}
Event: 736.412 GC heap before
{Heap before GC invocations=66 (full 52):
 PSYoungGen      total 228864K, used 122446K [0x00000007aab00000, 0x00000007bfe00000, 0x00000007c0000000)
  eden space 114688K, 100% used [0x00000007aab00000,0x00000007b1b00000,0x00000007b1b00000)
  from space 114176K, 6% used [0x00000007b8e80000,0x00000007b96138c0,0x00000007bfe00000)
  to   space 116224K, 0% used [0x00000007b1b00000,0x00000007b1b00000,0x00000007b8c80000)
 ParOldGen       total 699392K, used 699365K [0x0000000780000000, 0x00000007aab00000, 0x00000007aab00000)
  object space 699392K, 99% used [0x0000000780000000,0x00000007aaaf9650,0x00000007aab00000)
 Metaspace       used 5981K, capacity 6116K, committed 6400K, reserved 1056768K
  class space    used 672K, capacity 720K, committed 768K, reserved 1048576K
Event: 751.126 GC heap after
Heap after GC invocations=66 (full 52):
 PSYoungGen      total 228864K, used 122446K [0x00000007aab00000, 0x00000007bfe00000, 0x00000007c0000000)
  eden space 114688K, 100% used [0x00000007aab00000,0x00000007b1b00000,0x00000007b1b00000)
  from space 114176K, 6% used [0x00000007b8e80000,0x00000007b96138c0,0x00000007bfe00000)
  to   space 116224K, 0% used [0x00000007b1b00000,0x00000007b1b00000,0x00000007b8c80000)
 ParOldGen       total 699392K, used 699365K [0x0000000780000000, 0x00000007aab00000, 0x00000007aab00000)
  object space 699392K, 99% used [0x0000000780000000,0x00000007aaaf9650,0x00000007aab00000)
 Metaspace       used 5981K, capacity 6116K, committed 6400K, reserved 1056768K
  class space    used 672K, capacity 720K, committed 768K, reserved 1048576K
}
Event: 751.129 GC heap before
{Heap before GC invocations=67 (full 53):
 PSYoungGen      total 228864K, used 122446K [0x00000007aab00000, 0x00000007bfe00000, 0x00000007c0000000)
  eden space 114688K, 100% used [0x00000007aab00000,0x00000007b1b00000,0x00000007b1b00000)
  from space 114176K, 6% used [0x00000007b8e80000,0x00000007b96138c0,0x00000007bfe00000)
  to   space 116224K, 0% used [0x00000007b1b00000,0x00000007b1b00000,0x00000007b8c80000)
 ParOldGen       total 699392K, used 699367K [0x0000000780000000, 0x00000007aab00000, 0x00000007aab00000)
  object space 699392K, 99% used [0x0000000780000000,0x00000007aaaf9e50,0x00000007aab00000)
 Metaspace       used 5981K, capacity 6116K, committed 6400K, reserved 1056768K
  class space    used 672K, capacity 720K, committed 768K, reserved 1048576K
Event: 767.154 GC heap after
Heap after GC invocations=67 (full 53):
 PSYoungGen      total 228864K, used 122446K [0x00000007aab00000, 0x00000007bfe00000, 0x00000007c0000000)
  eden space 114688K, 100% used [0x00000007aab00000,0x00000007b1b00000,0x00000007b1b00000)
  from space 114176K, 6% used [0x00000007b8e80000,0x00000007b96138c0,0x00000007bfe00000)
  to   space 116224K, 0% used [0x00000007b1b00000,0x00000007b1b00000,0x00000007b8c80000)
 ParOldGen       total 699392K, used 699367K [0x0000000780000000, 0x00000007aab00000, 0x00000007aab00000)
  object space 699392K, 99% used [0x0000000780000000,0x00000007aaaf9e50,0x00000007aab00000)
 Metaspace       used 5981K, capacity 6116K, committed 6400K, reserved 1056768K
  class space    used 672K, capacity 720K, committed 768K, reserved 1048576K
}
Event: 767.154 GC heap before
{Heap before GC invocations=68 (full 54):
 PSYoungGen      total 228864K, used 122446K [0x00000007aab00000, 0x00000007bfe00000, 0x00000007c0000000)
  eden space 114688K, 100% used [0x00000007aab00000,0x00000007b1b00000,0x00000007b1b00000)
  from space 114176K, 6% used [0x00000007b8e80000,0x00000007b96138c0,0x00000007bfe00000)
  to   space 116224K, 0% used [0x00000007b1b00000,0x00000007b1b00000,0x00000007b8c80000)
 ParOldGen       total 699392K, used 699369K [0x0000000780000000, 0x00000007aab00000, 0x00000007aab00000)
  object space 699392K, 99% used [0x0000000780000000,0x00000007aaafa650,0x00000007aab00000)
 Metaspace       used 5981K, capacity 6116K, committed 6400K, reserved 1056768K
  class space    used 672K, capacity 720K, committed 768K, reserved 1048576K

Deoptimization events (0 events):
No events

Internal exceptions (2 events):
Event: 0.061 Thread 0x00007ff61e804800 Exception <a 'java/lang/NoSuchMethodError': Method sun.misc.Unsafe.defineClass(Ljava/lang/String;[BII)Ljava/lang/Class; name or signature does not match> (0x00000007aab07ca8) thrown at [/Users/java_re/workspace/8-2-build-macosx-x86_64/jdk8u141/9370/hotspo
Event: 0.061 Thread 0x00007ff61e804800 Exception <a 'java/lang/NoSuchMethodError': Method sun.misc.Unsafe.prefetchRead(Ljava/lang/Object;J)V name or signature does not match> (0x00000007aab07f90) thrown at [/Users/java_re/workspace/8-2-build-macosx-x86_64/jdk8u141/9370/hotspot/src/share/vm/pri

Events (10 events):
Event: 704.848 Executing VM operation: ParallelGCFailedAllocation done
Event: 704.851 Executing VM operation: ParallelGCFailedAllocation
Event: 721.610 Executing VM operation: ParallelGCFailedAllocation done
Event: 721.610 Executing VM operation: ParallelGCFailedAllocation
Event: 736.403 Executing VM operation: ParallelGCFailedAllocation done
Event: 736.405 Executing VM operation: ParallelGCFailedAllocation
Event: 751.127 Executing VM operation: ParallelGCFailedAllocation done
Event: 751.128 Executing VM operation: ParallelGCFailedAllocation
Event: 767.154 Executing VM operation: ParallelGCFailedAllocation done
Event: 767.154 Executing VM operation: ParallelGCFailedAllocation


Dynamic libraries:
0x0000000019788000 	/System/Library/Frameworks/Cocoa.framework/Versions/A/Cocoa
0x0000000019788000 	/System/Library/Frameworks/Security.framework/Versions/A/Security
0x0000000019788000 	/System/Library/Frameworks/ApplicationServices.framework/Versions/A/ApplicationServices
0x0000000019788000 	/usr/lib/libz.1.dylib
0x0000000019788000 	/usr/lib/libSystem.B.dylib
0x0000000019788000 	/usr/lib/libobjc.A.dylib
0x0000000019788000 	/System/Library/Frameworks/CoreFoundation.framework/Versions/A/CoreFoundation
0x0000000019788000 	/System/Library/Frameworks/Foundation.framework/Versions/C/Foundation
0x0000000019788000 	/System/Library/Frameworks/AppKit.framework/Versions/C/AppKit
0x0000000019788000 	/System/Library/Frameworks/CoreData.framework/Versions/A/CoreData
0x0000000019788000 	/System/Library/PrivateFrameworks/RemoteViewServices.framework/Versions/A/RemoteViewServices
0x0000000019788000 	/System/Library/PrivateFrameworks/UIFoundation.framework/Versions/A/UIFoundation
0x0000000019788000 	/System/Library/PrivateFrameworks/DFRFoundation.framework/Versions/A/DFRFoundation
0x0000000019788000 	/usr/lib/libenergytrace.dylib
0x0000000019788000 	/System/Library/PrivateFrameworks/SkyLight.framework/Versions/A/SkyLight
0x0000000019788000 	/System/Library/Frameworks/CoreGraphics.framework/Versions/A/CoreGraphics
0x0000000019788000 	/usr/lib/libScreenReader.dylib
0x0000000019788000 	/System/Library/Frameworks/Accelerate.framework/Versions/A/Accelerate
0x0000000019788000 	/System/Library/Frameworks/IOSurface.framework/Versions/A/IOSurface
0x0000000019788000 	/System/Library/Frameworks/AudioToolbox.framework/Versions/A/AudioToolbox
0x0000000019788000 	/System/Library/Frameworks/AudioUnit.framework/Versions/A/AudioUnit
0x0000000019788000 	/System/Library/PrivateFrameworks/DataDetectorsCore.framework/Versions/A/DataDetectorsCore
0x0000000019788000 	/System/Library/PrivateFrameworks/DesktopServicesPriv.framework/Versions/A/DesktopServicesPriv
0x0000000019788000 	/System/Library/Frameworks/Carbon.framework/Versions/A/Frameworks/HIToolbox.framework/Versions/A/HIToolbox
0x0000000019788000 	/usr/lib/libicucore.A.dylib
0x0000000019788000 	/System/Library/Frameworks/QuartzCore.framework/Versions/A/QuartzCore
0x0000000019788000 	/System/Library/Frameworks/Carbon.framework/Versions/A/Frameworks/SpeechRecognition.framework/Versions/A/SpeechRecognition
0x0000000019788000 	/usr/lib/libauto.dylib
0x0000000019788000 	/usr/lib/libxml2.2.dylib
0x0000000019788000 	/System/Library/PrivateFrameworks/CoreUI.framework/Versions/A/CoreUI
0x0000000019788000 	/System/Library/Frameworks/CoreAudio.framework/Versions/A/CoreAudio
0x0000000019788000 	/System/Library/Frameworks/DiskArbitration.framework/Versions/A/DiskArbitration
0x0000000019788000 	/usr/lib/liblangid.dylib
0x0000000019788000 	/System/Library/PrivateFrameworks/MultitouchSupport.framework/Versions/A/MultitouchSupport
0x0000000019788000 	/System/Library/Frameworks/IOKit.framework/Versions/A/IOKit
0x0000000019788000 	/usr/lib/libDiagnosticMessagesClient.dylib
0x0000000019788000 	/System/Library/Frameworks/CoreServices.framework/Versions/A/CoreServices
0x0000000019788000 	/System/Library/PrivateFrameworks/PerformanceAnalysis.framework/Versions/A/PerformanceAnalysis
0x0000000019788000 	/System/Library/PrivateFrameworks/GenerationalStorage.framework/Versions/A/GenerationalStorage
0x0000000019788000 	/System/Library/Frameworks/OpenGL.framework/Versions/A/OpenGL
0x0000000019788000 	/System/Library/Frameworks/CoreImage.framework/Versions/A/CoreImage
0x0000000019788000 	/System/Library/Frameworks/CoreText.framework/Versions/A/CoreText
0x0000000019788000 	/System/Library/Frameworks/ImageIO.framework/Versions/A/ImageIO
0x0000000019788000 	/System/Library/PrivateFrameworks/Backup.framework/Versions/A/Backup
0x0000000019788000 	/usr/lib/libarchive.2.dylib
0x0000000019788000 	/System/Library/Frameworks/CFNetwork.framework/Versions/A/CFNetwork
0x0000000019788000 	/System/Library/Frameworks/SystemConfiguration.framework/Versions/A/SystemConfiguration
0x0000000019788000 	/usr/lib/libCRFSuite.dylib
0x0000000019788000 	/usr/lib/libc++.1.dylib
0x0000000019788000 	/usr/lib/libc++abi.dylib
0x0000000019788000 	/usr/lib/system/libcache.dylib
0x0000000019788000 	/usr/lib/system/libcommonCrypto.dylib
0x0000000019788000 	/usr/lib/system/libcompiler_rt.dylib
0x0000000019788000 	/usr/lib/system/libcopyfile.dylib
0x0000000019788000 	/usr/lib/system/libcorecrypto.dylib
0x0000000019788000 	/usr/lib/system/libdispatch.dylib
0x0000000019788000 	/usr/lib/system/libdyld.dylib
0x0000000019788000 	/usr/lib/system/libkeymgr.dylib
0x0000000019788000 	/usr/lib/system/liblaunch.dylib
0x0000000019788000 	/usr/lib/system/libmacho.dylib
0x0000000019788000 	/usr/lib/system/libquarantine.dylib
0x0000000019788000 	/usr/lib/system/libremovefile.dylib
0x0000000019788000 	/usr/lib/system/libsystem_asl.dylib
0x0000000019788000 	/usr/lib/system/libsystem_blocks.dylib
0x0000000019788000 	/usr/lib/system/libsystem_c.dylib
0x0000000019788000 	/usr/lib/system/libsystem_configuration.dylib
0x0000000019788000 	/usr/lib/system/libsystem_coreservices.dylib
0x0000000019788000 	/usr/lib/system/libsystem_coretls.dylib
0x0000000019788000 	/usr/lib/system/libsystem_dnssd.dylib
0x0000000019788000 	/usr/lib/system/libsystem_info.dylib
0x0000000019788000 	/usr/lib/system/libsystem_kernel.dylib
0x0000000019788000 	/usr/lib/system/libsystem_m.dylib
0x0000000019788000 	/usr/lib/system/libsystem_malloc.dylib
0x0000000019788000 	/usr/lib/system/libsystem_network.dylib
0x0000000019788000 	/usr/lib/system/libsystem_networkextension.dylib
0x0000000019788000 	/usr/lib/system/libsystem_notify.dylib
0x0000000019788000 	/usr/lib/system/libsystem_platform.dylib
0x0000000019788000 	/usr/lib/system/libsystem_pthread.dylib
0x0000000019788000 	/usr/lib/system/libsystem_sandbox.dylib
0x0000000019788000 	/usr/lib/system/libsystem_secinit.dylib
0x0000000019788000 	/usr/lib/system/libsystem_symptoms.dylib
0x0000000019788000 	/usr/lib/system/libsystem_trace.dylib
0x0000000019788000 	/usr/lib/system/libunwind.dylib
0x0000000019788000 	/usr/lib/system/libxpc.dylib
0x0000000019788000 	/usr/lib/libbsm.0.dylib
0x0000000019788000 	/usr/lib/system/libkxld.dylib
0x0000000019788000 	/usr/lib/libcoretls.dylib
0x0000000019788000 	/usr/lib/libcoretls_cfhelpers.dylib
0x0000000019788000 	/usr/lib/libOpenScriptingUtil.dylib
0x0000000019788000 	/usr/lib/libpam.2.dylib
0x0000000019788000 	/usr/lib/libsqlite3.dylib
0x0000000019788000 	/usr/lib/libxar.1.dylib
0x0000000019788000 	/usr/lib/libbz2.1.0.dylib
0x0000000019788000 	/usr/lib/liblzma.5.dylib
0x0000000019788000 	/usr/lib/libnetwork.dylib
0x0000000019788000 	/usr/lib/libpcap.A.dylib
0x0000000019788000 	/System/Library/Frameworks/CoreServices.framework/Versions/A/Frameworks/FSEvents.framework/Versions/A/FSEvents
0x0000000019788000 	/System/Library/Frameworks/CoreServices.framework/Versions/A/Frameworks/CarbonCore.framework/Versions/A/CarbonCore
0x0000000019788000 	/System/Library/Frameworks/CoreServices.framework/Versions/A/Frameworks/Metadata.framework/Versions/A/Metadata
0x0000000019788000 	/System/Library/Frameworks/CoreServices.framework/Versions/A/Frameworks/OSServices.framework/Versions/A/OSServices
0x0000000019788000 	/System/Library/Frameworks/CoreServices.framework/Versions/A/Frameworks/SearchKit.framework/Versions/A/SearchKit
0x0000000019788000 	/System/Library/Frameworks/CoreServices.framework/Versions/A/Frameworks/AE.framework/Versions/A/AE
0x0000000019788000 	/System/Library/Frameworks/CoreServices.framework/Versions/A/Frameworks/LaunchServices.framework/Versions/A/LaunchServices
0x0000000019788000 	/System/Library/Frameworks/CoreServices.framework/Versions/A/Frameworks/DictionaryServices.framework/Versions/A/DictionaryServices
0x0000000019788000 	/System/Library/Frameworks/CoreServices.framework/Versions/A/Frameworks/SharedFileList.framework/Versions/A/SharedFileList
0x0000000019788000 	/System/Library/Frameworks/NetFS.framework/Versions/A/NetFS
0x0000000019788000 	/System/Library/PrivateFrameworks/NetAuth.framework/Versions/A/NetAuth
0x0000000019788000 	/System/Library/PrivateFrameworks/login.framework/Versions/A/Frameworks/loginsupport.framework/Versions/A/loginsupport
0x0000000019788000 	/System/Library/PrivateFrameworks/TCC.framework/Versions/A/TCC
0x0000000019788000 	/usr/lib/libmecabra.dylib
0x0000000019788000 	/System/Library/Frameworks/ApplicationServices.framework/Versions/A/Frameworks/ATS.framework/Versions/A/ATS
0x0000000019788000 	/System/Library/Frameworks/ApplicationServices.framework/Versions/A/Frameworks/ColorSync.framework/Versions/A/ColorSync
0x0000000019788000 	/System/Library/Frameworks/ApplicationServices.framework/Versions/A/Frameworks/HIServices.framework/Versions/A/HIServices
0x0000000019788000 	/System/Library/Frameworks/ApplicationServices.framework/Versions/A/Frameworks/LangAnalysis.framework/Versions/A/LangAnalysis
0x0000000019788000 	/System/Library/Frameworks/ApplicationServices.framework/Versions/A/Frameworks/PrintCore.framework/Versions/A/PrintCore
0x0000000019788000 	/System/Library/Frameworks/ApplicationServices.framework/Versions/A/Frameworks/QD.framework/Versions/A/QD
0x0000000019788000 	/System/Library/Frameworks/ApplicationServices.framework/Versions/A/Frameworks/SpeechSynthesis.framework/Versions/A/SpeechSynthesis
0x0000000019788000 	/System/Library/Frameworks/Accelerate.framework/Versions/A/Frameworks/vImage.framework/Versions/A/vImage
0x0000000019788000 	/System/Library/Frameworks/Accelerate.framework/Versions/A/Frameworks/vecLib.framework/Versions/A/vecLib
0x0000000019788000 	/System/Library/Frameworks/Accelerate.framework/Versions/A/Frameworks/vecLib.framework/Versions/A/libvDSP.dylib
0x0000000019788000 	/System/Library/Frameworks/Accelerate.framework/Versions/A/Frameworks/vecLib.framework/Versions/A/libBNNS.dylib
0x0000000019788000 	/System/Library/Frameworks/Accelerate.framework/Versions/A/Frameworks/vecLib.framework/Versions/A/libQuadrature.dylib
0x0000000019788000 	/System/Library/Frameworks/Accelerate.framework/Versions/A/Frameworks/vecLib.framework/Versions/A/libvMisc.dylib
0x0000000019788000 	/System/Library/Frameworks/Accelerate.framework/Versions/A/Frameworks/vecLib.framework/Versions/A/libLAPACK.dylib
0x0000000019788000 	/System/Library/Frameworks/Accelerate.framework/Versions/A/Frameworks/vecLib.framework/Versions/A/libBLAS.dylib
0x0000000019788000 	/System/Library/Frameworks/Accelerate.framework/Versions/A/Frameworks/vecLib.framework/Versions/A/libLinearAlgebra.dylib
0x0000000019788000 	/System/Library/Frameworks/Accelerate.framework/Versions/A/Frameworks/vecLib.framework/Versions/A/libSparseBLAS.dylib
0x0000000019788000 	/System/Library/Frameworks/ApplicationServices.framework/Versions/A/Frameworks/ATS.framework/Versions/A/Resources/libFontParser.dylib
0x0000000019788000 	/System/Library/Frameworks/ApplicationServices.framework/Versions/A/Frameworks/ATS.framework/Versions/A/Resources/libFontRegistry.dylib
0x0000000019788000 	/System/Library/Frameworks/ImageIO.framework/Versions/A/Resources/libJPEG.dylib
0x0000000019788000 	/System/Library/Frameworks/ImageIO.framework/Versions/A/Resources/libTIFF.dylib
0x0000000019788000 	/System/Library/Frameworks/ImageIO.framework/Versions/A/Resources/libPng.dylib
0x0000000019788000 	/System/Library/Frameworks/ImageIO.framework/Versions/A/Resources/libGIF.dylib
0x0000000019788000 	/System/Library/Frameworks/ImageIO.framework/Versions/A/Resources/libJP2.dylib
0x0000000019788000 	/System/Library/Frameworks/ImageIO.framework/Versions/A/Resources/libRadiance.dylib
0x0000000019788000 	/usr/lib/libcompression.dylib
0x0000000019788000 	/System/Library/PrivateFrameworks/AppleJPEG.framework/Versions/A/AppleJPEG
0x0000000019788000 	/usr/lib/libcups.2.dylib
0x0000000019788000 	/System/Library/Frameworks/Kerberos.framework/Versions/A/Kerberos
0x0000000019788000 	/System/Library/Frameworks/GSS.framework/Versions/A/GSS
0x0000000019788000 	/usr/lib/libresolv.9.dylib
0x0000000019788000 	/usr/lib/libiconv.2.dylib
0x0000000019788000 	/System/Library/PrivateFrameworks/Heimdal.framework/Versions/A/Heimdal
0x0000000019788000 	/usr/lib/libheimdal-asn1.dylib
0x0000000019788000 	/System/Library/Frameworks/OpenDirectory.framework/Versions/A/OpenDirectory
0x0000000019788000 	/System/Library/PrivateFrameworks/CommonAuth.framework/Versions/A/CommonAuth
0x0000000019788000 	/System/Library/Frameworks/OpenDirectory.framework/Versions/A/Frameworks/CFOpenDirectory.framework/Versions/A/CFOpenDirectory
0x0000000019788000 	/System/Library/Frameworks/SecurityFoundation.framework/Versions/A/SecurityFoundation
0x0000000019788000 	/System/Library/PrivateFrameworks/LanguageModeling.framework/Versions/A/LanguageModeling
0x0000000019788000 	/usr/lib/libmarisa.dylib
0x0000000019788000 	/usr/lib/libChineseTokenizer.dylib
0x0000000019788000 	/usr/lib/libcmph.dylib
0x0000000019788000 	/System/Library/PrivateFrameworks/CoreEmoji.framework/Versions/A/CoreEmoji
0x0000000019788000 	/System/Library/Frameworks/ServiceManagement.framework/Versions/A/ServiceManagement
0x0000000019788000 	/usr/lib/libxslt.1.dylib
0x0000000019788000 	/System/Library/Frameworks/Carbon.framework/Versions/A/Frameworks/Ink.framework/Versions/A/Ink
0x0000000019788000 	/System/Library/PrivateFrameworks/TextureIO.framework/Versions/A/TextureIO
0x0000000019788000 	/System/Library/Frameworks/Metal.framework/Versions/A/Metal
0x0000000019788000 	/usr/lib/libate.dylib
0x0000000019788000 	/System/Library/PrivateFrameworks/GPUCompiler.framework/libmetal_timestamp.dylib
0x0000000019788000 	/System/Library/Frameworks/OpenGL.framework/Versions/A/Libraries/libCoreFSCache.dylib
0x0000000019788000 	/System/Library/PrivateFrameworks/IOAccelerator.framework/Versions/A/IOAccelerator
0x0000000019788000 	/System/Library/Frameworks/CoreVideo.framework/Versions/A/CoreVideo
0x0000000019788000 	/usr/lib/libFosl_dynamic.dylib
0x0000000019788000 	/System/Library/PrivateFrameworks/MetalPerformanceShaders.framework/Versions/A/MetalPerformanceShaders
0x0000000019788000 	/System/Library/PrivateFrameworks/FaceCore.framework/Versions/A/FaceCore
0x0000000019788000 	/System/Library/Frameworks/OpenCL.framework/Versions/A/OpenCL
0x0000000019788000 	/System/Library/Frameworks/OpenGL.framework/Versions/A/Libraries/libGLU.dylib
0x0000000019788000 	/System/Library/Frameworks/OpenGL.framework/Versions/A/Libraries/libGFXShared.dylib
0x0000000019788000 	/System/Library/Frameworks/OpenGL.framework/Versions/A/Libraries/libGL.dylib
0x0000000019788000 	/System/Library/Frameworks/OpenGL.framework/Versions/A/Libraries/libGLImage.dylib
0x0000000019788000 	/System/Library/Frameworks/OpenGL.framework/Versions/A/Libraries/libCVMSPluginSupport.dylib
0x0000000019788000 	/System/Library/Frameworks/OpenGL.framework/Versions/A/Libraries/libCoreVMClient.dylib
0x0000000019788000 	/System/Library/PrivateFrameworks/CrashReporterSupport.framework/Versions/A/CrashReporterSupport
0x0000000019788000 	/System/Library/PrivateFrameworks/Sharing.framework/Versions/A/Sharing
0x0000000019788000 	/System/Library/PrivateFrameworks/IconServices.framework/Versions/A/IconServices
0x0000000019788000 	/System/Library/PrivateFrameworks/ProtocolBuffer.framework/Versions/A/ProtocolBuffer
0x0000000019788000 	/System/Library/PrivateFrameworks/Apple80211.framework/Versions/A/Apple80211
0x0000000019788000 	/System/Library/Frameworks/CoreWLAN.framework/Versions/A/CoreWLAN
0x0000000019788000 	/System/Library/PrivateFrameworks/CoreUtils.framework/Versions/A/CoreUtils
0x0000000019788000 	/System/Library/Frameworks/IOBluetooth.framework/Versions/A/IOBluetooth
0x0000000019788000 	/System/Library/PrivateFrameworks/CoreWiFi.framework/Versions/A/CoreWiFi
0x0000000019788000 	/System/Library/Frameworks/CoreBluetooth.framework/Versions/A/CoreBluetooth
0x0000000019788000 	/System/Library/Frameworks/CoreDisplay.framework/Versions/A/CoreDisplay
0x0000000019788000 	/System/Library/PrivateFrameworks/IOPresentment.framework/Versions/A/IOPresentment
0x0000000019788000 	/System/Library/PrivateFrameworks/DSExternalDisplay.framework/Versions/A/DSExternalDisplay
0x0000000019788000 	/System/Library/PrivateFrameworks/DebugSymbols.framework/Versions/A/DebugSymbols
0x0000000019788000 	/System/Library/PrivateFrameworks/CoreSymbolication.framework/Versions/A/CoreSymbolication
0x0000000019788000 	/System/Library/PrivateFrameworks/Symbolication.framework/Versions/A/Symbolication
0x0000000019788000 	/System/Library/PrivateFrameworks/AppleFSCompression.framework/Versions/A/AppleFSCompression
0x0000000019788000 	/System/Library/PrivateFrameworks/SpeechRecognitionCore.framework/Versions/A/SpeechRecognitionCore
0x0000000019788000 	/System/Library/PrivateFrameworks/ChunkingLibrary.framework/Versions/A/ChunkingLibrary
0x0000000106a00000 	/Library/Java/JavaVirtualMachines/jdk1.8.0_141.jdk/Contents/Home/jre/lib/server/libjvm.dylib
0x0000000019788000 	/usr/lib/libstdc++.6.dylib
0x00000001061c2000 	/Library/Java/JavaVirtualMachines/jdk1.8.0_141.jdk/Contents/Home/jre/lib/libverify.dylib
0x00000001079a7000 	/Library/Java/JavaVirtualMachines/jdk1.8.0_141.jdk/Contents/Home/jre/lib/libjava.dylib
0x00000001061da000 	/Library/Java/JavaVirtualMachines/jdk1.8.0_141.jdk/Contents/Home/jre/lib/libzip.dylib
0x000000010bdc3000 	/System/Library/Frameworks/JavaVM.framework/Frameworks/JavaRuntimeSupport.framework/JavaRuntimeSupport
0x000000010bddd000 	/System/Library/Frameworks/JavaVM.framework/Versions/A/Frameworks/JavaNativeFoundation.framework/Versions/A/JavaNativeFoundation
0x000000010bdf2000 	/System/Library/Frameworks/JavaVM.framework/Versions/A/JavaVM
0x0000000019788000 	/System/Library/Frameworks/Carbon.framework/Versions/A/Carbon
0x000000010bdff000 	/System/Library/PrivateFrameworks/JavaLaunching.framework/Versions/A/JavaLaunching
0x0000000019788000 	/System/Library/Frameworks/Carbon.framework/Versions/A/Frameworks/CommonPanels.framework/Versions/A/CommonPanels
0x0000000019788000 	/System/Library/Frameworks/Carbon.framework/Versions/A/Frameworks/Help.framework/Versions/A/Help
0x0000000019788000 	/System/Library/Frameworks/Carbon.framework/Versions/A/Frameworks/ImageCapture.framework/Versions/A/ImageCapture
0x0000000019788000 	/System/Library/Frameworks/Carbon.framework/Versions/A/Frameworks/OpenScripting.framework/Versions/A/OpenScripting
0x0000000019788000 	/System/Library/Frameworks/Carbon.framework/Versions/A/Frameworks/Print.framework/Versions/A/Print
0x0000000019788000 	/System/Library/Frameworks/Carbon.framework/Versions/A/Frameworks/SecurityHI.framework/Versions/A/SecurityHI
0x000000010d710000 	/Library/Java/JavaVirtualMachines/jdk1.8.0_141.jdk/Contents/Home/jre/lib/libnet.dylib

VM Arguments:
jvm_args: -ea -Dfile.encoding=UTF-8 
java_command: org.eclipse.jdt.internal.junit.runner.RemoteTestRunner -version 3 -port 49788 -testLoaderClass org.eclipse.jdt.internal.junit4.runner.JUnit4TestLoader -loaderpluginname org.eclipse.jdt.junit4.runtime -test edu.iastate.cs228.hw3.AdaptiveListTests:AddAllPosTest11
java_class_path (initial): /Users/ruski/Documents/coms228/Project3/bin:/Applications/Eclipse.app/Contents/Eclipse/plugins/org.junit_4.12.0.v201504281640/junit.jar:/Applications/Eclipse.app/Contents/Eclipse/plugins/org.hamcrest.core_1.3.0.v201303031735.jar:/Applications/Eclipse.app/Contents/Eclipse/configuration/org.eclipse.osgi/223/0/.cp:/Applications/Eclipse.app/Contents/Eclipse/configuration/org.eclipse.osgi/222/0/.cp
Launcher Type: SUN_STANDARD

Environment Variables:
PATH=/usr/bin:/bin:/usr/sbin:/sbin
SHELL=/bin/bash

Signal Handlers:
SIGSEGV: [libjvm.dylib+0x5b26e5], sa_mask[0]=11111111011111110111111111111111, sa_flags=SA_ONSTACK|SA_RESTART|SA_SIGINFO
SIGBUS: [libjvm.dylib+0x5b26e5], sa_mask[0]=11111111011111110111111111111111, sa_flags=SA_RESTART|SA_SIGINFO
SIGFPE: [libjvm.dylib+0x489100], sa_mask[0]=11111111011111110111111111111111, sa_flags=SA_RESTART|SA_SIGINFO
SIGPIPE: [libjvm.dylib+0x489100], sa_mask[0]=11111111011111110111111111111111, sa_flags=SA_RESTART|SA_SIGINFO
SIGXFSZ: [libjvm.dylib+0x489100], sa_mask[0]=11111111011111110111111111111111, sa_flags=SA_RESTART|SA_SIGINFO
SIGILL: [libjvm.dylib+0x489100], sa_mask[0]=11111111011111110111111111111111, sa_flags=SA_RESTART|SA_SIGINFO
SIGUSR1: SIG_DFL, sa_mask[0]=00000000000000000000000000000000, sa_flags=none
SIGUSR2: [libjvm.dylib+0x488c1e], sa_mask[0]=00100000000000000000000000000000, sa_flags=SA_RESTART|SA_SIGINFO
SIGHUP: [libjvm.dylib+0x4871f5], sa_mask[0]=11111111011111110111111111111111, sa_flags=SA_RESTART|SA_SIGINFO
SIGINT: [libjvm.dylib+0x4871f5], sa_mask[0]=11111111011111110111111111111111, sa_flags=SA_RESTART|SA_SIGINFO
SIGTERM: [libjvm.dylib+0x4871f5], sa_mask[0]=11111111011111110111111111111111, sa_flags=SA_RESTART|SA_SIGINFO
SIGQUIT: [libjvm.dylib+0x4871f5], sa_mask[0]=11111111011111110111111111111111, sa_flags=SA_RESTART|SA_SIGINFO


---------------  S Y S T E M  ---------------

OS:Bsduname:Darwin 16.7.0 Darwin Kernel Version 16.7.0: Thu Jun 15 17:36:27 PDT 2017; root:xnu-3789.70.16~2/RELEASE_X86_64 x86_64
rlimit: STACK 8192k, CORE 0k, NPROC 709, NOFILE 10240, AS infinity
load average:26.07 35.64 26.97

CPU:total 4 (initial active 4) (2 cores per cpu, 2 threads per core) family 6 model 61 stepping 4, cmov, cx8, fxsr, mmx, sse, sse2, sse3, ssse3, sse4.1, sse4.2, popcnt, avx, avx2, aes, clmul, erms, 3dnowpref, lzcnt, ht, tsc, tscinvbit, bmi1, bmi2, adx

Memory: 4k page, physical 4194304k(19016k free)

/proc/meminfo:


vm_info: Java HotSpot(TM) 64-Bit Server VM (25.141-b15) for bsd-amd64 JRE (1.8.0_141-b15), built on Jul 12 2017 04:35:23 by "java_re" with gcc 4.2.1 (Based on Apple Inc. build 5658) (LLVM build 2336.11.00)

time: Wed Oct 25 17:46:23 2017
elapsed time: 775 seconds (0d 0h 12m 55s)

