#
# A fatal error has been detected by the Java Runtime Environment:
#
#  SIGSEGV (0xb) at pc=0x0000000104abd1c6, pid=886, tid=0x0000000000002903
#
# JRE version: Java(TM) SE Runtime Environment (8.0_141-b15) (build 1.8.0_141-b15)
# Java VM: Java HotSpot(TM) 64-Bit Server VM (25.141-b15 mixed mode bsd-amd64 compressed oops)
# Problematic frame:
# V  [libjvm.dylib+0x4bd1c6]
#
# Failed to write core dump. Core dumps have been disabled. To enable core dumping, try "ulimit -c unlimited" before starting Java again
#
# If you would like to submit a bug report, please visit:
#   http://bugreport.java.com/bugreport/crash.jsp
#

---------------  T H R E A D  ---------------

Current thread (0x00007f8787003800):  GCTaskThread [stack: 0x00007000091c6000,0x00007000092c6000] [id=10499]

siginfo: si_signo: 11 (SIGSEGV), si_code: 1 (SEGV_MAPERR), si_addr: 0x0000000000000139

Registers:
RAX=0x0000000000000019, RBX=0x00007f8786c06730, RCX=0x0000000000001203, RDX=0x00000007837fb8a8
RSP=0x00007000092c5cd0, RBP=0x00007000092c5d50, RSI=0x00007f8786c06730, RDI=0x00000007837fb9a8
R8 =0x000000000000006f, R9 =0x000000000000fffd, R10=0x2224888888888801, R11=0x0000000000200000
R12=0x00000007837fb8a8, R13=0x0000000104e3fb20, R14=0x00007f8786c06738, R15=0x0000000104e3fb20
RIP=0x0000000104abd1c6, EFLAGS=0x0000000000010202, ERR=0x0000000000000004
  TRAPNO=0x000000000000000e

Top of Stack: (sp=0x00007000092c5cd0)
0x00007000092c5cd0:   00007000092c5d00 00007f8786c06770
0x00007000092c5ce0:   00007f8786c067b8 00007f8786c067f0
0x00007000092c5cf0:   00000007c008fab0 00000007c008fab8
0x00007000092c5d00:   00000007837fb8a8 00000001048c0551
0x00007000092c5d10:   00007000092c5d50 00000007837fb9a8
0x00007000092c5d20:   095882ce000012ce 0000000000000002
0x00007000092c5d30:   00007000092c5d80 0000000104e3fb20
0x00007000092c5d40:   00007f8786c06730 00007000092c5d6c
0x00007000092c5d50:   00007000092c5db0 0000000104aaf9db
0x00007000092c5d60:   00007f8787879810 47eccacd04876d57
0x00007000092c5d70:   0000000000000000 0000000000000000
0x00007000092c5d80:   00000007837fb9a8 00007f8787003800
0x00007000092c5d90:   0000000000000000 0000000104c13b3e
0x00007000092c5da0:   00007f8787879810 0000000000000001
0x00007000092c5db0:   00007000092c5e90 00000001048772cf
0x00007000092c5dc0:   00007000092c5df0 00007f8786f0edf0
0x00007000092c5dd0:   00007f8786f0ee20 00007f8786f0ee30
0x00007000092c5de0:   00007f8786f0f208 00000000000003d8
0x00007000092c5df0:   00007f8787003800 00007f8786f0f210
0x00007000092c5e00:   00007f8786f0f250 00007f8786f0f260
0x00007000092c5e10:   00007f8786f0f338 00000000000000d8
0x00007000092c5e20:   00007000092c5e30 0000000000000000
0x00007000092c5e30:   00007f8787003800 00007f8786f0f210
0x00007000092c5e40:   00007f8786f0f250 00007f8786f0f260
0x00007000092c5e50:   00007f8786f0f338 00000000000000d8
0x00007000092c5e60:   00007f8786f0f450 00007f8787003800
0x00007000092c5e70:   00000000000078d7 0000000000002903
0x00007000092c5e80:   00007f8786f0fd10 00007f8786f0fd80
0x00007000092c5e90:   00007000092c5ef0 0000000104a8baee
0x00007000092c5ea0:   0000000000000000 00007f8786f0fd80
0x00007000092c5eb0:   0000000600000000 00000000000078d7
0x00007000092c5ec0:   00007000092c60e0 00007000092c6180 

Instructions: (pc=0x0000000104abd1c6)
0x0000000104abd1a6:   11 41 8a 4f 08 41 8b 7c 24 08 48 d3 e7 49 03 3f
0x0000000104abd1b6:   eb 05 49 8b 7c 24 08 48 8b 07 48 89 de 4c 89 e2
0x0000000104abd1c6:   ff 90 20 01 00 00 8b 43 08 89 c1 2b 4b 10 f7 c1
0x0000000104abd1d6:   ff ff 01 00 74 73 05 ff ff 01 00 89 c6 81 e6 ff 

Register to memory mapping:

RAX=0x0000000000000019 is an unknown value
RBX=0x00007f8786c06730 is an unknown value
RCX=0x0000000000001203 is an unknown value
RDX=0x00000007837fb8a8 is pointing into object: 0x00000007837fb898
edu.iastate.cs228.hw3.AdaptiveList$ListNode 
 - klass: 'edu/iastate/cs228/hw3/AdaptiveList$ListNode'
RSP=0x00007000092c5cd0 is an unknown value
RBP=0x00007000092c5d50 is an unknown value
RSI=0x00007f8786c06730 is an unknown value
RDI=0x00000007837fb9a8 is an oop
edu.iastate.cs228.hw3.AdaptiveList 
 - klass: 'edu/iastate/cs228/hw3/AdaptiveList'
R8 =0x000000000000006f is an unknown value
R9 =0x000000000000fffd is an unknown value
R10=0x2224888888888801 is an unknown value
R11=0x0000000000200000 is an unknown value
R12=0x00000007837fb8a8 is pointing into object: 0x00000007837fb898
edu.iastate.cs228.hw3.AdaptiveList$ListNode 
 - klass: 'edu/iastate/cs228/hw3/AdaptiveList$ListNode'
R13=0x0000000104e3fb20: _ZN8Universe13_narrow_klassE+0 in /Library/Java/JavaVirtualMachines/jdk1.8.0_141.jdk/Contents/Home/jre/lib/server/libjvm.dylib at 0x0000000104600000
R14=0x00007f8786c06738 is an unknown value
R15=0x0000000104e3fb20: _ZN8Universe13_narrow_klassE+0 in /Library/Java/JavaVirtualMachines/jdk1.8.0_141.jdk/Contents/Home/jre/lib/server/libjvm.dylib at 0x0000000104600000


Stack: [0x00007000091c6000,0x00007000092c6000],  sp=0x00007000092c5cd0,  free space=1023k
Native frames: (J=compiled Java code, j=interpreted, Vv=VM code, C=native code)
V  [libjvm.dylib+0x4bd1c6]
V  [libjvm.dylib+0x4af9db]
V  [libjvm.dylib+0x2772cf]
V  [libjvm.dylib+0x48baee]
C  [libsystem_pthread.dylib+0x393b]  _pthread_body+0xb4
C  [libsystem_pthread.dylib+0x3887]  _pthread_body+0x0
C  [libsystem_pthread.dylib+0x308d]  thread_start+0xd


---------------  P R O C E S S  ---------------

Java Threads: ( => current thread )
  0x00007f8787801000 JavaThread "Service Thread" daemon [_thread_blocked, id=18691, stack(0x0000700009ae1000,0x0000700009be1000)]
  0x00007f8787033000 JavaThread "C1 CompilerThread2" daemon [_thread_blocked, id=18179, stack(0x00007000099de000,0x0000700009ade000)]
  0x00007f8788844000 JavaThread "C2 CompilerThread1" daemon [_thread_blocked, id=17667, stack(0x00007000098db000,0x00007000099db000)]
  0x00007f8788835000 JavaThread "C2 CompilerThread0" daemon [_thread_blocked, id=17155, stack(0x00007000097d8000,0x00007000098d8000)]
  0x00007f8788834800 JavaThread "Signal Dispatcher" daemon [_thread_blocked, id=16643, stack(0x00007000096d5000,0x00007000097d5000)]
  0x00007f8787032800 JavaThread "Finalizer" daemon [_thread_blocked, id=12547, stack(0x00007000095d2000,0x00007000096d2000)]
  0x00007f8787031800 JavaThread "Reference Handler" daemon [_thread_blocked, id=12035, stack(0x00007000094cf000,0x00007000095cf000)]
  0x00007f8788005800 JavaThread "main" [_thread_blocked, id=7171, stack(0x0000700008ebd000,0x0000700008fbd000)]

Other Threads:
  0x00007f8788007800 VMThread [stack: 0x00007000093cc000,0x00007000094cc000] [id=11523]
  0x00007f878782d800 WatcherThread [stack: 0x0000700009be4000,0x0000700009ce4000] [id=19203]

=>0x00007f8787003800 (exited) GCTaskThread [stack: 0x00007000091c6000,0x00007000092c6000] [id=10499]

VM state:at safepoint (normal execution)

VM Mutex/Monitor currently owned by a thread:  ([mutex/lock_event])
[0x00007f8786c02230] Threads_lock - owner thread: 0x00007f8788007800
[0x00007f8786c02730] Heap_lock - owner thread: 0x00007f8788005800

Heap:
 PSYoungGen      total 208384K, used 92160K [0x00000007aab00000, 0x00000007beb00000, 0x00000007c0000000)
  eden space 92160K, 100% used [0x00000007aab00000,0x00000007b0500000,0x00000007b0500000)
  from space 116224K, 0% used [0x00000007b7680000,0x00000007b7680000,0x00000007be800000)
  to   space 116224K, 0% used [0x00000007b0500000,0x00000007b0500000,0x00000007b7680000)
 ParOldGen       total 699392K, used 699205K [0x0000000780000000, 0x00000007aab00000, 0x00000007aab00000)
  object space 699392K, 99% used [0x0000000780000000,0x00000007aaad1460,0x00000007aab00000)
 Metaspace       used 6051K, capacity 6122K, committed 6400K, reserved 1056768K
  class space    used 678K, capacity 721K, committed 768K, reserved 1048576K

Card table byte_map: [0x0000000105967000,0x0000000105b68000] byte_map_base: 0x0000000101d67000

Marking Bits: (ParMarkBitMap*) 0x0000000104ef35d0
 Begin Bits: [0x0000000105b68000, 0x0000000106b68000)
 End Bits:   [0x0000000106b68000, 0x0000000107b68000)

Polling page: 0x0000000103c46000

CodeCache: size=245760Kb used=2027Kb max_used=2032Kb free=243732Kb
 bounds [0x0000000109594000, 0x0000000109804000, 0x0000000118594000]
 total_blobs=767 nmethods=475 adapters=206
 compilation: enabled

Compilation events (10 events):
Event: 1.735 Thread 0x00007f8788844000  471 %     4       edu.iastate.cs228.hw3.AdaptiveList::addAll @ 50 (77 bytes)
Event: 1.744 Thread 0x00007f8788844000 nmethod 471% 0x000000010978db10 code [0x000000010978dca0, 0x000000010978e138]
Event: 1.841 Thread 0x00007f8787033000  473       3       sun.misc.VM::addFinalRefCount (24 bytes)
Event: 1.841 Thread 0x00007f8787033000 nmethod 473 0x000000010978d710 code [0x000000010978d880, 0x000000010978da30]
Event: 1.841 Thread 0x00007f8787033000  472   !   3       java.util.zip.ZipFile$ZipFileInputStream::close (110 bytes)
Event: 1.842 Thread 0x00007f8787033000 nmethod 472 0x000000010978edd0 code [0x000000010978ef80, 0x000000010978f7b8]
Event: 1.842 Thread 0x00007f8787033000  475       3       java.lang.ref.ReferenceQueue::reallyPoll (66 bytes)
Event: 1.842 Thread 0x00007f8787033000 nmethod 475 0x000000010978e650 code [0x000000010978e7e0, 0x000000010978ec70]
Event: 1.843 Thread 0x00007f8787033000  474       3       java.lang.ref.Reference::clear (6 bytes)
Event: 1.843 Thread 0x00007f8787033000 nmethod 474 0x000000010978c190 code [0x000000010978c2e0, 0x000000010978c450]

GC Heap History (10 events):
Event: 458.121 GC heap after
Heap after GC invocations=43 (full 29):
 PSYoungGen      total 208384K, used 92160K [0x00000007aab00000, 0x00000007beb00000, 0x00000007c0000000)
  eden space 92160K, 100% used [0x00000007aab00000,0x00000007b0500000,0x00000007b0500000)
  from space 116224K, 0% used [0x00000007b7680000,0x00000007b7680000,0x00000007be800000)
  to   space 116224K, 0% used [0x00000007b0500000,0x00000007b0500000,0x00000007b7680000)
 ParOldGen       total 699392K, used 699195K [0x0000000780000000, 0x00000007aab00000, 0x00000007aab00000)
  object space 699392K, 99% used [0x0000000780000000,0x00000007aaacec60,0x00000007aab00000)
 Metaspace       used 6051K, capacity 6122K, committed 6400K, reserved 1056768K
  class space    used 678K, capacity 721K, committed 768K, reserved 1048576K
}
Event: 458.122 GC heap before
{Heap before GC invocations=44 (full 30):
 PSYoungGen      total 208384K, used 92160K [0x00000007aab00000, 0x00000007beb00000, 0x00000007c0000000)
  eden space 92160K, 100% used [0x00000007aab00000,0x00000007b0500000,0x00000007b0500000)
  from space 116224K, 0% used [0x00000007b7680000,0x00000007b7680000,0x00000007be800000)
  to   space 116224K, 0% used [0x00000007b0500000,0x00000007b0500000,0x00000007b7680000)
 ParOldGen       total 699392K, used 699197K [0x0000000780000000, 0x00000007aab00000, 0x00000007aab00000)
  object space 699392K, 99% used [0x0000000780000000,0x00000007aaacf460,0x00000007aab00000)
 Metaspace       used 6051K, capacity 6122K, committed 6400K, reserved 1056768K
  class space    used 678K, capacity 721K, committed 768K, reserved 1048576K
Event: 478.852 GC heap after
Heap after GC invocations=44 (full 30):
 PSYoungGen      total 208384K, used 92160K [0x00000007aab00000, 0x00000007beb00000, 0x00000007c0000000)
  eden space 92160K, 100% used [0x00000007aab00000,0x00000007b0500000,0x00000007b0500000)
  from space 116224K, 0% used [0x00000007b7680000,0x00000007b7680000,0x00000007be800000)
  to   space 116224K, 0% used [0x00000007b0500000,0x00000007b0500000,0x00000007b7680000)
 ParOldGen       total 699392K, used 699197K [0x0000000780000000, 0x00000007aab00000, 0x00000007aab00000)
  object space 699392K, 99% used [0x0000000780000000,0x00000007aaacf460,0x00000007aab00000)
 Metaspace       used 6051K, capacity 6122K, committed 6400K, reserved 1056768K
  class space    used 678K, capacity 721K, committed 768K, reserved 1048576K
}
Event: 478.853 GC heap before
{Heap before GC invocations=45 (full 31):
 PSYoungGen      total 208384K, used 92160K [0x00000007aab00000, 0x00000007beb00000, 0x00000007c0000000)
  eden space 92160K, 100% used [0x00000007aab00000,0x00000007b0500000,0x00000007b0500000)
  from space 116224K, 0% used [0x00000007b7680000,0x00000007b7680000,0x00000007be800000)
  to   space 116224K, 0% used [0x00000007b0500000,0x00000007b0500000,0x00000007b7680000)
 ParOldGen       total 699392K, used 699199K [0x0000000780000000, 0x00000007aab00000, 0x00000007aab00000)
  object space 699392K, 99% used [0x0000000780000000,0x00000007aaacfc60,0x00000007aab00000)
 Metaspace       used 6051K, capacity 6122K, committed 6400K, reserved 1056768K
  class space    used 678K, capacity 721K, committed 768K, reserved 1048576K
Event: 499.220 GC heap after
Heap after GC invocations=45 (full 31):
 PSYoungGen      total 208384K, used 92160K [0x00000007aab00000, 0x00000007beb00000, 0x00000007c0000000)
  eden space 92160K, 100% used [0x00000007aab00000,0x00000007b0500000,0x00000007b0500000)
  from space 116224K, 0% used [0x00000007b7680000,0x00000007b7680000,0x00000007be800000)
  to   space 116224K, 0% used [0x00000007b0500000,0x00000007b0500000,0x00000007b7680000)
 ParOldGen       total 699392K, used 699199K [0x0000000780000000, 0x00000007aab00000, 0x00000007aab00000)
  object space 699392K, 99% used [0x0000000780000000,0x00000007aaacfc60,0x00000007aab00000)
 Metaspace       used 6051K, capacity 6122K, committed 6400K, reserved 1056768K
  class space    used 678K, capacity 721K, committed 768K, reserved 1048576K
}
Event: 499.224 GC heap before
{Heap before GC invocations=46 (full 32):
 PSYoungGen      total 208384K, used 92160K [0x00000007aab00000, 0x00000007beb00000, 0x00000007c0000000)
  eden space 92160K, 100% used [0x00000007aab00000,0x00000007b0500000,0x00000007b0500000)
  from space 116224K, 0% used [0x00000007b7680000,0x00000007b7680000,0x00000007be800000)
  to   space 116224K, 0% used [0x00000007b0500000,0x00000007b0500000,0x00000007b7680000)
 ParOldGen       total 699392K, used 699201K [0x0000000780000000, 0x00000007aab00000, 0x00000007aab00000)
  object space 699392K, 99% used [0x0000000780000000,0x00000007aaad0460,0x00000007aab00000)
 Metaspace       used 6051K, capacity 6122K, committed 6400K, reserved 1056768K
  class space    used 678K, capacity 721K, committed 768K, reserved 1048576K
Event: 518.380 GC heap after
Heap after GC invocations=46 (full 32):
 PSYoungGen      total 208384K, used 92160K [0x00000007aab00000, 0x00000007beb00000, 0x00000007c0000000)
  eden space 92160K, 100% used [0x00000007aab00000,0x00000007b0500000,0x00000007b0500000)
  from space 116224K, 0% used [0x00000007b7680000,0x00000007b7680000,0x00000007be800000)
  to   space 116224K, 0% used [0x00000007b0500000,0x00000007b0500000,0x00000007b7680000)
 ParOldGen       total 699392K, used 699201K [0x0000000780000000, 0x00000007aab00000, 0x00000007aab00000)
  object space 699392K, 99% used [0x0000000780000000,0x00000007aaad0460,0x00000007aab00000)
 Metaspace       used 6051K, capacity 6122K, committed 6400K, reserved 1056768K
  class space    used 678K, capacity 721K, committed 768K, reserved 1048576K
}
Event: 518.380 GC heap before
{Heap before GC invocations=47 (full 33):
 PSYoungGen      total 208384K, used 92160K [0x00000007aab00000, 0x00000007beb00000, 0x00000007c0000000)
  eden space 92160K, 100% used [0x00000007aab00000,0x00000007b0500000,0x00000007b0500000)
  from space 116224K, 0% used [0x00000007b7680000,0x00000007b7680000,0x00000007be800000)
  to   space 116224K, 0% used [0x00000007b0500000,0x00000007b0500000,0x00000007b7680000)
 ParOldGen       total 699392K, used 699203K [0x0000000780000000, 0x00000007aab00000, 0x00000007aab00000)
  object space 699392K, 99% used [0x0000000780000000,0x00000007aaad0c60,0x00000007aab00000)
 Metaspace       used 6051K, capacity 6122K, committed 6400K, reserved 1056768K
  class space    used 678K, capacity 721K, committed 768K, reserved 1048576K
Event: 540.584 GC heap after
Heap after GC invocations=47 (full 33):
 PSYoungGen      total 208384K, used 92160K [0x00000007aab00000, 0x00000007beb00000, 0x00000007c0000000)
  eden space 92160K, 100% used [0x00000007aab00000,0x00000007b0500000,0x00000007b0500000)
  from space 116224K, 0% used [0x00000007b7680000,0x00000007b7680000,0x00000007be800000)
  to   space 116224K, 0% used [0x00000007b0500000,0x00000007b0500000,0x00000007b7680000)
 ParOldGen       total 699392K, used 699203K [0x0000000780000000, 0x00000007aab00000, 0x00000007aab00000)
  object space 699392K, 99% used [0x0000000780000000,0x00000007aaad0c60,0x00000007aab00000)
 Metaspace       used 6051K, capacity 6122K, committed 6400K, reserved 1056768K
  class space    used 678K, capacity 721K, committed 768K, reserved 1048576K
}
Event: 540.584 GC heap before
{Heap before GC invocations=48 (full 34):
 PSYoungGen      total 208384K, used 92160K [0x00000007aab00000, 0x00000007beb00000, 0x00000007c0000000)
  eden space 92160K, 100% used [0x00000007aab00000,0x00000007b0500000,0x00000007b0500000)
  from space 116224K, 0% used [0x00000007b7680000,0x00000007b7680000,0x00000007be800000)
  to   space 116224K, 0% used [0x00000007b0500000,0x00000007b0500000,0x00000007b7680000)
 ParOldGen       total 699392K, used 699205K [0x0000000780000000, 0x00000007aab00000, 0x00000007aab00000)
  object space 699392K, 99% used [0x0000000780000000,0x00000007aaad1460,0x00000007aab00000)
 Metaspace       used 6051K, capacity 6122K, committed 6400K, reserved 1056768K
  class space    used 678K, capacity 721K, committed 768K, reserved 1048576K

Deoptimization events (0 events):
No events

Internal exceptions (10 events):
Event: 1.512 Thread 0x00007f8788005800 Exception <a 'java/lang/reflect/InvocationTargetException'> (0x00000007ab0d7bf0) thrown at [/Users/java_re/workspace/8-2-build-macosx-x86_64/jdk8u141/9370/hotspot/src/share/vm/runtime/reflection.cpp, line 1092]
Event: 1.512 Thread 0x00007f8788005800 Exception <a 'java/lang/reflect/InvocationTargetException'> (0x00000007ab0d8a40) thrown at [/Users/java_re/workspace/8-2-build-macosx-x86_64/jdk8u141/9370/hotspot/src/share/vm/runtime/reflection.cpp, line 1092]
Event: 1.512 Thread 0x00007f8788005800 Exception <a 'java/lang/reflect/InvocationTargetException'> (0x00000007ab0d97d8) thrown at [/Users/java_re/workspace/8-2-build-macosx-x86_64/jdk8u141/9370/hotspot/src/share/vm/runtime/reflection.cpp, line 1092]
Event: 1.516 Thread 0x00007f8788005800 Exception <a 'java/lang/reflect/InvocationTargetException'> (0x00000007ab0e3f48) thrown at [/Users/java_re/workspace/8-2-build-macosx-x86_64/jdk8u141/9370/hotspot/src/share/vm/runtime/reflection.cpp, line 1092]
Event: 1.601 Thread 0x00007f8788005800 Exception <a 'java/lang/reflect/InvocationTargetException'> (0x00000007ab11ed48) thrown at [/Users/java_re/workspace/8-2-build-macosx-x86_64/jdk8u141/9370/hotspot/src/share/vm/runtime/reflection.cpp, line 1092]
Event: 1.633 Thread 0x00007f8788005800 Exception <a 'java/lang/reflect/InvocationTargetException'> (0x00000007ab1319d0) thrown at [/Users/java_re/workspace/8-2-build-macosx-x86_64/jdk8u141/9370/hotspot/src/share/vm/runtime/reflection.cpp, line 1092]
Event: 1.635 Thread 0x00007f8788005800 Exception <a 'java/lang/reflect/InvocationTargetException'> (0x00000007ab1407b8) thrown at [/Users/java_re/workspace/8-2-build-macosx-x86_64/jdk8u141/9370/hotspot/src/share/vm/runtime/reflection.cpp, line 1092]
Event: 1.696 Thread 0x00007f8788005800 Exception <a 'java/lang/reflect/InvocationTargetException'> (0x00000007ab1521b0) thrown at [/Users/java_re/workspace/8-2-build-macosx-x86_64/jdk8u141/9370/hotspot/src/share/vm/runtime/reflection.cpp, line 1092]
Event: 1.710 Thread 0x00007f8788005800 Exception <a 'java/lang/reflect/InvocationTargetException'> (0x00000007ab15b9f8) thrown at [/Users/java_re/workspace/8-2-build-macosx-x86_64/jdk8u141/9370/hotspot/src/share/vm/runtime/reflection.cpp, line 1092]
Event: 1.713 Thread 0x00007f8788005800 Exception <a 'java/lang/reflect/InvocationTargetException'> (0x00000007ab16c338) thrown at [/Users/java_re/workspace/8-2-build-macosx-x86_64/jdk8u141/9370/hotspot/src/share/vm/runtime/reflection.cpp, line 1092]

Events (10 events):
Event: 458.121 Executing VM operation: ParallelGCFailedAllocation done
Event: 458.121 Executing VM operation: ParallelGCFailedAllocation
Event: 478.852 Executing VM operation: ParallelGCFailedAllocation done
Event: 478.853 Executing VM operation: ParallelGCFailedAllocation
Event: 499.221 Executing VM operation: ParallelGCFailedAllocation done
Event: 499.224 Executing VM operation: ParallelGCFailedAllocation
Event: 518.380 Executing VM operation: ParallelGCFailedAllocation done
Event: 518.380 Executing VM operation: ParallelGCFailedAllocation
Event: 540.584 Executing VM operation: ParallelGCFailedAllocation done
Event: 540.584 Executing VM operation: ParallelGCFailedAllocation


Dynamic libraries:
0x0000000019788000 	/System/Library/Frameworks/Cocoa.framework/Versions/A/Cocoa
0x0000000019788000 	/System/Library/Frameworks/Security.framework/Versions/A/Security
0x0000000019788000 	/System/Library/Frameworks/ApplicationServices.framework/Versions/A/ApplicationServices
0x0000000019788000 	/usr/lib/libz.1.dylib
0x0000000019788000 	/usr/lib/libSystem.B.dylib
0x0000000019788000 	/usr/lib/libobjc.A.dylib
0x0000000019788000 	/System/Library/Frameworks/CoreFoundation.framework/Versions/A/CoreFoundation
0x0000000019788000 	/System/Library/Frameworks/Foundation.framework/Versions/C/Foundation
0x0000000019788000 	/System/Library/Frameworks/AppKit.framework/Versions/C/AppKit
0x0000000019788000 	/System/Library/Frameworks/CoreData.framework/Versions/A/CoreData
0x0000000019788000 	/System/Library/PrivateFrameworks/RemoteViewServices.framework/Versions/A/RemoteViewServices
0x0000000019788000 	/System/Library/PrivateFrameworks/UIFoundation.framework/Versions/A/UIFoundation
0x0000000019788000 	/System/Library/PrivateFrameworks/DFRFoundation.framework/Versions/A/DFRFoundation
0x0000000019788000 	/usr/lib/libenergytrace.dylib
0x0000000019788000 	/System/Library/PrivateFrameworks/SkyLight.framework/Versions/A/SkyLight
0x0000000019788000 	/System/Library/Frameworks/CoreGraphics.framework/Versions/A/CoreGraphics
0x0000000019788000 	/usr/lib/libScreenReader.dylib
0x0000000019788000 	/System/Library/Frameworks/Accelerate.framework/Versions/A/Accelerate
0x0000000019788000 	/System/Library/Frameworks/IOSurface.framework/Versions/A/IOSurface
0x0000000019788000 	/System/Library/Frameworks/AudioToolbox.framework/Versions/A/AudioToolbox
0x0000000019788000 	/System/Library/Frameworks/AudioUnit.framework/Versions/A/AudioUnit
0x0000000019788000 	/System/Library/PrivateFrameworks/DataDetectorsCore.framework/Versions/A/DataDetectorsCore
0x0000000019788000 	/System/Library/PrivateFrameworks/DesktopServicesPriv.framework/Versions/A/DesktopServicesPriv
0x0000000019788000 	/System/Library/Frameworks/Carbon.framework/Versions/A/Frameworks/HIToolbox.framework/Versions/A/HIToolbox
0x0000000019788000 	/usr/lib/libicucore.A.dylib
0x0000000019788000 	/System/Library/Frameworks/QuartzCore.framework/Versions/A/QuartzCore
0x0000000019788000 	/System/Library/Frameworks/Carbon.framework/Versions/A/Frameworks/SpeechRecognition.framework/Versions/A/SpeechRecognition
0x0000000019788000 	/usr/lib/libauto.dylib
0x0000000019788000 	/usr/lib/libxml2.2.dylib
0x0000000019788000 	/System/Library/PrivateFrameworks/CoreUI.framework/Versions/A/CoreUI
0x0000000019788000 	/System/Library/Frameworks/CoreAudio.framework/Versions/A/CoreAudio
0x0000000019788000 	/System/Library/Frameworks/DiskArbitration.framework/Versions/A/DiskArbitration
0x0000000019788000 	/usr/lib/liblangid.dylib
0x0000000019788000 	/System/Library/PrivateFrameworks/MultitouchSupport.framework/Versions/A/MultitouchSupport
0x0000000019788000 	/System/Library/Frameworks/IOKit.framework/Versions/A/IOKit
0x0000000019788000 	/usr/lib/libDiagnosticMessagesClient.dylib
0x0000000019788000 	/System/Library/Frameworks/CoreServices.framework/Versions/A/CoreServices
0x0000000019788000 	/System/Library/PrivateFrameworks/PerformanceAnalysis.framework/Versions/A/PerformanceAnalysis
0x0000000019788000 	/System/Library/PrivateFrameworks/GenerationalStorage.framework/Versions/A/GenerationalStorage
0x0000000019788000 	/System/Library/Frameworks/OpenGL.framework/Versions/A/OpenGL
0x0000000019788000 	/System/Library/Frameworks/CoreImage.framework/Versions/A/CoreImage
0x0000000019788000 	/System/Library/Frameworks/CoreText.framework/Versions/A/CoreText
0x0000000019788000 	/System/Library/Frameworks/ImageIO.framework/Versions/A/ImageIO
0x0000000019788000 	/System/Library/PrivateFrameworks/Backup.framework/Versions/A/Backup
0x0000000019788000 	/usr/lib/libarchive.2.dylib
0x0000000019788000 	/System/Library/Frameworks/CFNetwork.framework/Versions/A/CFNetwork
0x0000000019788000 	/System/Library/Frameworks/SystemConfiguration.framework/Versions/A/SystemConfiguration
0x0000000019788000 	/usr/lib/libCRFSuite.dylib
0x0000000019788000 	/usr/lib/libc++.1.dylib
0x0000000019788000 	/usr/lib/libc++abi.dylib
0x0000000019788000 	/usr/lib/system/libcache.dylib
0x0000000019788000 	/usr/lib/system/libcommonCrypto.dylib
0x0000000019788000 	/usr/lib/system/libcompiler_rt.dylib
0x0000000019788000 	/usr/lib/system/libcopyfile.dylib
0x0000000019788000 	/usr/lib/system/libcorecrypto.dylib
0x0000000019788000 	/usr/lib/system/libdispatch.dylib
0x0000000019788000 	/usr/lib/system/libdyld.dylib
0x0000000019788000 	/usr/lib/system/libkeymgr.dylib
0x0000000019788000 	/usr/lib/system/liblaunch.dylib
0x0000000019788000 	/usr/lib/system/libmacho.dylib
0x0000000019788000 	/usr/lib/system/libquarantine.dylib
0x0000000019788000 	/usr/lib/system/libremovefile.dylib
0x0000000019788000 	/usr/lib/system/libsystem_asl.dylib
0x0000000019788000 	/usr/lib/system/libsystem_blocks.dylib
0x0000000019788000 	/usr/lib/system/libsystem_c.dylib
0x0000000019788000 	/usr/lib/system/libsystem_configuration.dylib
0x0000000019788000 	/usr/lib/system/libsystem_coreservices.dylib
0x0000000019788000 	/usr/lib/system/libsystem_coretls.dylib
0x0000000019788000 	/usr/lib/system/libsystem_dnssd.dylib
0x0000000019788000 	/usr/lib/system/libsystem_info.dylib
0x0000000019788000 	/usr/lib/system/libsystem_kernel.dylib
0x0000000019788000 	/usr/lib/system/libsystem_m.dylib
0x0000000019788000 	/usr/lib/system/libsystem_malloc.dylib
0x0000000019788000 	/usr/lib/system/libsystem_network.dylib
0x0000000019788000 	/usr/lib/system/libsystem_networkextension.dylib
0x0000000019788000 	/usr/lib/system/libsystem_notify.dylib
0x0000000019788000 	/usr/lib/system/libsystem_platform.dylib
0x0000000019788000 	/usr/lib/system/libsystem_pthread.dylib
0x0000000019788000 	/usr/lib/system/libsystem_sandbox.dylib
0x0000000019788000 	/usr/lib/system/libsystem_secinit.dylib
0x0000000019788000 	/usr/lib/system/libsystem_symptoms.dylib
0x0000000019788000 	/usr/lib/system/libsystem_trace.dylib
0x0000000019788000 	/usr/lib/system/libunwind.dylib
0x0000000019788000 	/usr/lib/system/libxpc.dylib
0x0000000019788000 	/usr/lib/libbsm.0.dylib
0x0000000019788000 	/usr/lib/system/libkxld.dylib
0x0000000019788000 	/usr/lib/libcoretls.dylib
0x0000000019788000 	/usr/lib/libcoretls_cfhelpers.dylib
0x0000000019788000 	/usr/lib/libOpenScriptingUtil.dylib
0x0000000019788000 	/usr/lib/libpam.2.dylib
0x0000000019788000 	/usr/lib/libsqlite3.dylib
0x0000000019788000 	/usr/lib/libxar.1.dylib
0x0000000019788000 	/usr/lib/libbz2.1.0.dylib
0x0000000019788000 	/usr/lib/liblzma.5.dylib
0x0000000019788000 	/usr/lib/libnetwork.dylib
0x0000000019788000 	/usr/lib/libpcap.A.dylib
0x0000000019788000 	/System/Library/Frameworks/CoreServices.framework/Versions/A/Frameworks/FSEvents.framework/Versions/A/FSEvents
0x0000000019788000 	/System/Library/Frameworks/CoreServices.framework/Versions/A/Frameworks/CarbonCore.framework/Versions/A/CarbonCore
0x0000000019788000 	/System/Library/Frameworks/CoreServices.framework/Versions/A/Frameworks/Metadata.framework/Versions/A/Metadata
0x0000000019788000 	/System/Library/Frameworks/CoreServices.framework/Versions/A/Frameworks/OSServices.framework/Versions/A/OSServices
0x0000000019788000 	/System/Library/Frameworks/CoreServices.framework/Versions/A/Frameworks/SearchKit.framework/Versions/A/SearchKit
0x0000000019788000 	/System/Library/Frameworks/CoreServices.framework/Versions/A/Frameworks/AE.framework/Versions/A/AE
0x0000000019788000 	/System/Library/Frameworks/CoreServices.framework/Versions/A/Frameworks/LaunchServices.framework/Versions/A/LaunchServices
0x0000000019788000 	/System/Library/Frameworks/CoreServices.framework/Versions/A/Frameworks/DictionaryServices.framework/Versions/A/DictionaryServices
0x0000000019788000 	/System/Library/Frameworks/CoreServices.framework/Versions/A/Frameworks/SharedFileList.framework/Versions/A/SharedFileList
0x0000000019788000 	/System/Library/Frameworks/NetFS.framework/Versions/A/NetFS
0x0000000019788000 	/System/Library/PrivateFrameworks/NetAuth.framework/Versions/A/NetAuth
0x0000000019788000 	/System/Library/PrivateFrameworks/login.framework/Versions/A/Frameworks/loginsupport.framework/Versions/A/loginsupport
0x0000000019788000 	/System/Library/PrivateFrameworks/TCC.framework/Versions/A/TCC
0x0000000019788000 	/usr/lib/libmecabra.dylib
0x0000000019788000 	/System/Library/Frameworks/ApplicationServices.framework/Versions/A/Frameworks/ATS.framework/Versions/A/ATS
0x0000000019788000 	/System/Library/Frameworks/ApplicationServices.framework/Versions/A/Frameworks/ColorSync.framework/Versions/A/ColorSync
0x0000000019788000 	/System/Library/Frameworks/ApplicationServices.framework/Versions/A/Frameworks/HIServices.framework/Versions/A/HIServices
0x0000000019788000 	/System/Library/Frameworks/ApplicationServices.framework/Versions/A/Frameworks/LangAnalysis.framework/Versions/A/LangAnalysis
0x0000000019788000 	/System/Library/Frameworks/ApplicationServices.framework/Versions/A/Frameworks/PrintCore.framework/Versions/A/PrintCore
0x0000000019788000 	/System/Library/Frameworks/ApplicationServices.framework/Versions/A/Frameworks/QD.framework/Versions/A/QD
0x0000000019788000 	/System/Library/Frameworks/ApplicationServices.framework/Versions/A/Frameworks/SpeechSynthesis.framework/Versions/A/SpeechSynthesis
0x0000000019788000 	/System/Library/Frameworks/Accelerate.framework/Versions/A/Frameworks/vImage.framework/Versions/A/vImage
0x0000000019788000 	/System/Library/Frameworks/Accelerate.framework/Versions/A/Frameworks/vecLib.framework/Versions/A/vecLib
0x0000000019788000 	/System/Library/Frameworks/Accelerate.framework/Versions/A/Frameworks/vecLib.framework/Versions/A/libvDSP.dylib
0x0000000019788000 	/System/Library/Frameworks/Accelerate.framework/Versions/A/Frameworks/vecLib.framework/Versions/A/libBNNS.dylib
0x0000000019788000 	/System/Library/Frameworks/Accelerate.framework/Versions/A/Frameworks/vecLib.framework/Versions/A/libQuadrature.dylib
0x0000000019788000 	/System/Library/Frameworks/Accelerate.framework/Versions/A/Frameworks/vecLib.framework/Versions/A/libvMisc.dylib
0x0000000019788000 	/System/Library/Frameworks/Accelerate.framework/Versions/A/Frameworks/vecLib.framework/Versions/A/libLAPACK.dylib
0x0000000019788000 	/System/Library/Frameworks/Accelerate.framework/Versions/A/Frameworks/vecLib.framework/Versions/A/libBLAS.dylib
0x0000000019788000 	/System/Library/Frameworks/Accelerate.framework/Versions/A/Frameworks/vecLib.framework/Versions/A/libLinearAlgebra.dylib
0x0000000019788000 	/System/Library/Frameworks/Accelerate.framework/Versions/A/Frameworks/vecLib.framework/Versions/A/libSparseBLAS.dylib
0x0000000019788000 	/System/Library/Frameworks/ApplicationServices.framework/Versions/A/Frameworks/ATS.framework/Versions/A/Resources/libFontParser.dylib
0x0000000019788000 	/System/Library/Frameworks/ApplicationServices.framework/Versions/A/Frameworks/ATS.framework/Versions/A/Resources/libFontRegistry.dylib
0x0000000019788000 	/System/Library/Frameworks/ImageIO.framework/Versions/A/Resources/libJPEG.dylib
0x0000000019788000 	/System/Library/Frameworks/ImageIO.framework/Versions/A/Resources/libTIFF.dylib
0x0000000019788000 	/System/Library/Frameworks/ImageIO.framework/Versions/A/Resources/libPng.dylib
0x0000000019788000 	/System/Library/Frameworks/ImageIO.framework/Versions/A/Resources/libGIF.dylib
0x0000000019788000 	/System/Library/Frameworks/ImageIO.framework/Versions/A/Resources/libJP2.dylib
0x0000000019788000 	/System/Library/Frameworks/ImageIO.framework/Versions/A/Resources/libRadiance.dylib
0x0000000019788000 	/usr/lib/libcompression.dylib
0x0000000019788000 	/System/Library/PrivateFrameworks/AppleJPEG.framework/Versions/A/AppleJPEG
0x0000000019788000 	/usr/lib/libcups.2.dylib
0x0000000019788000 	/System/Library/Frameworks/Kerberos.framework/Versions/A/Kerberos
0x0000000019788000 	/System/Library/Frameworks/GSS.framework/Versions/A/GSS
0x0000000019788000 	/usr/lib/libresolv.9.dylib
0x0000000019788000 	/usr/lib/libiconv.2.dylib
0x0000000019788000 	/System/Library/PrivateFrameworks/Heimdal.framework/Versions/A/Heimdal
0x0000000019788000 	/usr/lib/libheimdal-asn1.dylib
0x0000000019788000 	/System/Library/Frameworks/OpenDirectory.framework/Versions/A/OpenDirectory
0x0000000019788000 	/System/Library/PrivateFrameworks/CommonAuth.framework/Versions/A/CommonAuth
0x0000000019788000 	/System/Library/Frameworks/OpenDirectory.framework/Versions/A/Frameworks/CFOpenDirectory.framework/Versions/A/CFOpenDirectory
0x0000000019788000 	/System/Library/Frameworks/SecurityFoundation.framework/Versions/A/SecurityFoundation
0x0000000019788000 	/System/Library/PrivateFrameworks/LanguageModeling.framework/Versions/A/LanguageModeling
0x0000000019788000 	/usr/lib/libmarisa.dylib
0x0000000019788000 	/usr/lib/libChineseTokenizer.dylib
0x0000000019788000 	/usr/lib/libcmph.dylib
0x0000000019788000 	/System/Library/PrivateFrameworks/CoreEmoji.framework/Versions/A/CoreEmoji
0x0000000019788000 	/System/Library/Frameworks/ServiceManagement.framework/Versions/A/ServiceManagement
0x0000000019788000 	/usr/lib/libxslt.1.dylib
0x0000000019788000 	/System/Library/Frameworks/Carbon.framework/Versions/A/Frameworks/Ink.framework/Versions/A/Ink
0x0000000019788000 	/System/Library/PrivateFrameworks/TextureIO.framework/Versions/A/TextureIO
0x0000000019788000 	/System/Library/Frameworks/Metal.framework/Versions/A/Metal
0x0000000019788000 	/usr/lib/libate.dylib
0x0000000019788000 	/System/Library/PrivateFrameworks/GPUCompiler.framework/libmetal_timestamp.dylib
0x0000000019788000 	/System/Library/Frameworks/OpenGL.framework/Versions/A/Libraries/libCoreFSCache.dylib
0x0000000019788000 	/System/Library/PrivateFrameworks/IOAccelerator.framework/Versions/A/IOAccelerator
0x0000000019788000 	/System/Library/Frameworks/CoreVideo.framework/Versions/A/CoreVideo
0x0000000019788000 	/usr/lib/libFosl_dynamic.dylib
0x0000000019788000 	/System/Library/PrivateFrameworks/MetalPerformanceShaders.framework/Versions/A/MetalPerformanceShaders
0x0000000019788000 	/System/Library/PrivateFrameworks/FaceCore.framework/Versions/A/FaceCore
0x0000000019788000 	/System/Library/Frameworks/OpenCL.framework/Versions/A/OpenCL
0x0000000019788000 	/System/Library/Frameworks/OpenGL.framework/Versions/A/Libraries/libGLU.dylib
0x0000000019788000 	/System/Library/Frameworks/OpenGL.framework/Versions/A/Libraries/libGFXShared.dylib
0x0000000019788000 	/System/Library/Frameworks/OpenGL.framework/Versions/A/Libraries/libGL.dylib
0x0000000019788000 	/System/Library/Frameworks/OpenGL.framework/Versions/A/Libraries/libGLImage.dylib
0x0000000019788000 	/System/Library/Frameworks/OpenGL.framework/Versions/A/Libraries/libCVMSPluginSupport.dylib
0x0000000019788000 	/System/Library/Frameworks/OpenGL.framework/Versions/A/Libraries/libCoreVMClient.dylib
0x0000000019788000 	/System/Library/PrivateFrameworks/CrashReporterSupport.framework/Versions/A/CrashReporterSupport
0x0000000019788000 	/System/Library/PrivateFrameworks/Sharing.framework/Versions/A/Sharing
0x0000000019788000 	/System/Library/PrivateFrameworks/IconServices.framework/Versions/A/IconServices
0x0000000019788000 	/System/Library/PrivateFrameworks/ProtocolBuffer.framework/Versions/A/ProtocolBuffer
0x0000000019788000 	/System/Library/PrivateFrameworks/Apple80211.framework/Versions/A/Apple80211
0x0000000019788000 	/System/Library/Frameworks/CoreWLAN.framework/Versions/A/CoreWLAN
0x0000000019788000 	/System/Library/PrivateFrameworks/CoreUtils.framework/Versions/A/CoreUtils
0x0000000019788000 	/System/Library/Frameworks/IOBluetooth.framework/Versions/A/IOBluetooth
0x0000000019788000 	/System/Library/PrivateFrameworks/CoreWiFi.framework/Versions/A/CoreWiFi
0x0000000019788000 	/System/Library/Frameworks/CoreBluetooth.framework/Versions/A/CoreBluetooth
0x0000000019788000 	/System/Library/Frameworks/CoreDisplay.framework/Versions/A/CoreDisplay
0x0000000019788000 	/System/Library/PrivateFrameworks/IOPresentment.framework/Versions/A/IOPresentment
0x0000000019788000 	/System/Library/PrivateFrameworks/DSExternalDisplay.framework/Versions/A/DSExternalDisplay
0x0000000019788000 	/System/Library/PrivateFrameworks/DebugSymbols.framework/Versions/A/DebugSymbols
0x0000000019788000 	/System/Library/PrivateFrameworks/CoreSymbolication.framework/Versions/A/CoreSymbolication
0x0000000019788000 	/System/Library/PrivateFrameworks/Symbolication.framework/Versions/A/Symbolication
0x0000000019788000 	/System/Library/PrivateFrameworks/AppleFSCompression.framework/Versions/A/AppleFSCompression
0x0000000019788000 	/System/Library/PrivateFrameworks/SpeechRecognitionCore.framework/Versions/A/SpeechRecognitionCore
0x0000000019788000 	/System/Library/PrivateFrameworks/ChunkingLibrary.framework/Versions/A/ChunkingLibrary
0x0000000104600000 	/Library/Java/JavaVirtualMachines/jdk1.8.0_141.jdk/Contents/Home/jre/lib/server/libjvm.dylib
0x0000000019788000 	/usr/lib/libstdc++.6.dylib
0x0000000103c03000 	/Library/Java/JavaVirtualMachines/jdk1.8.0_141.jdk/Contents/Home/jre/lib/libverify.dylib
0x0000000103c11000 	/Library/Java/JavaVirtualMachines/jdk1.8.0_141.jdk/Contents/Home/jre/lib/libjava.dylib
0x0000000103c50000 	/Library/Java/JavaVirtualMachines/jdk1.8.0_141.jdk/Contents/Home/jre/lib/libzip.dylib
0x0000000109410000 	/System/Library/Frameworks/JavaVM.framework/Frameworks/JavaRuntimeSupport.framework/JavaRuntimeSupport
0x000000010942a000 	/System/Library/Frameworks/JavaVM.framework/Versions/A/Frameworks/JavaNativeFoundation.framework/Versions/A/JavaNativeFoundation
0x0000000103dec000 	/System/Library/Frameworks/JavaVM.framework/Versions/A/JavaVM
0x0000000019788000 	/System/Library/Frameworks/Carbon.framework/Versions/A/Carbon
0x000000010943f000 	/System/Library/PrivateFrameworks/JavaLaunching.framework/Versions/A/JavaLaunching
0x0000000019788000 	/System/Library/Frameworks/Carbon.framework/Versions/A/Frameworks/CommonPanels.framework/Versions/A/CommonPanels
0x0000000019788000 	/System/Library/Frameworks/Carbon.framework/Versions/A/Frameworks/Help.framework/Versions/A/Help
0x0000000019788000 	/System/Library/Frameworks/Carbon.framework/Versions/A/Frameworks/ImageCapture.framework/Versions/A/ImageCapture
0x0000000019788000 	/System/Library/Frameworks/Carbon.framework/Versions/A/Frameworks/OpenScripting.framework/Versions/A/OpenScripting
0x0000000019788000 	/System/Library/Frameworks/Carbon.framework/Versions/A/Frameworks/Print.framework/Versions/A/Print
0x0000000019788000 	/System/Library/Frameworks/Carbon.framework/Versions/A/Frameworks/SecurityHI.framework/Versions/A/SecurityHI
0x0000000109499000 	/Library/Java/JavaVirtualMachines/jdk1.8.0_141.jdk/Contents/Home/jre/lib/libnet.dylib

VM Arguments:
jvm_args: -ea -Dfile.encoding=UTF-8 
java_command: org.eclipse.jdt.internal.junit.runner.RemoteTestRunner -version 3 -port 49821 -testLoaderClass org.eclipse.jdt.internal.junit4.runner.JUnit4TestLoader -loaderpluginname org.eclipse.jdt.junit4.runtime -classNames edu.iastate.cs228.hw3.AdaptiveListTests
java_class_path (initial): /Users/ruski/Documents/coms228/Project3/bin:/Applications/Eclipse.app/Contents/Eclipse/plugins/org.junit_4.12.0.v201504281640/junit.jar:/Applications/Eclipse.app/Contents/Eclipse/plugins/org.hamcrest.core_1.3.0.v201303031735.jar:/Applications/Eclipse.app/Contents/Eclipse/configuration/org.eclipse.osgi/223/0/.cp:/Applications/Eclipse.app/Contents/Eclipse/configuration/org.eclipse.osgi/222/0/.cp
Launcher Type: SUN_STANDARD

Environment Variables:
PATH=/usr/bin:/bin:/usr/sbin:/sbin
SHELL=/bin/bash

Signal Handlers:
SIGSEGV: [libjvm.dylib+0x5b26e5], sa_mask[0]=11111111011111110111111111111111, sa_flags=SA_ONSTACK|SA_RESTART|SA_SIGINFO
SIGBUS: [libjvm.dylib+0x5b26e5], sa_mask[0]=11111111011111110111111111111111, sa_flags=SA_RESTART|SA_SIGINFO
SIGFPE: [libjvm.dylib+0x489100], sa_mask[0]=11111111011111110111111111111111, sa_flags=SA_RESTART|SA_SIGINFO
SIGPIPE: [libjvm.dylib+0x489100], sa_mask[0]=11111111011111110111111111111111, sa_flags=SA_RESTART|SA_SIGINFO
SIGXFSZ: [libjvm.dylib+0x489100], sa_mask[0]=11111111011111110111111111111111, sa_flags=SA_RESTART|SA_SIGINFO
SIGILL: [libjvm.dylib+0x489100], sa_mask[0]=11111111011111110111111111111111, sa_flags=SA_RESTART|SA_SIGINFO
SIGUSR1: SIG_DFL, sa_mask[0]=00000000000000000000000000000000, sa_flags=none
SIGUSR2: [libjvm.dylib+0x488c1e], sa_mask[0]=00100000000000000000000000000000, sa_flags=SA_RESTART|SA_SIGINFO
SIGHUP: [libjvm.dylib+0x4871f5], sa_mask[0]=11111111011111110111111111111111, sa_flags=SA_RESTART|SA_SIGINFO
SIGINT: [libjvm.dylib+0x4871f5], sa_mask[0]=11111111011111110111111111111111, sa_flags=SA_RESTART|SA_SIGINFO
SIGTERM: [libjvm.dylib+0x4871f5], sa_mask[0]=11111111011111110111111111111111, sa_flags=SA_RESTART|SA_SIGINFO
SIGQUIT: [libjvm.dylib+0x4871f5], sa_mask[0]=11111111011111110111111111111111, sa_flags=SA_RESTART|SA_SIGINFO


---------------  S Y S T E M  ---------------

OS:Bsduname:Darwin 16.7.0 Darwin Kernel Version 16.7.0: Thu Jun 15 17:36:27 PDT 2017; root:xnu-3789.70.16~2/RELEASE_X86_64 x86_64
rlimit: STACK 8192k, CORE 0k, NPROC 709, NOFILE 10240, AS infinity
load average:26.22 35.51 26.98

CPU:total 4 (initial active 4) (2 cores per cpu, 2 threads per core) family 6 model 61 stepping 4, cmov, cx8, fxsr, mmx, sse, sse2, sse3, ssse3, sse4.1, sse4.2, popcnt, avx, avx2, aes, clmul, erms, 3dnowpref, lzcnt, ht, tsc, tscinvbit, bmi1, bmi2, adx

Memory: 4k page, physical 4194304k(45188k free)

/proc/meminfo:


vm_info: Java HotSpot(TM) 64-Bit Server VM (25.141-b15) for bsd-amd64 JRE (1.8.0_141-b15), built on Jul 12 2017 04:35:23 by "java_re" with gcc 4.2.1 (Based on Apple Inc. build 5658) (LLVM build 2336.11.00)

time: Wed Oct 25 17:46:28 2017
elapsed time: 547 seconds (0d 0h 9m 7s)

