#
# A fatal error has been detected by the Java Runtime Environment:
#
#  SIGSEGV (0xb) at pc=0x0000000105d591c6, pid=1147, tid=0x0000000000002703
#
# JRE version: Java(TM) SE Runtime Environment (8.0_141-b15) (build 1.8.0_141-b15)
# Java VM: Java HotSpot(TM) 64-Bit Server VM (25.141-b15 mixed mode bsd-amd64 compressed oops)
# Problematic frame:
# V  [libjvm.dylib+0x4bd1c6]
#
# Failed to write core dump. Core dumps have been disabled. To enable core dumping, try "ulimit -c unlimited" before starting Java again
#
# If you would like to submit a bug report, please visit:
#   http://bugreport.java.com/bugreport/crash.jsp
#

---------------  T H R E A D  ---------------

Current thread (0x00007ff7f9006000):  GCTaskThread [stack: 0x000070000cfbb000,0x000070000d0bb000] [id=9987]

siginfo: si_signo: 11 (SIGSEGV), si_code: 1 (SEGV_MAPERR), si_addr: 0x0000000000000139

Registers:
RAX=0x0000000000000019, RBX=0x00007ff7f8514480, RCX=0x0000000000000203, RDX=0x000000078380eec8
RSP=0x000070000d0bacd0, RBP=0x000070000d0bad50, RSI=0x00007ff7f8514480, RDI=0x000000078380efc8
R8 =0x0000000000000070, R9 =0x000000000000fffd, R10=0x2248888888888801, R11=0x0000000002000000
R12=0x000000078380eec8, R13=0x00000001060dbb20, R14=0x00007ff7f8514488, R15=0x00000001060dbb20
RIP=0x0000000105d591c6, EFLAGS=0x0000000000010202, ERR=0x0000000000000004
  TRAPNO=0x000000000000000e

Top of Stack: (sp=0x000070000d0bacd0)
0x000070000d0bacd0:   000070000d0bad00 00007ff7f85144c0
0x000070000d0bace0:   00007ff7f8514508 00007ff7f8514540
0x000070000d0bacf0:   00000007c00af738 00000007c00af740
0x000070000d0bad00:   000000078380eec8 0000000105b5c551
0x000070000d0bad10:   000070000d0bad50 000000078385ee40
0x000070000d0bad20:   08a47bac00000235 0000000000000001
0x000070000d0bad30:   000070000d0bad80 00000001060dbb20
0x000070000d0bad40:   00007ff7f8514480 000070000d0bad6c
0x000070000d0bad50:   000070000d0badb0 0000000105d4b9db
0x000070000d0bad60:   00007ff7fa06fc10 207a5d6605b12d57
0x000070000d0bad70:   000000078091e928 0000000000000200
0x000070000d0bad80:   000000078385ee40 00007ff7f9006000
0x000070000d0bad90:   0000000000000000 0000000105eafb3e
0x000070000d0bada0:   00007ff7fa06fc10 0000000000000001
0x000070000d0badb0:   000070000d0bae90 0000000105b132cf
0x000070000d0badc0:   000070000d0badf0 00007ff7f86064d0
0x000070000d0badd0:   00007ff7f8606500 00007ff7f8606510
0x000070000d0bade0:   00007ff7f86068e8 00000000000003d8
0x000070000d0badf0:   00007ff7f9006000 00007ff7f86068f0
0x000070000d0bae00:   00007ff7f8606930 00007ff7f8606940
0x000070000d0bae10:   00007ff7f8606a18 00000000000000d8
0x000070000d0bae20:   000070000d0bae30 0000000000000000
0x000070000d0bae30:   00007ff7f9006000 00007ff7f86068f0
0x000070000d0bae40:   00007ff7f8606930 00007ff7f8606940
0x000070000d0bae50:   00007ff7f8606a18 00000000000000d8
0x000070000d0bae60:   00007ff7f8606b30 00007ff7f9006000
0x000070000d0bae70:   0000000000009823 0000000000002703
0x000070000d0bae80:   00007ff7f86073f0 00007ff7f8607460
0x000070000d0bae90:   000070000d0baef0 0000000105d27aee
0x000070000d0baea0:   0000000000000000 00007ff7f8607460
0x000070000d0baeb0:   0000000600000000 0000000000009823
0x000070000d0baec0:   000070000d0bb0e0 000070000d0bb180 

Instructions: (pc=0x0000000105d591c6)
0x0000000105d591a6:   11 41 8a 4f 08 41 8b 7c 24 08 48 d3 e7 49 03 3f
0x0000000105d591b6:   eb 05 49 8b 7c 24 08 48 8b 07 48 89 de 4c 89 e2
0x0000000105d591c6:   ff 90 20 01 00 00 8b 43 08 89 c1 2b 4b 10 f7 c1
0x0000000105d591d6:   ff ff 01 00 74 73 05 ff ff 01 00 89 c6 81 e6 ff 

Register to memory mapping:

RAX=0x0000000000000019 is an unknown value
RBX=0x00007ff7f8514480 is an unknown value
RCX=0x0000000000000203 is an unknown value
RDX=0x000000078380eec8 is pointing into object: 0x000000078380eeb8
edu.iastate.cs228.hw3.AdaptiveList$ListNode 
 - klass: 'edu/iastate/cs228/hw3/AdaptiveList$ListNode'
RSP=0x000070000d0bacd0 is an unknown value
RBP=0x000070000d0bad50 is an unknown value
RSI=0x00007ff7f8514480 is an unknown value
RDI=0x000000078380efc8 is an oop
edu.iastate.cs228.hw3.AdaptiveList 
 - klass: 'edu/iastate/cs228/hw3/AdaptiveList'
R8 =0x0000000000000070 is an unknown value
R9 =0x000000000000fffd is an unknown value
R10=0x2248888888888801 is an unknown value
R11=0x0000000002000000 is an unknown value
R12=0x000000078380eec8 is pointing into object: 0x000000078380eeb8
edu.iastate.cs228.hw3.AdaptiveList$ListNode 
 - klass: 'edu/iastate/cs228/hw3/AdaptiveList$ListNode'
R13=0x00000001060dbb20: _ZN8Universe13_narrow_klassE+0 in /Library/Java/JavaVirtualMachines/jdk1.8.0_141.jdk/Contents/Home/jre/lib/server/libjvm.dylib at 0x000000010589c000
R14=0x00007ff7f8514488 is an unknown value
R15=0x00000001060dbb20: _ZN8Universe13_narrow_klassE+0 in /Library/Java/JavaVirtualMachines/jdk1.8.0_141.jdk/Contents/Home/jre/lib/server/libjvm.dylib at 0x000000010589c000


Stack: [0x000070000cfbb000,0x000070000d0bb000],  sp=0x000070000d0bacd0,  free space=1023k
Native frames: (J=compiled Java code, j=interpreted, Vv=VM code, C=native code)
V  [libjvm.dylib+0x4bd1c6]
V  [libjvm.dylib+0x4af9db]
V  [libjvm.dylib+0x2772cf]
V  [libjvm.dylib+0x48baee]
C  [libsystem_pthread.dylib+0x393b]  _pthread_body+0xb4
C  [libsystem_pthread.dylib+0x3887]  _pthread_body+0x0
C  [libsystem_pthread.dylib+0x308d]  thread_start+0xd


---------------  P R O C E S S  ---------------

Java Threads: ( => current thread )
  0x00007ff7fa04f000 JavaThread "ReaderThread" [_thread_in_native, id=19459, stack(0x000070000dbdf000,0x000070000dcdf000)]
  0x00007ff7f903e800 JavaThread "Service Thread" daemon [_thread_blocked, id=18435, stack(0x000070000d9d9000,0x000070000dad9000)]
  0x00007ff7f9013000 JavaThread "C1 CompilerThread2" daemon [_thread_blocked, id=17923, stack(0x000070000d8d6000,0x000070000d9d6000)]
  0x00007ff7fa02b000 JavaThread "C2 CompilerThread1" daemon [_thread_blocked, id=17411, stack(0x000070000d7d3000,0x000070000d8d3000)]
  0x00007ff7fa01a000 JavaThread "C2 CompilerThread0" daemon [_thread_blocked, id=16899, stack(0x000070000d6d0000,0x000070000d7d0000)]
  0x00007ff7fa019800 JavaThread "Signal Dispatcher" daemon [_thread_blocked, id=16387, stack(0x000070000d5cd000,0x000070000d6cd000)]
  0x00007ff7f9010000 JavaThread "Finalizer" daemon [_thread_blocked, id=12547, stack(0x000070000d4ca000,0x000070000d5ca000)]
  0x00007ff7fa00c000 JavaThread "Reference Handler" daemon [_thread_blocked, id=12035, stack(0x000070000d3c7000,0x000070000d4c7000)]
  0x00007ff7fa000800 JavaThread "main" [_thread_blocked, id=7171, stack(0x000070000cdb5000,0x000070000ceb5000)]

Other Threads:
  0x00007ff7fa009800 VMThread [stack: 0x000070000d2c4000,0x000070000d3c4000] [id=11523]
  0x00007ff7f9826000 WatcherThread [stack: 0x000070000dadc000,0x000070000dbdc000] [id=18947]

=>0x00007ff7f9006000 (exited) GCTaskThread [stack: 0x000070000cfbb000,0x000070000d0bb000] [id=9987]

VM state:at safepoint (normal execution)

VM Mutex/Monitor currently owned by a thread:  ([mutex/lock_event])
[0x00007ff7f8401910] Threads_lock - owner thread: 0x00007ff7fa009800
[0x00007ff7f8401e10] Heap_lock - owner thread: 0x00007ff7fa000800

Heap:
 PSYoungGen      total 201216K, used 84992K [0x00000007aab00000, 0x00000007c0000000, 0x00000007c0000000)
  eden space 84992K, 100% used [0x00000007aab00000,0x00000007afe00000,0x00000007afe00000)
  from space 116224K, 0% used [0x00000007afe00000,0x00000007afe00000,0x00000007b6f80000)
  to   space 116224K, 0% used [0x00000007b8e80000,0x00000007b8e80000,0x00000007c0000000)
 ParOldGen       total 699392K, used 699223K [0x0000000780000000, 0x00000007aab00000, 0x00000007aab00000)
  object space 699392K, 99% used [0x0000000780000000,0x00000007aaad5d70,0x00000007aab00000)
 Metaspace       used 6049K, capacity 6122K, committed 6400K, reserved 1056768K
  class space    used 678K, capacity 721K, committed 768K, reserved 1048576K

Card table byte_map: [0x0000000107200000,0x0000000107401000] byte_map_base: 0x0000000103600000

Marking Bits: (ParMarkBitMap*) 0x000000010618f5d0
 Begin Bits: [0x000000011694f000, 0x000000011794f000)
 End Bits:   [0x000000011794f000, 0x000000011894f000)

Polling page: 0x0000000106886000

CodeCache: size=245760Kb used=2017Kb max_used=2024Kb free=243742Kb
 bounds [0x000000010758f000, 0x00000001077ff000, 0x000000011658f000]
 total_blobs=755 nmethods=463 adapters=206
 compilation: enabled

Compilation events (10 events):
Event: 0.808 Thread 0x00007ff7f9013000  459       3       edu.iastate.cs228.hw3.AdaptiveList::addAll (101 bytes)
Event: 0.809 Thread 0x00007ff7f9013000 nmethod 459 0x0000000107786e10 code [0x0000000107787040, 0x0000000107787a88]
Event: 0.811 Thread 0x00007ff7fa01a000  460 %     4       edu.iastate.cs228.hw3.AdaptiveList::addAll @ 50 (101 bytes)
Event: 0.821 Thread 0x00007ff7fa01a000 nmethod 460% 0x0000000107784d90 code [0x0000000107784f20, 0x00000001077853f8]
Event: 0.890 Thread 0x00007ff7f9013000  462       3       sun.misc.VM::addFinalRefCount (24 bytes)
Event: 0.891 Thread 0x00007ff7f9013000 nmethod 462 0x0000000107784950 code [0x0000000107784ac0, 0x0000000107784c70]
Event: 0.891 Thread 0x00007ff7f9013000  461   !   3       java.util.zip.ZipFile$ZipFileInputStream::close (110 bytes)
Event: 0.896 Thread 0x00007ff7f9013000 nmethod 461 0x0000000107786090 code [0x0000000107786240, 0x0000000107786a78]
Event: 0.896 Thread 0x00007ff7f9013000  463       3       java.lang.ref.Reference::clear (6 bytes)
Event: 0.896 Thread 0x00007ff7f9013000 nmethod 463 0x00000001077835d0 code [0x0000000107783720, 0x0000000107783890]

GC Heap History (10 events):
Event: 519.979 GC heap after
Heap after GC invocations=44 (full 29):
 PSYoungGen      total 201216K, used 84992K [0x00000007aab00000, 0x00000007c0000000, 0x00000007c0000000)
  eden space 84992K, 100% used [0x00000007aab00000,0x00000007afe00000,0x00000007afe00000)
  from space 116224K, 0% used [0x00000007afe00000,0x00000007afe00000,0x00000007b6f80000)
  to   space 116224K, 0% used [0x00000007b8e80000,0x00000007b8e80000,0x00000007c0000000)
 ParOldGen       total 699392K, used 699213K [0x0000000780000000, 0x00000007aab00000, 0x00000007aab00000)
  object space 699392K, 99% used [0x0000000780000000,0x00000007aaad3570,0x00000007aab00000)
 Metaspace       used 6049K, capacity 6122K, committed 6400K, reserved 1056768K
  class space    used 678K, capacity 721K, committed 768K, reserved 1048576K
}
Event: 519.980 GC heap before
{Heap before GC invocations=45 (full 30):
 PSYoungGen      total 201216K, used 84992K [0x00000007aab00000, 0x00000007c0000000, 0x00000007c0000000)
  eden space 84992K, 100% used [0x00000007aab00000,0x00000007afe00000,0x00000007afe00000)
  from space 116224K, 0% used [0x00000007afe00000,0x00000007afe00000,0x00000007b6f80000)
  to   space 116224K, 0% used [0x00000007b8e80000,0x00000007b8e80000,0x00000007c0000000)
 ParOldGen       total 699392K, used 699215K [0x0000000780000000, 0x00000007aab00000, 0x00000007aab00000)
  object space 699392K, 99% used [0x0000000780000000,0x00000007aaad3d70,0x00000007aab00000)
 Metaspace       used 6049K, capacity 6122K, committed 6400K, reserved 1056768K
  class space    used 678K, capacity 721K, committed 768K, reserved 1048576K
Event: 535.647 GC heap after
Heap after GC invocations=45 (full 30):
 PSYoungGen      total 201216K, used 84992K [0x00000007aab00000, 0x00000007c0000000, 0x00000007c0000000)
  eden space 84992K, 100% used [0x00000007aab00000,0x00000007afe00000,0x00000007afe00000)
  from space 116224K, 0% used [0x00000007afe00000,0x00000007afe00000,0x00000007b6f80000)
  to   space 116224K, 0% used [0x00000007b8e80000,0x00000007b8e80000,0x00000007c0000000)
 ParOldGen       total 699392K, used 699215K [0x0000000780000000, 0x00000007aab00000, 0x00000007aab00000)
  object space 699392K, 99% used [0x0000000780000000,0x00000007aaad3d70,0x00000007aab00000)
 Metaspace       used 6049K, capacity 6122K, committed 6400K, reserved 1056768K
  class space    used 678K, capacity 721K, committed 768K, reserved 1048576K
}
Event: 535.648 GC heap before
{Heap before GC invocations=46 (full 31):
 PSYoungGen      total 201216K, used 84992K [0x00000007aab00000, 0x00000007c0000000, 0x00000007c0000000)
  eden space 84992K, 100% used [0x00000007aab00000,0x00000007afe00000,0x00000007afe00000)
  from space 116224K, 0% used [0x00000007afe00000,0x00000007afe00000,0x00000007b6f80000)
  to   space 116224K, 0% used [0x00000007b8e80000,0x00000007b8e80000,0x00000007c0000000)
 ParOldGen       total 699392K, used 699217K [0x0000000780000000, 0x00000007aab00000, 0x00000007aab00000)
  object space 699392K, 99% used [0x0000000780000000,0x00000007aaad4570,0x00000007aab00000)
 Metaspace       used 6049K, capacity 6122K, committed 6400K, reserved 1056768K
  class space    used 678K, capacity 721K, committed 768K, reserved 1048576K
Event: 554.133 GC heap after
Heap after GC invocations=46 (full 31):
 PSYoungGen      total 201216K, used 84992K [0x00000007aab00000, 0x00000007c0000000, 0x00000007c0000000)
  eden space 84992K, 100% used [0x00000007aab00000,0x00000007afe00000,0x00000007afe00000)
  from space 116224K, 0% used [0x00000007afe00000,0x00000007afe00000,0x00000007b6f80000)
  to   space 116224K, 0% used [0x00000007b8e80000,0x00000007b8e80000,0x00000007c0000000)
 ParOldGen       total 699392K, used 699217K [0x0000000780000000, 0x00000007aab00000, 0x00000007aab00000)
  object space 699392K, 99% used [0x0000000780000000,0x00000007aaad4570,0x00000007aab00000)
 Metaspace       used 6049K, capacity 6122K, committed 6400K, reserved 1056768K
  class space    used 678K, capacity 721K, committed 768K, reserved 1048576K
}
Event: 554.134 GC heap before
{Heap before GC invocations=47 (full 32):
 PSYoungGen      total 201216K, used 84992K [0x00000007aab00000, 0x00000007c0000000, 0x00000007c0000000)
  eden space 84992K, 100% used [0x00000007aab00000,0x00000007afe00000,0x00000007afe00000)
  from space 116224K, 0% used [0x00000007afe00000,0x00000007afe00000,0x00000007b6f80000)
  to   space 116224K, 0% used [0x00000007b8e80000,0x00000007b8e80000,0x00000007c0000000)
 ParOldGen       total 699392K, used 699219K [0x0000000780000000, 0x00000007aab00000, 0x00000007aab00000)
  object space 699392K, 99% used [0x0000000780000000,0x00000007aaad4d70,0x00000007aab00000)
 Metaspace       used 6049K, capacity 6122K, committed 6400K, reserved 1056768K
  class space    used 678K, capacity 721K, committed 768K, reserved 1048576K
Event: 571.489 GC heap after
Heap after GC invocations=47 (full 32):
 PSYoungGen      total 201216K, used 84992K [0x00000007aab00000, 0x00000007c0000000, 0x00000007c0000000)
  eden space 84992K, 100% used [0x00000007aab00000,0x00000007afe00000,0x00000007afe00000)
  from space 116224K, 0% used [0x00000007afe00000,0x00000007afe00000,0x00000007b6f80000)
  to   space 116224K, 0% used [0x00000007b8e80000,0x00000007b8e80000,0x00000007c0000000)
 ParOldGen       total 699392K, used 699219K [0x0000000780000000, 0x00000007aab00000, 0x00000007aab00000)
  object space 699392K, 99% used [0x0000000780000000,0x00000007aaad4d70,0x00000007aab00000)
 Metaspace       used 6049K, capacity 6122K, committed 6400K, reserved 1056768K
  class space    used 678K, capacity 721K, committed 768K, reserved 1048576K
}
Event: 571.493 GC heap before
{Heap before GC invocations=48 (full 33):
 PSYoungGen      total 201216K, used 84992K [0x00000007aab00000, 0x00000007c0000000, 0x00000007c0000000)
  eden space 84992K, 100% used [0x00000007aab00000,0x00000007afe00000,0x00000007afe00000)
  from space 116224K, 0% used [0x00000007afe00000,0x00000007afe00000,0x00000007b6f80000)
  to   space 116224K, 0% used [0x00000007b8e80000,0x00000007b8e80000,0x00000007c0000000)
 ParOldGen       total 699392K, used 699221K [0x0000000780000000, 0x00000007aab00000, 0x00000007aab00000)
  object space 699392K, 99% used [0x0000000780000000,0x00000007aaad5570,0x00000007aab00000)
 Metaspace       used 6049K, capacity 6122K, committed 6400K, reserved 1056768K
  class space    used 678K, capacity 721K, committed 768K, reserved 1048576K
Event: 588.923 GC heap after
Heap after GC invocations=48 (full 33):
 PSYoungGen      total 201216K, used 84992K [0x00000007aab00000, 0x00000007c0000000, 0x00000007c0000000)
  eden space 84992K, 100% used [0x00000007aab00000,0x00000007afe00000,0x00000007afe00000)
  from space 116224K, 0% used [0x00000007afe00000,0x00000007afe00000,0x00000007b6f80000)
  to   space 116224K, 0% used [0x00000007b8e80000,0x00000007b8e80000,0x00000007c0000000)
 ParOldGen       total 699392K, used 699221K [0x0000000780000000, 0x00000007aab00000, 0x00000007aab00000)
  object space 699392K, 99% used [0x0000000780000000,0x00000007aaad5570,0x00000007aab00000)
 Metaspace       used 6049K, capacity 6122K, committed 6400K, reserved 1056768K
  class space    used 678K, capacity 721K, committed 768K, reserved 1048576K
}
Event: 588.924 GC heap before
{Heap before GC invocations=49 (full 34):
 PSYoungGen      total 201216K, used 84992K [0x00000007aab00000, 0x00000007c0000000, 0x00000007c0000000)
  eden space 84992K, 100% used [0x00000007aab00000,0x00000007afe00000,0x00000007afe00000)
  from space 116224K, 0% used [0x00000007afe00000,0x00000007afe00000,0x00000007b6f80000)
  to   space 116224K, 0% used [0x00000007b8e80000,0x00000007b8e80000,0x00000007c0000000)
 ParOldGen       total 699392K, used 699223K [0x0000000780000000, 0x00000007aab00000, 0x00000007aab00000)
  object space 699392K, 99% used [0x0000000780000000,0x00000007aaad5d70,0x00000007aab00000)
 Metaspace       used 6049K, capacity 6122K, committed 6400K, reserved 1056768K
  class space    used 678K, capacity 721K, committed 768K, reserved 1048576K

Deoptimization events (0 events):
No events

Internal exceptions (10 events):
Event: 0.750 Thread 0x00007ff7fa000800 Exception <a 'java/lang/reflect/InvocationTargetException'> (0x00000007ab0d79d0) thrown at [/Users/java_re/workspace/8-2-build-macosx-x86_64/jdk8u141/9370/hotspot/src/share/vm/runtime/reflection.cpp, line 1092]
Event: 0.750 Thread 0x00007ff7fa000800 Exception <a 'java/lang/reflect/InvocationTargetException'> (0x00000007ab0d8820) thrown at [/Users/java_re/workspace/8-2-build-macosx-x86_64/jdk8u141/9370/hotspot/src/share/vm/runtime/reflection.cpp, line 1092]
Event: 0.750 Thread 0x00007ff7fa000800 Exception <a 'java/lang/reflect/InvocationTargetException'> (0x00000007ab0d95b8) thrown at [/Users/java_re/workspace/8-2-build-macosx-x86_64/jdk8u141/9370/hotspot/src/share/vm/runtime/reflection.cpp, line 1092]
Event: 0.755 Thread 0x00007ff7fa000800 Exception <a 'java/lang/reflect/InvocationTargetException'> (0x00000007ab0e3d28) thrown at [/Users/java_re/workspace/8-2-build-macosx-x86_64/jdk8u141/9370/hotspot/src/share/vm/runtime/reflection.cpp, line 1092]
Event: 0.780 Thread 0x00007ff7fa000800 Exception <a 'java/lang/reflect/InvocationTargetException'> (0x00000007ab11ee28) thrown at [/Users/java_re/workspace/8-2-build-macosx-x86_64/jdk8u141/9370/hotspot/src/share/vm/runtime/reflection.cpp, line 1092]
Event: 0.782 Thread 0x00007ff7fa000800 Exception <a 'java/lang/reflect/InvocationTargetException'> (0x00000007ab131ab0) thrown at [/Users/java_re/workspace/8-2-build-macosx-x86_64/jdk8u141/9370/hotspot/src/share/vm/runtime/reflection.cpp, line 1092]
Event: 0.783 Thread 0x00007ff7fa000800 Exception <a 'java/lang/reflect/InvocationTargetException'> (0x00000007ab140898) thrown at [/Users/java_re/workspace/8-2-build-macosx-x86_64/jdk8u141/9370/hotspot/src/share/vm/runtime/reflection.cpp, line 1092]
Event: 0.784 Thread 0x00007ff7fa000800 Exception <a 'java/lang/reflect/InvocationTargetException'> (0x00000007ab152290) thrown at [/Users/java_re/workspace/8-2-build-macosx-x86_64/jdk8u141/9370/hotspot/src/share/vm/runtime/reflection.cpp, line 1092]
Event: 0.787 Thread 0x00007ff7fa000800 Exception <a 'java/lang/reflect/InvocationTargetException'> (0x00000007ab15bad8) thrown at [/Users/java_re/workspace/8-2-build-macosx-x86_64/jdk8u141/9370/hotspot/src/share/vm/runtime/reflection.cpp, line 1092]
Event: 0.788 Thread 0x00007ff7fa000800 Exception <a 'java/lang/reflect/InvocationTargetException'> (0x00000007ab16c418) thrown at [/Users/java_re/workspace/8-2-build-macosx-x86_64/jdk8u141/9370/hotspot/src/share/vm/runtime/reflection.cpp, line 1092]

Events (10 events):
Event: 519.980 Executing VM operation: ParallelGCFailedAllocation done
Event: 519.980 Executing VM operation: ParallelGCFailedAllocation
Event: 535.647 Executing VM operation: ParallelGCFailedAllocation done
Event: 535.648 Executing VM operation: ParallelGCFailedAllocation
Event: 554.133 Executing VM operation: ParallelGCFailedAllocation done
Event: 554.134 Executing VM operation: ParallelGCFailedAllocation
Event: 571.492 Executing VM operation: ParallelGCFailedAllocation done
Event: 571.493 Executing VM operation: ParallelGCFailedAllocation
Event: 588.923 Executing VM operation: ParallelGCFailedAllocation done
Event: 588.924 Executing VM operation: ParallelGCFailedAllocation


Dynamic libraries:
0x0000000019788000 	/System/Library/Frameworks/Cocoa.framework/Versions/A/Cocoa
0x0000000019788000 	/System/Library/Frameworks/Security.framework/Versions/A/Security
0x0000000019788000 	/System/Library/Frameworks/ApplicationServices.framework/Versions/A/ApplicationServices
0x0000000019788000 	/usr/lib/libz.1.dylib
0x0000000019788000 	/usr/lib/libSystem.B.dylib
0x0000000019788000 	/usr/lib/libobjc.A.dylib
0x0000000019788000 	/System/Library/Frameworks/CoreFoundation.framework/Versions/A/CoreFoundation
0x0000000019788000 	/System/Library/Frameworks/Foundation.framework/Versions/C/Foundation
0x0000000019788000 	/System/Library/Frameworks/AppKit.framework/Versions/C/AppKit
0x0000000019788000 	/System/Library/Frameworks/CoreData.framework/Versions/A/CoreData
0x0000000019788000 	/System/Library/PrivateFrameworks/RemoteViewServices.framework/Versions/A/RemoteViewServices
0x0000000019788000 	/System/Library/PrivateFrameworks/UIFoundation.framework/Versions/A/UIFoundation
0x0000000019788000 	/System/Library/PrivateFrameworks/DFRFoundation.framework/Versions/A/DFRFoundation
0x0000000019788000 	/usr/lib/libenergytrace.dylib
0x0000000019788000 	/System/Library/PrivateFrameworks/SkyLight.framework/Versions/A/SkyLight
0x0000000019788000 	/System/Library/Frameworks/CoreGraphics.framework/Versions/A/CoreGraphics
0x0000000019788000 	/usr/lib/libScreenReader.dylib
0x0000000019788000 	/System/Library/Frameworks/Accelerate.framework/Versions/A/Accelerate
0x0000000019788000 	/System/Library/Frameworks/IOSurface.framework/Versions/A/IOSurface
0x0000000019788000 	/System/Library/Frameworks/AudioToolbox.framework/Versions/A/AudioToolbox
0x0000000019788000 	/System/Library/Frameworks/AudioUnit.framework/Versions/A/AudioUnit
0x0000000019788000 	/System/Library/PrivateFrameworks/DataDetectorsCore.framework/Versions/A/DataDetectorsCore
0x0000000019788000 	/System/Library/PrivateFrameworks/DesktopServicesPriv.framework/Versions/A/DesktopServicesPriv
0x0000000019788000 	/System/Library/Frameworks/Carbon.framework/Versions/A/Frameworks/HIToolbox.framework/Versions/A/HIToolbox
0x0000000019788000 	/usr/lib/libicucore.A.dylib
0x0000000019788000 	/System/Library/Frameworks/QuartzCore.framework/Versions/A/QuartzCore
0x0000000019788000 	/System/Library/Frameworks/Carbon.framework/Versions/A/Frameworks/SpeechRecognition.framework/Versions/A/SpeechRecognition
0x0000000019788000 	/usr/lib/libauto.dylib
0x0000000019788000 	/usr/lib/libxml2.2.dylib
0x0000000019788000 	/System/Library/PrivateFrameworks/CoreUI.framework/Versions/A/CoreUI
0x0000000019788000 	/System/Library/Frameworks/CoreAudio.framework/Versions/A/CoreAudio
0x0000000019788000 	/System/Library/Frameworks/DiskArbitration.framework/Versions/A/DiskArbitration
0x0000000019788000 	/usr/lib/liblangid.dylib
0x0000000019788000 	/System/Library/PrivateFrameworks/MultitouchSupport.framework/Versions/A/MultitouchSupport
0x0000000019788000 	/System/Library/Frameworks/IOKit.framework/Versions/A/IOKit
0x0000000019788000 	/usr/lib/libDiagnosticMessagesClient.dylib
0x0000000019788000 	/System/Library/Frameworks/CoreServices.framework/Versions/A/CoreServices
0x0000000019788000 	/System/Library/PrivateFrameworks/PerformanceAnalysis.framework/Versions/A/PerformanceAnalysis
0x0000000019788000 	/System/Library/PrivateFrameworks/GenerationalStorage.framework/Versions/A/GenerationalStorage
0x0000000019788000 	/System/Library/Frameworks/OpenGL.framework/Versions/A/OpenGL
0x0000000019788000 	/System/Library/Frameworks/CoreImage.framework/Versions/A/CoreImage
0x0000000019788000 	/System/Library/Frameworks/CoreText.framework/Versions/A/CoreText
0x0000000019788000 	/System/Library/Frameworks/ImageIO.framework/Versions/A/ImageIO
0x0000000019788000 	/System/Library/PrivateFrameworks/Backup.framework/Versions/A/Backup
0x0000000019788000 	/usr/lib/libarchive.2.dylib
0x0000000019788000 	/System/Library/Frameworks/CFNetwork.framework/Versions/A/CFNetwork
0x0000000019788000 	/System/Library/Frameworks/SystemConfiguration.framework/Versions/A/SystemConfiguration
0x0000000019788000 	/usr/lib/libCRFSuite.dylib
0x0000000019788000 	/usr/lib/libc++.1.dylib
0x0000000019788000 	/usr/lib/libc++abi.dylib
0x0000000019788000 	/usr/lib/system/libcache.dylib
0x0000000019788000 	/usr/lib/system/libcommonCrypto.dylib
0x0000000019788000 	/usr/lib/system/libcompiler_rt.dylib
0x0000000019788000 	/usr/lib/system/libcopyfile.dylib
0x0000000019788000 	/usr/lib/system/libcorecrypto.dylib
0x0000000019788000 	/usr/lib/system/libdispatch.dylib
0x0000000019788000 	/usr/lib/system/libdyld.dylib
0x0000000019788000 	/usr/lib/system/libkeymgr.dylib
0x0000000019788000 	/usr/lib/system/liblaunch.dylib
0x0000000019788000 	/usr/lib/system/libmacho.dylib
0x0000000019788000 	/usr/lib/system/libquarantine.dylib
0x0000000019788000 	/usr/lib/system/libremovefile.dylib
0x0000000019788000 	/usr/lib/system/libsystem_asl.dylib
0x0000000019788000 	/usr/lib/system/libsystem_blocks.dylib
0x0000000019788000 	/usr/lib/system/libsystem_c.dylib
0x0000000019788000 	/usr/lib/system/libsystem_configuration.dylib
0x0000000019788000 	/usr/lib/system/libsystem_coreservices.dylib
0x0000000019788000 	/usr/lib/system/libsystem_coretls.dylib
0x0000000019788000 	/usr/lib/system/libsystem_dnssd.dylib
0x0000000019788000 	/usr/lib/system/libsystem_info.dylib
0x0000000019788000 	/usr/lib/system/libsystem_kernel.dylib
0x0000000019788000 	/usr/lib/system/libsystem_m.dylib
0x0000000019788000 	/usr/lib/system/libsystem_malloc.dylib
0x0000000019788000 	/usr/lib/system/libsystem_network.dylib
0x0000000019788000 	/usr/lib/system/libsystem_networkextension.dylib
0x0000000019788000 	/usr/lib/system/libsystem_notify.dylib
0x0000000019788000 	/usr/lib/system/libsystem_platform.dylib
0x0000000019788000 	/usr/lib/system/libsystem_pthread.dylib
0x0000000019788000 	/usr/lib/system/libsystem_sandbox.dylib
0x0000000019788000 	/usr/lib/system/libsystem_secinit.dylib
0x0000000019788000 	/usr/lib/system/libsystem_symptoms.dylib
0x0000000019788000 	/usr/lib/system/libsystem_trace.dylib
0x0000000019788000 	/usr/lib/system/libunwind.dylib
0x0000000019788000 	/usr/lib/system/libxpc.dylib
0x0000000019788000 	/usr/lib/libbsm.0.dylib
0x0000000019788000 	/usr/lib/system/libkxld.dylib
0x0000000019788000 	/usr/lib/libcoretls.dylib
0x0000000019788000 	/usr/lib/libcoretls_cfhelpers.dylib
0x0000000019788000 	/usr/lib/libOpenScriptingUtil.dylib
0x0000000019788000 	/usr/lib/libpam.2.dylib
0x0000000019788000 	/usr/lib/libsqlite3.dylib
0x0000000019788000 	/usr/lib/libxar.1.dylib
0x0000000019788000 	/usr/lib/libbz2.1.0.dylib
0x0000000019788000 	/usr/lib/liblzma.5.dylib
0x0000000019788000 	/usr/lib/libnetwork.dylib
0x0000000019788000 	/usr/lib/libpcap.A.dylib
0x0000000019788000 	/System/Library/Frameworks/CoreServices.framework/Versions/A/Frameworks/FSEvents.framework/Versions/A/FSEvents
0x0000000019788000 	/System/Library/Frameworks/CoreServices.framework/Versions/A/Frameworks/CarbonCore.framework/Versions/A/CarbonCore
0x0000000019788000 	/System/Library/Frameworks/CoreServices.framework/Versions/A/Frameworks/Metadata.framework/Versions/A/Metadata
0x0000000019788000 	/System/Library/Frameworks/CoreServices.framework/Versions/A/Frameworks/OSServices.framework/Versions/A/OSServices
0x0000000019788000 	/System/Library/Frameworks/CoreServices.framework/Versions/A/Frameworks/SearchKit.framework/Versions/A/SearchKit
0x0000000019788000 	/System/Library/Frameworks/CoreServices.framework/Versions/A/Frameworks/AE.framework/Versions/A/AE
0x0000000019788000 	/System/Library/Frameworks/CoreServices.framework/Versions/A/Frameworks/LaunchServices.framework/Versions/A/LaunchServices
0x0000000019788000 	/System/Library/Frameworks/CoreServices.framework/Versions/A/Frameworks/DictionaryServices.framework/Versions/A/DictionaryServices
0x0000000019788000 	/System/Library/Frameworks/CoreServices.framework/Versions/A/Frameworks/SharedFileList.framework/Versions/A/SharedFileList
0x0000000019788000 	/System/Library/Frameworks/NetFS.framework/Versions/A/NetFS
0x0000000019788000 	/System/Library/PrivateFrameworks/NetAuth.framework/Versions/A/NetAuth
0x0000000019788000 	/System/Library/PrivateFrameworks/login.framework/Versions/A/Frameworks/loginsupport.framework/Versions/A/loginsupport
0x0000000019788000 	/System/Library/PrivateFrameworks/TCC.framework/Versions/A/TCC
0x0000000019788000 	/usr/lib/libmecabra.dylib
0x0000000019788000 	/System/Library/Frameworks/ApplicationServices.framework/Versions/A/Frameworks/ATS.framework/Versions/A/ATS
0x0000000019788000 	/System/Library/Frameworks/ApplicationServices.framework/Versions/A/Frameworks/ColorSync.framework/Versions/A/ColorSync
0x0000000019788000 	/System/Library/Frameworks/ApplicationServices.framework/Versions/A/Frameworks/HIServices.framework/Versions/A/HIServices
0x0000000019788000 	/System/Library/Frameworks/ApplicationServices.framework/Versions/A/Frameworks/LangAnalysis.framework/Versions/A/LangAnalysis
0x0000000019788000 	/System/Library/Frameworks/ApplicationServices.framework/Versions/A/Frameworks/PrintCore.framework/Versions/A/PrintCore
0x0000000019788000 	/System/Library/Frameworks/ApplicationServices.framework/Versions/A/Frameworks/QD.framework/Versions/A/QD
0x0000000019788000 	/System/Library/Frameworks/ApplicationServices.framework/Versions/A/Frameworks/SpeechSynthesis.framework/Versions/A/SpeechSynthesis
0x0000000019788000 	/System/Library/Frameworks/Accelerate.framework/Versions/A/Frameworks/vImage.framework/Versions/A/vImage
0x0000000019788000 	/System/Library/Frameworks/Accelerate.framework/Versions/A/Frameworks/vecLib.framework/Versions/A/vecLib
0x0000000019788000 	/System/Library/Frameworks/Accelerate.framework/Versions/A/Frameworks/vecLib.framework/Versions/A/libvDSP.dylib
0x0000000019788000 	/System/Library/Frameworks/Accelerate.framework/Versions/A/Frameworks/vecLib.framework/Versions/A/libBNNS.dylib
0x0000000019788000 	/System/Library/Frameworks/Accelerate.framework/Versions/A/Frameworks/vecLib.framework/Versions/A/libQuadrature.dylib
0x0000000019788000 	/System/Library/Frameworks/Accelerate.framework/Versions/A/Frameworks/vecLib.framework/Versions/A/libvMisc.dylib
0x0000000019788000 	/System/Library/Frameworks/Accelerate.framework/Versions/A/Frameworks/vecLib.framework/Versions/A/libLAPACK.dylib
0x0000000019788000 	/System/Library/Frameworks/Accelerate.framework/Versions/A/Frameworks/vecLib.framework/Versions/A/libBLAS.dylib
0x0000000019788000 	/System/Library/Frameworks/Accelerate.framework/Versions/A/Frameworks/vecLib.framework/Versions/A/libLinearAlgebra.dylib
0x0000000019788000 	/System/Library/Frameworks/Accelerate.framework/Versions/A/Frameworks/vecLib.framework/Versions/A/libSparseBLAS.dylib
0x0000000019788000 	/System/Library/Frameworks/ApplicationServices.framework/Versions/A/Frameworks/ATS.framework/Versions/A/Resources/libFontParser.dylib
0x0000000019788000 	/System/Library/Frameworks/ApplicationServices.framework/Versions/A/Frameworks/ATS.framework/Versions/A/Resources/libFontRegistry.dylib
0x0000000019788000 	/System/Library/Frameworks/ImageIO.framework/Versions/A/Resources/libJPEG.dylib
0x0000000019788000 	/System/Library/Frameworks/ImageIO.framework/Versions/A/Resources/libTIFF.dylib
0x0000000019788000 	/System/Library/Frameworks/ImageIO.framework/Versions/A/Resources/libPng.dylib
0x0000000019788000 	/System/Library/Frameworks/ImageIO.framework/Versions/A/Resources/libGIF.dylib
0x0000000019788000 	/System/Library/Frameworks/ImageIO.framework/Versions/A/Resources/libJP2.dylib
0x0000000019788000 	/System/Library/Frameworks/ImageIO.framework/Versions/A/Resources/libRadiance.dylib
0x0000000019788000 	/usr/lib/libcompression.dylib
0x0000000019788000 	/System/Library/PrivateFrameworks/AppleJPEG.framework/Versions/A/AppleJPEG
0x0000000019788000 	/usr/lib/libcups.2.dylib
0x0000000019788000 	/System/Library/Frameworks/Kerberos.framework/Versions/A/Kerberos
0x0000000019788000 	/System/Library/Frameworks/GSS.framework/Versions/A/GSS
0x0000000019788000 	/usr/lib/libresolv.9.dylib
0x0000000019788000 	/usr/lib/libiconv.2.dylib
0x0000000019788000 	/System/Library/PrivateFrameworks/Heimdal.framework/Versions/A/Heimdal
0x0000000019788000 	/usr/lib/libheimdal-asn1.dylib
0x0000000019788000 	/System/Library/Frameworks/OpenDirectory.framework/Versions/A/OpenDirectory
0x0000000019788000 	/System/Library/PrivateFrameworks/CommonAuth.framework/Versions/A/CommonAuth
0x0000000019788000 	/System/Library/Frameworks/OpenDirectory.framework/Versions/A/Frameworks/CFOpenDirectory.framework/Versions/A/CFOpenDirectory
0x0000000019788000 	/System/Library/Frameworks/SecurityFoundation.framework/Versions/A/SecurityFoundation
0x0000000019788000 	/System/Library/PrivateFrameworks/LanguageModeling.framework/Versions/A/LanguageModeling
0x0000000019788000 	/usr/lib/libmarisa.dylib
0x0000000019788000 	/usr/lib/libChineseTokenizer.dylib
0x0000000019788000 	/usr/lib/libcmph.dylib
0x0000000019788000 	/System/Library/PrivateFrameworks/CoreEmoji.framework/Versions/A/CoreEmoji
0x0000000019788000 	/System/Library/Frameworks/ServiceManagement.framework/Versions/A/ServiceManagement
0x0000000019788000 	/usr/lib/libxslt.1.dylib
0x0000000019788000 	/System/Library/Frameworks/Carbon.framework/Versions/A/Frameworks/Ink.framework/Versions/A/Ink
0x0000000019788000 	/System/Library/PrivateFrameworks/TextureIO.framework/Versions/A/TextureIO
0x0000000019788000 	/System/Library/Frameworks/Metal.framework/Versions/A/Metal
0x0000000019788000 	/usr/lib/libate.dylib
0x0000000019788000 	/System/Library/PrivateFrameworks/GPUCompiler.framework/libmetal_timestamp.dylib
0x0000000019788000 	/System/Library/Frameworks/OpenGL.framework/Versions/A/Libraries/libCoreFSCache.dylib
0x0000000019788000 	/System/Library/PrivateFrameworks/IOAccelerator.framework/Versions/A/IOAccelerator
0x0000000019788000 	/System/Library/Frameworks/CoreVideo.framework/Versions/A/CoreVideo
0x0000000019788000 	/usr/lib/libFosl_dynamic.dylib
0x0000000019788000 	/System/Library/PrivateFrameworks/MetalPerformanceShaders.framework/Versions/A/MetalPerformanceShaders
0x0000000019788000 	/System/Library/PrivateFrameworks/FaceCore.framework/Versions/A/FaceCore
0x0000000019788000 	/System/Library/Frameworks/OpenCL.framework/Versions/A/OpenCL
0x0000000019788000 	/System/Library/Frameworks/OpenGL.framework/Versions/A/Libraries/libGLU.dylib
0x0000000019788000 	/System/Library/Frameworks/OpenGL.framework/Versions/A/Libraries/libGFXShared.dylib
0x0000000019788000 	/System/Library/Frameworks/OpenGL.framework/Versions/A/Libraries/libGL.dylib
0x0000000019788000 	/System/Library/Frameworks/OpenGL.framework/Versions/A/Libraries/libGLImage.dylib
0x0000000019788000 	/System/Library/Frameworks/OpenGL.framework/Versions/A/Libraries/libCVMSPluginSupport.dylib
0x0000000019788000 	/System/Library/Frameworks/OpenGL.framework/Versions/A/Libraries/libCoreVMClient.dylib
0x0000000019788000 	/System/Library/PrivateFrameworks/CrashReporterSupport.framework/Versions/A/CrashReporterSupport
0x0000000019788000 	/System/Library/PrivateFrameworks/Sharing.framework/Versions/A/Sharing
0x0000000019788000 	/System/Library/PrivateFrameworks/IconServices.framework/Versions/A/IconServices
0x0000000019788000 	/System/Library/PrivateFrameworks/ProtocolBuffer.framework/Versions/A/ProtocolBuffer
0x0000000019788000 	/System/Library/PrivateFrameworks/Apple80211.framework/Versions/A/Apple80211
0x0000000019788000 	/System/Library/Frameworks/CoreWLAN.framework/Versions/A/CoreWLAN
0x0000000019788000 	/System/Library/PrivateFrameworks/CoreUtils.framework/Versions/A/CoreUtils
0x0000000019788000 	/System/Library/Frameworks/IOBluetooth.framework/Versions/A/IOBluetooth
0x0000000019788000 	/System/Library/PrivateFrameworks/CoreWiFi.framework/Versions/A/CoreWiFi
0x0000000019788000 	/System/Library/Frameworks/CoreBluetooth.framework/Versions/A/CoreBluetooth
0x0000000019788000 	/System/Library/Frameworks/CoreDisplay.framework/Versions/A/CoreDisplay
0x0000000019788000 	/System/Library/PrivateFrameworks/IOPresentment.framework/Versions/A/IOPresentment
0x0000000019788000 	/System/Library/PrivateFrameworks/DSExternalDisplay.framework/Versions/A/DSExternalDisplay
0x0000000019788000 	/System/Library/PrivateFrameworks/DebugSymbols.framework/Versions/A/DebugSymbols
0x0000000019788000 	/System/Library/PrivateFrameworks/CoreSymbolication.framework/Versions/A/CoreSymbolication
0x0000000019788000 	/System/Library/PrivateFrameworks/Symbolication.framework/Versions/A/Symbolication
0x0000000019788000 	/System/Library/PrivateFrameworks/AppleFSCompression.framework/Versions/A/AppleFSCompression
0x0000000019788000 	/System/Library/PrivateFrameworks/SpeechRecognitionCore.framework/Versions/A/SpeechRecognitionCore
0x0000000019788000 	/System/Library/PrivateFrameworks/ChunkingLibrary.framework/Versions/A/ChunkingLibrary
0x000000010589c000 	/Library/Java/JavaVirtualMachines/jdk1.8.0_141.jdk/Contents/Home/jre/lib/server/libjvm.dylib
0x0000000019788000 	/usr/lib/libstdc++.6.dylib
0x0000000106843000 	/Library/Java/JavaVirtualMachines/jdk1.8.0_141.jdk/Contents/Home/jre/lib/libverify.dylib
0x0000000106851000 	/Library/Java/JavaVirtualMachines/jdk1.8.0_141.jdk/Contents/Home/jre/lib/libjava.dylib
0x0000000106890000 	/Library/Java/JavaVirtualMachines/jdk1.8.0_141.jdk/Contents/Home/jre/lib/libzip.dylib
0x00000001074e9000 	/System/Library/Frameworks/JavaVM.framework/Frameworks/JavaRuntimeSupport.framework/JavaRuntimeSupport
0x000000011a54b000 	/System/Library/Frameworks/JavaVM.framework/Versions/A/Frameworks/JavaNativeFoundation.framework/Versions/A/JavaNativeFoundation
0x00000001069f0000 	/System/Library/Frameworks/JavaVM.framework/Versions/A/JavaVM
0x0000000019788000 	/System/Library/Frameworks/Carbon.framework/Versions/A/Carbon
0x000000011a560000 	/System/Library/PrivateFrameworks/JavaLaunching.framework/Versions/A/JavaLaunching
0x0000000019788000 	/System/Library/Frameworks/Carbon.framework/Versions/A/Frameworks/CommonPanels.framework/Versions/A/CommonPanels
0x0000000019788000 	/System/Library/Frameworks/Carbon.framework/Versions/A/Frameworks/Help.framework/Versions/A/Help
0x0000000019788000 	/System/Library/Frameworks/Carbon.framework/Versions/A/Frameworks/ImageCapture.framework/Versions/A/ImageCapture
0x0000000019788000 	/System/Library/Frameworks/Carbon.framework/Versions/A/Frameworks/OpenScripting.framework/Versions/A/OpenScripting
0x0000000019788000 	/System/Library/Frameworks/Carbon.framework/Versions/A/Frameworks/Print.framework/Versions/A/Print
0x0000000019788000 	/System/Library/Frameworks/Carbon.framework/Versions/A/Frameworks/SecurityHI.framework/Versions/A/SecurityHI
0x000000011be77000 	/Library/Java/JavaVirtualMachines/jdk1.8.0_141.jdk/Contents/Home/jre/lib/libnet.dylib

VM Arguments:
jvm_args: -ea -Dfile.encoding=UTF-8 
java_command: org.eclipse.jdt.internal.junit.runner.RemoteTestRunner -version 3 -port 49891 -testLoaderClass org.eclipse.jdt.internal.junit4.runner.JUnit4TestLoader -loaderpluginname org.eclipse.jdt.junit4.runtime -classNames edu.iastate.cs228.hw3.AdaptiveListTests
java_class_path (initial): /Users/ruski/Documents/coms228/Project3/bin:/Applications/Eclipse.app/Contents/Eclipse/plugins/org.junit_4.12.0.v201504281640/junit.jar:/Applications/Eclipse.app/Contents/Eclipse/plugins/org.hamcrest.core_1.3.0.v201303031735.jar:/Applications/Eclipse.app/Contents/Eclipse/configuration/org.eclipse.osgi/223/0/.cp:/Applications/Eclipse.app/Contents/Eclipse/configuration/org.eclipse.osgi/222/0/.cp
Launcher Type: SUN_STANDARD

Environment Variables:
PATH=/usr/bin:/bin:/usr/sbin:/sbin
SHELL=/bin/bash

Signal Handlers:
SIGSEGV: [libjvm.dylib+0x5b26e5], sa_mask[0]=11111111011111110111111111111111, sa_flags=SA_ONSTACK|SA_RESTART|SA_SIGINFO
SIGBUS: [libjvm.dylib+0x5b26e5], sa_mask[0]=11111111011111110111111111111111, sa_flags=SA_RESTART|SA_SIGINFO
SIGFPE: [libjvm.dylib+0x489100], sa_mask[0]=11111111011111110111111111111111, sa_flags=SA_RESTART|SA_SIGINFO
SIGPIPE: [libjvm.dylib+0x489100], sa_mask[0]=11111111011111110111111111111111, sa_flags=SA_RESTART|SA_SIGINFO
SIGXFSZ: [libjvm.dylib+0x489100], sa_mask[0]=11111111011111110111111111111111, sa_flags=SA_RESTART|SA_SIGINFO
SIGILL: [libjvm.dylib+0x489100], sa_mask[0]=11111111011111110111111111111111, sa_flags=SA_RESTART|SA_SIGINFO
SIGUSR1: SIG_DFL, sa_mask[0]=00000000000000000000000000000000, sa_flags=none
SIGUSR2: [libjvm.dylib+0x488c1e], sa_mask[0]=00100000000000000000000000000000, sa_flags=SA_RESTART|SA_SIGINFO
SIGHUP: [libjvm.dylib+0x4871f5], sa_mask[0]=11111111011111110111111111111111, sa_flags=SA_RESTART|SA_SIGINFO
SIGINT: [libjvm.dylib+0x4871f5], sa_mask[0]=11111111011111110111111111111111, sa_flags=SA_RESTART|SA_SIGINFO
SIGTERM: [libjvm.dylib+0x4871f5], sa_mask[0]=11111111011111110111111111111111, sa_flags=SA_RESTART|SA_SIGINFO
SIGQUIT: [libjvm.dylib+0x4871f5], sa_mask[0]=11111111011111110111111111111111, sa_flags=SA_RESTART|SA_SIGINFO


---------------  S Y S T E M  ---------------

OS:Bsduname:Darwin 16.7.0 Darwin Kernel Version 16.7.0: Thu Jun 15 17:36:27 PDT 2017; root:xnu-3789.70.16~2/RELEASE_X86_64 x86_64
rlimit: STACK 8192k, CORE 0k, NPROC 709, NOFILE 10240, AS infinity
load average:44.86 52.34 41.82

CPU:total 4 (initial active 4) (2 cores per cpu, 2 threads per core) family 6 model 61 stepping 4, cmov, cx8, fxsr, mmx, sse, sse2, sse3, ssse3, sse4.1, sse4.2, popcnt, avx, avx2, aes, clmul, erms, 3dnowpref, lzcnt, ht, tsc, tscinvbit, bmi1, bmi2, adx

Memory: 4k page, physical 4194304k(16724k free)

/proc/meminfo:


vm_info: Java HotSpot(TM) 64-Bit Server VM (25.141-b15) for bsd-amd64 JRE (1.8.0_141-b15), built on Jul 12 2017 04:35:23 by "java_re" with gcc 4.2.1 (Based on Apple Inc. build 5658) (LLVM build 2336.11.00)

time: Wed Oct 25 17:59:47 2017
elapsed time: 592 seconds (0d 0h 9m 52s)

