#
# A fatal error has been detected by the Java Runtime Environment:
#
#  SIGSEGV (0xb) at pc=0x00000001084bd1c6, pid=1428, tid=0x0000000000002903
#
# JRE version: Java(TM) SE Runtime Environment (8.0_141-b15) (build 1.8.0_141-b15)
# Java VM: Java HotSpot(TM) 64-Bit Server VM (25.141-b15 mixed mode bsd-amd64 compressed oops)
# Problematic frame:
# V  [libjvm.dylib+0x4bd1c6]  ParCompactionManager::follow_marking_stacks()+0xae
#
# Failed to write core dump. Core dumps have been disabled. To enable core dumping, try "ulimit -c unlimited" before starting Java again
#
# If you would like to submit a bug report, please visit:
#   http://bugreport.java.com/bugreport/crash.jsp
#

---------------  T H R E A D  ---------------

Current thread (0x00007f9dea004800):  GCTaskThread [stack: 0x0000700002b70000,0x0000700002c70000] [id=10499]

siginfo: si_signo: 11 (SIGSEGV), si_code: 1 (SEGV_MAPERR), si_addr: 0x0000000000000139

Registers:
RAX=0x0000000000000019, RBX=0x00007f9de8c17ca0, RCX=0x0000000000000203, RDX=0x0000000783835c98
RSP=0x0000700002c6fc70, RBP=0x0000700002c6fcf0, RSI=0x00007f9de8c17ca0, RDI=0x0000000783835d98
R8 =0x0000000000000070, R9 =0x000000000000ffff, R10=0x8889222222222201, R11=0x0000000000080000
R12=0x0000000783835c98, R13=0x0000000108613ac1, R14=0x00007f9de8c17ca8, R15=0x000000010883fb20
RIP=0x00000001084bd1c6, EFLAGS=0x0000000000010202, ERR=0x0000000000000004
  TRAPNO=0x000000000000000e

Top of Stack: (sp=0x0000700002c6fc70)
0x0000700002c6fc70:   0000000000000000 00007f9de8c17ce0
0x0000700002c6fc80:   00007f9de8c17d28 00007f9de8c17d60
0x0000700002c6fc90:   0000000000000000 0000000000000000
0x0000700002c6fca0:   0000000783835c98 00007f9de9009000
0x0000700002c6fcb0:   0000000000000001 0000000108613a01
0x0000700002c6fcc0:   054cafa000000215 00007f9de8c17ca0
0x0000700002c6fcd0:   0000000000000000 0000000108613ac1
0x0000700002c6fce0:   00007f9de8e094d0 0000000000000001
0x0000700002c6fcf0:   0000700002c6fdb0 00000001084af516
0x0000700002c6fd00:   0000000000000000 00000001088d28e0
0x0000700002c6fd10:   0000000000000000 0000700002c6fd60
0x0000700002c6fd20:   0000000000000000 00000001088d2980
0x0000700002c6fd30:   0000700002c6fd00 0000700002c6fd60
0x0000700002c6fd40:   00000001088d29a0 0000000108464700
0x0000700002c6fd50:   0000700002c6fd60 00007f9de8e04301
0x0000700002c6fd60:   00000001088d80c0 0000000108276d00
0x0000700002c6fd70:   00007f9de8c17ca0 00007f9de8e065b0
0x0000700002c6fd80:   00007f9de8e065e0 00007f9de8e065f0
0x0000700002c6fd90:   00007f9de8e069c8 00000000000003d8
0x0000700002c6fda0:   00007f9dea004800 00007f9de8e094d0
0x0000700002c6fdb0:   0000700002c6fe90 00000001082772cf
0x0000700002c6fdc0:   0000700002c6fdf0 00007f9de8e065b0
0x0000700002c6fdd0:   00007f9de8e065e0 00007f9de8e065f0
0x0000700002c6fde0:   00007f9de8e069c8 00000000000003d8
0x0000700002c6fdf0:   00007f9dea004800 00007f9de8e069d0
0x0000700002c6fe00:   00007f9de8e06a10 00007f9de8e06a20
0x0000700002c6fe10:   00007f9de8e06af8 00000000000000d8
0x0000700002c6fe20:   0000700002c6fe30 0000000000000000
0x0000700002c6fe30:   00007f9dea004800 00007f9de8e069d0
0x0000700002c6fe40:   00007f9de8e06a10 00007f9de8e06a20
0x0000700002c6fe50:   00007f9de8e06af8 00000000000000d8
0x0000700002c6fe60:   00007f9de8e06c10 00007f9dea004800 

Instructions: (pc=0x00000001084bd1c6)
0x00000001084bd1a6:   11 41 8a 4f 08 41 8b 7c 24 08 48 d3 e7 49 03 3f
0x00000001084bd1b6:   eb 05 49 8b 7c 24 08 48 8b 07 48 89 de 4c 89 e2
0x00000001084bd1c6:   ff 90 20 01 00 00 8b 43 08 89 c1 2b 4b 10 f7 c1
0x00000001084bd1d6:   ff ff 01 00 74 73 05 ff ff 01 00 89 c6 81 e6 ff 

Register to memory mapping:

RAX=0x0000000000000019 is an unknown value
RBX=0x00007f9de8c17ca0 is an unknown value
RCX=0x0000000000000203 is an unknown value
RDX=0x0000000783835c98 is pointing into object: 0x0000000783835c88
edu.iastate.cs228.hw3.AdaptiveList$ListNode 
 - klass: 'edu/iastate/cs228/hw3/AdaptiveList$ListNode'
RSP=0x0000700002c6fc70 is an unknown value
RBP=0x0000700002c6fcf0 is an unknown value
RSI=0x00007f9de8c17ca0 is an unknown value
RDI=0x0000000783835d98 is an oop
edu.iastate.cs228.hw3.AdaptiveList 
 - klass: 'edu/iastate/cs228/hw3/AdaptiveList'
R8 =0x0000000000000070 is an unknown value
R9 =0x000000000000ffff is an unknown value
R10=0x8889222222222201 is an unknown value
R11=0x0000000000080000 is an unknown value
R12=0x0000000783835c98 is pointing into object: 0x0000000783835c88
edu.iastate.cs228.hw3.AdaptiveList$ListNode 
 - klass: 'edu/iastate/cs228/hw3/AdaptiveList$ListNode'
R13=0x0000000108613ac1: _ZZN12outputStream10date_stampEbPKcS1_E10error_time+0xed9 in /Library/Java/JavaVirtualMachines/jdk1.8.0_141.jdk/Contents/Home/jre/lib/server/libjvm.dylib at 0x0000000108000000
R14=0x00007f9de8c17ca8 is an unknown value
R15=0x000000010883fb20: _ZN8Universe13_narrow_klassE+0 in /Library/Java/JavaVirtualMachines/jdk1.8.0_141.jdk/Contents/Home/jre/lib/server/libjvm.dylib at 0x0000000108000000


Stack: [0x0000700002b70000,0x0000700002c70000],  sp=0x0000700002c6fc70,  free space=1023k
Native frames: (J=compiled Java code, j=interpreted, Vv=VM code, C=native code)
V  [libjvm.dylib+0x4bd1c6]  ParCompactionManager::follow_marking_stacks()+0xae
V  [libjvm.dylib+0x4af516]  ThreadRootsMarkingTask::do_it(GCTaskManager*, unsigned int)+0x11e
V  [libjvm.dylib+0x2772cf]  GCTaskThread::run()+0x1a1
V  [libjvm.dylib+0x48baee]  java_start(Thread*)+0xf6
C  [libsystem_pthread.dylib+0x393b]  _pthread_body+0xb4
C  [libsystem_pthread.dylib+0x3887]  _pthread_body+0x0
C  [libsystem_pthread.dylib+0x308d]  thread_start+0xd


---------------  P R O C E S S  ---------------

Java Threads: ( => current thread )
  0x00007f9dea05f800 JavaThread "ReaderThread" [_thread_in_native, id=19459, stack(0x0000700003691000,0x0000700003791000)]
  0x00007f9dea81f800 JavaThread "Service Thread" daemon [_thread_blocked, id=18435, stack(0x000070000348b000,0x000070000358b000)]
  0x00007f9de9808000 JavaThread "C1 CompilerThread2" daemon [_thread_blocked, id=17923, stack(0x0000700003388000,0x0000700003488000)]
  0x00007f9de9043800 JavaThread "C2 CompilerThread1" daemon [_thread_blocked, id=17411, stack(0x0000700003285000,0x0000700003385000)]
  0x00007f9dea02f000 JavaThread "C2 CompilerThread0" daemon [_thread_blocked, id=16899, stack(0x0000700003182000,0x0000700003282000)]
  0x00007f9dea81e800 JavaThread "Signal Dispatcher" daemon [_thread_blocked, id=16387, stack(0x000070000307f000,0x000070000317f000)]
  0x00007f9dea800000 JavaThread "Finalizer" daemon [_thread_blocked, id=12547, stack(0x0000700002f7c000,0x000070000307c000)]
  0x00007f9de9034800 JavaThread "Reference Handler" daemon [_thread_blocked, id=12035, stack(0x0000700002e79000,0x0000700002f79000)]
  0x00007f9de9009000 JavaThread "main" [_thread_blocked, id=7171, stack(0x0000700002867000,0x0000700002967000)]

Other Threads:
  0x00007f9de902f800 VMThread [stack: 0x0000700002d76000,0x0000700002e76000] [id=11523]
  0x00007f9de903b800 WatcherThread [stack: 0x000070000358e000,0x000070000368e000] [id=18947]

=>0x00007f9dea004800 (exited) GCTaskThread [stack: 0x0000700002b70000,0x0000700002c70000] [id=10499]

VM state:at safepoint (normal execution)

VM Mutex/Monitor currently owned by a thread:  ([mutex/lock_event])
[0x00007f9de8d03960] Threads_lock - owner thread: 0x00007f9de902f800
[0x00007f9de8d03e60] Heap_lock - owner thread: 0x00007f9de9009000

Heap:
 PSYoungGen      total 232960K, used 136213K [0x00000007aab00000, 0x00000007c0000000, 0x00000007c0000000)
  eden space 116736K, 100% used [0x00000007aab00000,0x00000007b1d00000,0x00000007b1d00000)
  from space 116224K, 16% used [0x00000007b8e80000,0x00000007ba1855a0,0x00000007c0000000)
  to   space 116224K, 0% used [0x00000007b1d00000,0x00000007b1d00000,0x00000007b8e80000)
 ParOldGen       total 699392K, used 698920K [0x0000000780000000, 0x00000007aab00000, 0x00000007aab00000)
  object space 699392K, 99% used [0x0000000780000000,0x00000007aaa8a218,0x00000007aab00000)
 Metaspace       used 6053K, capacity 6140K, committed 6400K, reserved 1056768K
  class space    used 679K, capacity 724K, committed 768K, reserved 1048576K

Card table byte_map: [0x0000000109367000,0x0000000109568000] byte_map_base: 0x0000000105767000

Marking Bits: (ParMarkBitMap*) 0x00000001088f35d0
 Begin Bits: [0x00000001096be000, 0x000000010a6be000)
 End Bits:   [0x000000010a6be000, 0x000000010b6be000)

Polling page: 0x0000000107778000

CodeCache: size=245760Kb used=1945Kb max_used=1950Kb free=243814Kb
 bounds [0x0000000114c2d000, 0x0000000114e9d000, 0x0000000123c2d000]
 total_blobs=712 nmethods=420 adapters=206
 compilation: enabled

Compilation events (10 events):
Event: 0.762 Thread 0x00007f9de9043800  416 %     4       edu.iastate.cs228.hw3.AdaptiveList::addAll @ 21 (43 bytes)
Event: 0.770 Thread 0x00007f9de9043800 nmethod 416% 0x0000000114e12810 code [0x0000000114e129a0, 0x0000000114e12dd8]
Event: 0.825 Thread 0x00007f9de9808000  418       3       sun.misc.VM::addFinalRefCount (24 bytes)
Event: 0.826 Thread 0x00007f9de9808000 nmethod 418 0x0000000114e12490 code [0x0000000114e12600, 0x0000000114e127b0]
Event: 0.826 Thread 0x00007f9de9808000  417   !   3       java.util.zip.ZipFile$ZipFileInputStream::close (110 bytes)
Event: 0.826 Thread 0x00007f9de9808000 nmethod 417 0x0000000114e13910 code [0x0000000114e13ac0, 0x0000000114e142f8]
Event: 0.826 Thread 0x00007f9de9808000  420       3       java.lang.ref.ReferenceQueue::reallyPoll (66 bytes)
Event: 0.827 Thread 0x00007f9de9808000 nmethod 420 0x0000000114e0fc50 code [0x0000000114e0fde0, 0x0000000114e10270]
Event: 0.827 Thread 0x00007f9de9808000  419       3       java.lang.ref.Reference::clear (6 bytes)
Event: 0.827 Thread 0x00007f9de9808000 nmethod 419 0x0000000114e12110 code [0x0000000114e12260, 0x0000000114e123d0]

GC Heap History (10 events):
Event: 115.950 GC heap after
Heap after GC invocations=27 (full 13):
 PSYoungGen      total 232960K, used 136213K [0x00000007aab00000, 0x00000007c0000000, 0x00000007c0000000)
  eden space 116736K, 100% used [0x00000007aab00000,0x00000007b1d00000,0x00000007b1d00000)
  from space 116224K, 16% used [0x00000007b8e80000,0x00000007ba1855a0,0x00000007c0000000)
  to   space 116224K, 0% used [0x00000007b1d00000,0x00000007b1d00000,0x00000007b8e80000)
 ParOldGen       total 699392K, used 698910K [0x0000000780000000, 0x00000007aab00000, 0x00000007aab00000)
  object space 699392K, 99% used [0x0000000780000000,0x00000007aaa87a18,0x00000007aab00000)
 Metaspace       used 6053K, capacity 6140K, committed 6400K, reserved 1056768K
  class space    used 679K, capacity 724K, committed 768K, reserved 1048576K
}
Event: 115.950 GC heap before
{Heap before GC invocations=28 (full 14):
 PSYoungGen      total 232960K, used 136213K [0x00000007aab00000, 0x00000007c0000000, 0x00000007c0000000)
  eden space 116736K, 100% used [0x00000007aab00000,0x00000007b1d00000,0x00000007b1d00000)
  from space 116224K, 16% used [0x00000007b8e80000,0x00000007ba1855a0,0x00000007c0000000)
  to   space 116224K, 0% used [0x00000007b1d00000,0x00000007b1d00000,0x00000007b8e80000)
 ParOldGen       total 699392K, used 698912K [0x0000000780000000, 0x00000007aab00000, 0x00000007aab00000)
  object space 699392K, 99% used [0x0000000780000000,0x00000007aaa88218,0x00000007aab00000)
 Metaspace       used 6053K, capacity 6140K, committed 6400K, reserved 1056768K
  class space    used 679K, capacity 724K, committed 768K, reserved 1048576K
Event: 123.954 GC heap after
Heap after GC invocations=28 (full 14):
 PSYoungGen      total 232960K, used 136213K [0x00000007aab00000, 0x00000007c0000000, 0x00000007c0000000)
  eden space 116736K, 100% used [0x00000007aab00000,0x00000007b1d00000,0x00000007b1d00000)
  from space 116224K, 16% used [0x00000007b8e80000,0x00000007ba1855a0,0x00000007c0000000)
  to   space 116224K, 0% used [0x00000007b1d00000,0x00000007b1d00000,0x00000007b8e80000)
 ParOldGen       total 699392K, used 698912K [0x0000000780000000, 0x00000007aab00000, 0x00000007aab00000)
  object space 699392K, 99% used [0x0000000780000000,0x00000007aaa88218,0x00000007aab00000)
 Metaspace       used 6053K, capacity 6140K, committed 6400K, reserved 1056768K
  class space    used 679K, capacity 724K, committed 768K, reserved 1048576K
}
Event: 123.954 GC heap before
{Heap before GC invocations=29 (full 15):
 PSYoungGen      total 232960K, used 136213K [0x00000007aab00000, 0x00000007c0000000, 0x00000007c0000000)
  eden space 116736K, 100% used [0x00000007aab00000,0x00000007b1d00000,0x00000007b1d00000)
  from space 116224K, 16% used [0x00000007b8e80000,0x00000007ba1855a0,0x00000007c0000000)
  to   space 116224K, 0% used [0x00000007b1d00000,0x00000007b1d00000,0x00000007b8e80000)
 ParOldGen       total 699392K, used 698914K [0x0000000780000000, 0x00000007aab00000, 0x00000007aab00000)
  object space 699392K, 99% used [0x0000000780000000,0x00000007aaa88a18,0x00000007aab00000)
 Metaspace       used 6053K, capacity 6140K, committed 6400K, reserved 1056768K
  class space    used 679K, capacity 724K, committed 768K, reserved 1048576K
Event: 133.646 GC heap after
Heap after GC invocations=29 (full 15):
 PSYoungGen      total 232960K, used 136213K [0x00000007aab00000, 0x00000007c0000000, 0x00000007c0000000)
  eden space 116736K, 100% used [0x00000007aab00000,0x00000007b1d00000,0x00000007b1d00000)
  from space 116224K, 16% used [0x00000007b8e80000,0x00000007ba1855a0,0x00000007c0000000)
  to   space 116224K, 0% used [0x00000007b1d00000,0x00000007b1d00000,0x00000007b8e80000)
 ParOldGen       total 699392K, used 698914K [0x0000000780000000, 0x00000007aab00000, 0x00000007aab00000)
  object space 699392K, 99% used [0x0000000780000000,0x00000007aaa88a18,0x00000007aab00000)
 Metaspace       used 6053K, capacity 6140K, committed 6400K, reserved 1056768K
  class space    used 679K, capacity 724K, committed 768K, reserved 1048576K
}
Event: 133.646 GC heap before
{Heap before GC invocations=30 (full 16):
 PSYoungGen      total 232960K, used 136213K [0x00000007aab00000, 0x00000007c0000000, 0x00000007c0000000)
  eden space 116736K, 100% used [0x00000007aab00000,0x00000007b1d00000,0x00000007b1d00000)
  from space 116224K, 16% used [0x00000007b8e80000,0x00000007ba1855a0,0x00000007c0000000)
  to   space 116224K, 0% used [0x00000007b1d00000,0x00000007b1d00000,0x00000007b8e80000)
 ParOldGen       total 699392K, used 698916K [0x0000000780000000, 0x00000007aab00000, 0x00000007aab00000)
  object space 699392K, 99% used [0x0000000780000000,0x00000007aaa89218,0x00000007aab00000)
 Metaspace       used 6053K, capacity 6140K, committed 6400K, reserved 1056768K
  class space    used 679K, capacity 724K, committed 768K, reserved 1048576K
Event: 142.468 GC heap after
Heap after GC invocations=30 (full 16):
 PSYoungGen      total 232960K, used 136213K [0x00000007aab00000, 0x00000007c0000000, 0x00000007c0000000)
  eden space 116736K, 100% used [0x00000007aab00000,0x00000007b1d00000,0x00000007b1d00000)
  from space 116224K, 16% used [0x00000007b8e80000,0x00000007ba1855a0,0x00000007c0000000)
  to   space 116224K, 0% used [0x00000007b1d00000,0x00000007b1d00000,0x00000007b8e80000)
 ParOldGen       total 699392K, used 698916K [0x0000000780000000, 0x00000007aab00000, 0x00000007aab00000)
  object space 699392K, 99% used [0x0000000780000000,0x00000007aaa89218,0x00000007aab00000)
 Metaspace       used 6053K, capacity 6140K, committed 6400K, reserved 1056768K
  class space    used 679K, capacity 724K, committed 768K, reserved 1048576K
}
Event: 142.469 GC heap before
{Heap before GC invocations=31 (full 17):
 PSYoungGen      total 232960K, used 136213K [0x00000007aab00000, 0x00000007c0000000, 0x00000007c0000000)
  eden space 116736K, 100% used [0x00000007aab00000,0x00000007b1d00000,0x00000007b1d00000)
  from space 116224K, 16% used [0x00000007b8e80000,0x00000007ba1855a0,0x00000007c0000000)
  to   space 116224K, 0% used [0x00000007b1d00000,0x00000007b1d00000,0x00000007b8e80000)
 ParOldGen       total 699392K, used 698918K [0x0000000780000000, 0x00000007aab00000, 0x00000007aab00000)
  object space 699392K, 99% used [0x0000000780000000,0x00000007aaa89a18,0x00000007aab00000)
 Metaspace       used 6053K, capacity 6140K, committed 6400K, reserved 1056768K
  class space    used 679K, capacity 724K, committed 768K, reserved 1048576K
Event: 153.885 GC heap after
Heap after GC invocations=31 (full 17):
 PSYoungGen      total 232960K, used 136213K [0x00000007aab00000, 0x00000007c0000000, 0x00000007c0000000)
  eden space 116736K, 100% used [0x00000007aab00000,0x00000007b1d00000,0x00000007b1d00000)
  from space 116224K, 16% used [0x00000007b8e80000,0x00000007ba1855a0,0x00000007c0000000)
  to   space 116224K, 0% used [0x00000007b1d00000,0x00000007b1d00000,0x00000007b8e80000)
 ParOldGen       total 699392K, used 698918K [0x0000000780000000, 0x00000007aab00000, 0x00000007aab00000)
  object space 699392K, 99% used [0x0000000780000000,0x00000007aaa89a18,0x00000007aab00000)
 Metaspace       used 6053K, capacity 6140K, committed 6400K, reserved 1056768K
  class space    used 679K, capacity 724K, committed 768K, reserved 1048576K
}
Event: 153.889 GC heap before
{Heap before GC invocations=32 (full 18):
 PSYoungGen      total 232960K, used 136213K [0x00000007aab00000, 0x00000007c0000000, 0x00000007c0000000)
  eden space 116736K, 100% used [0x00000007aab00000,0x00000007b1d00000,0x00000007b1d00000)
  from space 116224K, 16% used [0x00000007b8e80000,0x00000007ba1855a0,0x00000007c0000000)
  to   space 116224K, 0% used [0x00000007b1d00000,0x00000007b1d00000,0x00000007b8e80000)
 ParOldGen       total 699392K, used 698920K [0x0000000780000000, 0x00000007aab00000, 0x00000007aab00000)
  object space 699392K, 99% used [0x0000000780000000,0x00000007aaa8a218,0x00000007aab00000)
 Metaspace       used 6053K, capacity 6140K, committed 6400K, reserved 1056768K
  class space    used 679K, capacity 724K, committed 768K, reserved 1048576K

Deoptimization events (0 events):
No events

Internal exceptions (10 events):
Event: 0.042 Thread 0x00007f9de9009000 Exception <a 'java/lang/NoSuchMethodError': Method sun.misc.Unsafe.prefetchRead(Ljava/lang/Object;J)V name or signature does not match> (0x00000007aab07f90) thrown at [/Users/java_re/workspace/8-2-build-macosx-x86_64/jdk8u141/9370/hotspot/src/share/vm/pri
Event: 0.643 Thread 0x00007f9de9009000 Exception <a 'java/lang/reflect/InvocationTargetException'> (0x00000007ab0cec00) thrown at [/Users/java_re/workspace/8-2-build-macosx-x86_64/jdk8u141/9370/hotspot/src/share/vm/runtime/reflection.cpp, line 1092]
Event: 0.683 Thread 0x00007f9de9009000 Exception <a 'java/lang/reflect/InvocationTargetException'> (0x00000007ab10aae0) thrown at [/Users/java_re/workspace/8-2-build-macosx-x86_64/jdk8u141/9370/hotspot/src/share/vm/runtime/reflection.cpp, line 1092]
Event: 0.684 Thread 0x00007f9de9009000 Exception <a 'java/lang/reflect/InvocationTargetException'> (0x00000007ab119c10) thrown at [/Users/java_re/workspace/8-2-build-macosx-x86_64/jdk8u141/9370/hotspot/src/share/vm/runtime/reflection.cpp, line 1092]
Event: 0.686 Thread 0x00007f9de9009000 Exception <a 'java/lang/reflect/InvocationTargetException'> (0x00000007ab1298c8) thrown at [/Users/java_re/workspace/8-2-build-macosx-x86_64/jdk8u141/9370/hotspot/src/share/vm/runtime/reflection.cpp, line 1092]
Event: 0.686 Thread 0x00007f9de9009000 Exception <a 'java/lang/reflect/InvocationTargetException'> (0x00000007ab12a718) thrown at [/Users/java_re/workspace/8-2-build-macosx-x86_64/jdk8u141/9370/hotspot/src/share/vm/runtime/reflection.cpp, line 1092]
Event: 0.686 Thread 0x00007f9de9009000 Exception <a 'java/lang/NullPointerException'> (0x00000007ab12b2a8) thrown at [/Users/java_re/workspace/8-2-build-macosx-x86_64/jdk8u141/9370/hotspot/src/share/vm/interpreter/linkResolver.cpp, line 1299]
Event: 0.686 Thread 0x00007f9de9009000 Exception <a 'java/lang/reflect/InvocationTargetException'> (0x00000007ab12b4b0) thrown at [/Users/java_re/workspace/8-2-build-macosx-x86_64/jdk8u141/9370/hotspot/src/share/vm/runtime/reflection.cpp, line 1092]
Event: 0.687 Thread 0x00007f9de9009000 Exception <a 'java/lang/reflect/InvocationTargetException'> (0x00000007ab12c820) thrown at [/Users/java_re/workspace/8-2-build-macosx-x86_64/jdk8u141/9370/hotspot/src/share/vm/runtime/reflection.cpp, line 1092]
Event: 0.690 Thread 0x00007f9de9009000 Exception <a 'java/lang/reflect/InvocationTargetException'> (0x00000007ab13c060) thrown at [/Users/java_re/workspace/8-2-build-macosx-x86_64/jdk8u141/9370/hotspot/src/share/vm/runtime/reflection.cpp, line 1092]

Events (10 events):
Event: 115.950 Executing VM operation: ParallelGCFailedAllocation done
Event: 115.950 Executing VM operation: ParallelGCFailedAllocation
Event: 123.954 Executing VM operation: ParallelGCFailedAllocation done
Event: 123.954 Executing VM operation: ParallelGCFailedAllocation
Event: 133.646 Executing VM operation: ParallelGCFailedAllocation done
Event: 133.646 Executing VM operation: ParallelGCFailedAllocation
Event: 142.468 Executing VM operation: ParallelGCFailedAllocation done
Event: 142.468 Executing VM operation: ParallelGCFailedAllocation
Event: 153.886 Executing VM operation: ParallelGCFailedAllocation done
Event: 153.886 Executing VM operation: ParallelGCFailedAllocation


Dynamic libraries:
0x000000004dae8000 	/System/Library/Frameworks/Cocoa.framework/Versions/A/Cocoa
0x000000004dae8000 	/System/Library/Frameworks/Security.framework/Versions/A/Security
0x000000004dae8000 	/System/Library/Frameworks/ApplicationServices.framework/Versions/A/ApplicationServices
0x000000004dae8000 	/usr/lib/libz.1.dylib
0x000000004dae8000 	/usr/lib/libSystem.B.dylib
0x000000004dae8000 	/usr/lib/libobjc.A.dylib
0x000000004dae8000 	/System/Library/Frameworks/CoreFoundation.framework/Versions/A/CoreFoundation
0x000000004dae8000 	/System/Library/Frameworks/Foundation.framework/Versions/C/Foundation
0x000000004dae8000 	/System/Library/Frameworks/AppKit.framework/Versions/C/AppKit
0x000000004dae8000 	/System/Library/Frameworks/CoreData.framework/Versions/A/CoreData
0x000000004dae8000 	/System/Library/PrivateFrameworks/RemoteViewServices.framework/Versions/A/RemoteViewServices
0x000000004dae8000 	/System/Library/PrivateFrameworks/UIFoundation.framework/Versions/A/UIFoundation
0x000000004dae8000 	/System/Library/PrivateFrameworks/DFRFoundation.framework/Versions/A/DFRFoundation
0x000000004dae8000 	/usr/lib/libenergytrace.dylib
0x000000004dae8000 	/System/Library/PrivateFrameworks/SkyLight.framework/Versions/A/SkyLight
0x000000004dae8000 	/System/Library/Frameworks/CoreGraphics.framework/Versions/A/CoreGraphics
0x000000004dae8000 	/usr/lib/libScreenReader.dylib
0x000000004dae8000 	/System/Library/Frameworks/Accelerate.framework/Versions/A/Accelerate
0x000000004dae8000 	/System/Library/Frameworks/IOSurface.framework/Versions/A/IOSurface
0x000000004dae8000 	/System/Library/Frameworks/AudioToolbox.framework/Versions/A/AudioToolbox
0x000000004dae8000 	/System/Library/Frameworks/AudioUnit.framework/Versions/A/AudioUnit
0x000000004dae8000 	/System/Library/PrivateFrameworks/DataDetectorsCore.framework/Versions/A/DataDetectorsCore
0x000000004dae8000 	/System/Library/PrivateFrameworks/DesktopServicesPriv.framework/Versions/A/DesktopServicesPriv
0x000000004dae8000 	/System/Library/Frameworks/Carbon.framework/Versions/A/Frameworks/HIToolbox.framework/Versions/A/HIToolbox
0x000000004dae8000 	/usr/lib/libicucore.A.dylib
0x000000004dae8000 	/System/Library/Frameworks/QuartzCore.framework/Versions/A/QuartzCore
0x000000004dae8000 	/System/Library/Frameworks/Carbon.framework/Versions/A/Frameworks/SpeechRecognition.framework/Versions/A/SpeechRecognition
0x000000004dae8000 	/usr/lib/libauto.dylib
0x000000004dae8000 	/usr/lib/libxml2.2.dylib
0x000000004dae8000 	/System/Library/PrivateFrameworks/CoreUI.framework/Versions/A/CoreUI
0x000000004dae8000 	/System/Library/Frameworks/CoreAudio.framework/Versions/A/CoreAudio
0x000000004dae8000 	/System/Library/Frameworks/DiskArbitration.framework/Versions/A/DiskArbitration
0x000000004dae8000 	/usr/lib/liblangid.dylib
0x000000004dae8000 	/System/Library/PrivateFrameworks/MultitouchSupport.framework/Versions/A/MultitouchSupport
0x000000004dae8000 	/System/Library/Frameworks/IOKit.framework/Versions/A/IOKit
0x000000004dae8000 	/usr/lib/libDiagnosticMessagesClient.dylib
0x000000004dae8000 	/System/Library/Frameworks/CoreServices.framework/Versions/A/CoreServices
0x000000004dae8000 	/System/Library/PrivateFrameworks/PerformanceAnalysis.framework/Versions/A/PerformanceAnalysis
0x000000004dae8000 	/System/Library/PrivateFrameworks/GenerationalStorage.framework/Versions/A/GenerationalStorage
0x000000004dae8000 	/System/Library/Frameworks/OpenGL.framework/Versions/A/OpenGL
0x000000004dae8000 	/System/Library/Frameworks/CoreImage.framework/Versions/A/CoreImage
0x000000004dae8000 	/System/Library/Frameworks/CoreText.framework/Versions/A/CoreText
0x000000004dae8000 	/System/Library/Frameworks/ImageIO.framework/Versions/A/ImageIO
0x000000004dae8000 	/System/Library/PrivateFrameworks/Backup.framework/Versions/A/Backup
0x000000004dae8000 	/usr/lib/libarchive.2.dylib
0x000000004dae8000 	/System/Library/Frameworks/CFNetwork.framework/Versions/A/CFNetwork
0x000000004dae8000 	/System/Library/Frameworks/SystemConfiguration.framework/Versions/A/SystemConfiguration
0x000000004dae8000 	/usr/lib/libCRFSuite.dylib
0x000000004dae8000 	/usr/lib/libc++.1.dylib
0x000000004dae8000 	/usr/lib/libc++abi.dylib
0x000000004dae8000 	/usr/lib/system/libcache.dylib
0x000000004dae8000 	/usr/lib/system/libcommonCrypto.dylib
0x000000004dae8000 	/usr/lib/system/libcompiler_rt.dylib
0x000000004dae8000 	/usr/lib/system/libcopyfile.dylib
0x000000004dae8000 	/usr/lib/system/libcorecrypto.dylib
0x000000004dae8000 	/usr/lib/system/libdispatch.dylib
0x000000004dae8000 	/usr/lib/system/libdyld.dylib
0x000000004dae8000 	/usr/lib/system/libkeymgr.dylib
0x000000004dae8000 	/usr/lib/system/liblaunch.dylib
0x000000004dae8000 	/usr/lib/system/libmacho.dylib
0x000000004dae8000 	/usr/lib/system/libquarantine.dylib
0x000000004dae8000 	/usr/lib/system/libremovefile.dylib
0x000000004dae8000 	/usr/lib/system/libsystem_asl.dylib
0x000000004dae8000 	/usr/lib/system/libsystem_blocks.dylib
0x000000004dae8000 	/usr/lib/system/libsystem_c.dylib
0x000000004dae8000 	/usr/lib/system/libsystem_configuration.dylib
0x000000004dae8000 	/usr/lib/system/libsystem_coreservices.dylib
0x000000004dae8000 	/usr/lib/system/libsystem_coretls.dylib
0x000000004dae8000 	/usr/lib/system/libsystem_dnssd.dylib
0x000000004dae8000 	/usr/lib/system/libsystem_info.dylib
0x000000004dae8000 	/usr/lib/system/libsystem_kernel.dylib
0x000000004dae8000 	/usr/lib/system/libsystem_m.dylib
0x000000004dae8000 	/usr/lib/system/libsystem_malloc.dylib
0x000000004dae8000 	/usr/lib/system/libsystem_network.dylib
0x000000004dae8000 	/usr/lib/system/libsystem_networkextension.dylib
0x000000004dae8000 	/usr/lib/system/libsystem_notify.dylib
0x000000004dae8000 	/usr/lib/system/libsystem_platform.dylib
0x000000004dae8000 	/usr/lib/system/libsystem_pthread.dylib
0x000000004dae8000 	/usr/lib/system/libsystem_sandbox.dylib
0x000000004dae8000 	/usr/lib/system/libsystem_secinit.dylib
0x000000004dae8000 	/usr/lib/system/libsystem_symptoms.dylib
0x000000004dae8000 	/usr/lib/system/libsystem_trace.dylib
0x000000004dae8000 	/usr/lib/system/libunwind.dylib
0x000000004dae8000 	/usr/lib/system/libxpc.dylib
0x000000004dae8000 	/usr/lib/libbsm.0.dylib
0x000000004dae8000 	/usr/lib/system/libkxld.dylib
0x000000004dae8000 	/usr/lib/libcoretls.dylib
0x000000004dae8000 	/usr/lib/libcoretls_cfhelpers.dylib
0x000000004dae8000 	/usr/lib/libOpenScriptingUtil.dylib
0x000000004dae8000 	/usr/lib/libpam.2.dylib
0x000000004dae8000 	/usr/lib/libsqlite3.dylib
0x000000004dae8000 	/usr/lib/libxar.1.dylib
0x000000004dae8000 	/usr/lib/libbz2.1.0.dylib
0x000000004dae8000 	/usr/lib/liblzma.5.dylib
0x000000004dae8000 	/usr/lib/libnetwork.dylib
0x000000004dae8000 	/usr/lib/libpcap.A.dylib
0x000000004dae8000 	/System/Library/Frameworks/CoreServices.framework/Versions/A/Frameworks/FSEvents.framework/Versions/A/FSEvents
0x000000004dae8000 	/System/Library/Frameworks/CoreServices.framework/Versions/A/Frameworks/CarbonCore.framework/Versions/A/CarbonCore
0x000000004dae8000 	/System/Library/Frameworks/CoreServices.framework/Versions/A/Frameworks/Metadata.framework/Versions/A/Metadata
0x000000004dae8000 	/System/Library/Frameworks/CoreServices.framework/Versions/A/Frameworks/OSServices.framework/Versions/A/OSServices
0x000000004dae8000 	/System/Library/Frameworks/CoreServices.framework/Versions/A/Frameworks/SearchKit.framework/Versions/A/SearchKit
0x000000004dae8000 	/System/Library/Frameworks/CoreServices.framework/Versions/A/Frameworks/AE.framework/Versions/A/AE
0x000000004dae8000 	/System/Library/Frameworks/CoreServices.framework/Versions/A/Frameworks/LaunchServices.framework/Versions/A/LaunchServices
0x000000004dae8000 	/System/Library/Frameworks/CoreServices.framework/Versions/A/Frameworks/DictionaryServices.framework/Versions/A/DictionaryServices
0x000000004dae8000 	/System/Library/Frameworks/CoreServices.framework/Versions/A/Frameworks/SharedFileList.framework/Versions/A/SharedFileList
0x000000004dae8000 	/System/Library/Frameworks/NetFS.framework/Versions/A/NetFS
0x000000004dae8000 	/System/Library/PrivateFrameworks/NetAuth.framework/Versions/A/NetAuth
0x000000004dae8000 	/System/Library/PrivateFrameworks/login.framework/Versions/A/Frameworks/loginsupport.framework/Versions/A/loginsupport
0x000000004dae8000 	/System/Library/PrivateFrameworks/TCC.framework/Versions/A/TCC
0x000000004dae8000 	/usr/lib/libmecabra.dylib
0x000000004dae8000 	/System/Library/Frameworks/ApplicationServices.framework/Versions/A/Frameworks/ATS.framework/Versions/A/ATS
0x000000004dae8000 	/System/Library/Frameworks/ApplicationServices.framework/Versions/A/Frameworks/ColorSync.framework/Versions/A/ColorSync
0x000000004dae8000 	/System/Library/Frameworks/ApplicationServices.framework/Versions/A/Frameworks/HIServices.framework/Versions/A/HIServices
0x000000004dae8000 	/System/Library/Frameworks/ApplicationServices.framework/Versions/A/Frameworks/LangAnalysis.framework/Versions/A/LangAnalysis
0x000000004dae8000 	/System/Library/Frameworks/ApplicationServices.framework/Versions/A/Frameworks/PrintCore.framework/Versions/A/PrintCore
0x000000004dae8000 	/System/Library/Frameworks/ApplicationServices.framework/Versions/A/Frameworks/QD.framework/Versions/A/QD
0x000000004dae8000 	/System/Library/Frameworks/ApplicationServices.framework/Versions/A/Frameworks/SpeechSynthesis.framework/Versions/A/SpeechSynthesis
0x000000004dae8000 	/System/Library/Frameworks/Accelerate.framework/Versions/A/Frameworks/vImage.framework/Versions/A/vImage
0x000000004dae8000 	/System/Library/Frameworks/Accelerate.framework/Versions/A/Frameworks/vecLib.framework/Versions/A/vecLib
0x000000004dae8000 	/System/Library/Frameworks/Accelerate.framework/Versions/A/Frameworks/vecLib.framework/Versions/A/libvDSP.dylib
0x000000004dae8000 	/System/Library/Frameworks/Accelerate.framework/Versions/A/Frameworks/vecLib.framework/Versions/A/libBNNS.dylib
0x000000004dae8000 	/System/Library/Frameworks/Accelerate.framework/Versions/A/Frameworks/vecLib.framework/Versions/A/libQuadrature.dylib
0x000000004dae8000 	/System/Library/Frameworks/Accelerate.framework/Versions/A/Frameworks/vecLib.framework/Versions/A/libvMisc.dylib
0x000000004dae8000 	/System/Library/Frameworks/Accelerate.framework/Versions/A/Frameworks/vecLib.framework/Versions/A/libLAPACK.dylib
0x000000004dae8000 	/System/Library/Frameworks/Accelerate.framework/Versions/A/Frameworks/vecLib.framework/Versions/A/libBLAS.dylib
0x000000004dae8000 	/System/Library/Frameworks/Accelerate.framework/Versions/A/Frameworks/vecLib.framework/Versions/A/libLinearAlgebra.dylib
0x000000004dae8000 	/System/Library/Frameworks/Accelerate.framework/Versions/A/Frameworks/vecLib.framework/Versions/A/libSparseBLAS.dylib
0x000000004dae8000 	/System/Library/Frameworks/ApplicationServices.framework/Versions/A/Frameworks/ATS.framework/Versions/A/Resources/libFontParser.dylib
0x000000004dae8000 	/System/Library/Frameworks/ApplicationServices.framework/Versions/A/Frameworks/ATS.framework/Versions/A/Resources/libFontRegistry.dylib
0x000000004dae8000 	/System/Library/Frameworks/ImageIO.framework/Versions/A/Resources/libJPEG.dylib
0x000000004dae8000 	/System/Library/Frameworks/ImageIO.framework/Versions/A/Resources/libTIFF.dylib
0x000000004dae8000 	/System/Library/Frameworks/ImageIO.framework/Versions/A/Resources/libPng.dylib
0x000000004dae8000 	/System/Library/Frameworks/ImageIO.framework/Versions/A/Resources/libGIF.dylib
0x000000004dae8000 	/System/Library/Frameworks/ImageIO.framework/Versions/A/Resources/libJP2.dylib
0x000000004dae8000 	/System/Library/Frameworks/ImageIO.framework/Versions/A/Resources/libRadiance.dylib
0x000000004dae8000 	/usr/lib/libcompression.dylib
0x000000004dae8000 	/System/Library/PrivateFrameworks/AppleJPEG.framework/Versions/A/AppleJPEG
0x000000004dae8000 	/usr/lib/libcups.2.dylib
0x000000004dae8000 	/System/Library/Frameworks/Kerberos.framework/Versions/A/Kerberos
0x000000004dae8000 	/System/Library/Frameworks/GSS.framework/Versions/A/GSS
0x000000004dae8000 	/usr/lib/libresolv.9.dylib
0x000000004dae8000 	/usr/lib/libiconv.2.dylib
0x000000004dae8000 	/System/Library/PrivateFrameworks/Heimdal.framework/Versions/A/Heimdal
0x000000004dae8000 	/usr/lib/libheimdal-asn1.dylib
0x000000004dae8000 	/System/Library/Frameworks/OpenDirectory.framework/Versions/A/OpenDirectory
0x000000004dae8000 	/System/Library/PrivateFrameworks/CommonAuth.framework/Versions/A/CommonAuth
0x000000004dae8000 	/System/Library/Frameworks/OpenDirectory.framework/Versions/A/Frameworks/CFOpenDirectory.framework/Versions/A/CFOpenDirectory
0x000000004dae8000 	/System/Library/Frameworks/SecurityFoundation.framework/Versions/A/SecurityFoundation
0x000000004dae8000 	/System/Library/PrivateFrameworks/LanguageModeling.framework/Versions/A/LanguageModeling
0x000000004dae8000 	/usr/lib/libmarisa.dylib
0x000000004dae8000 	/usr/lib/libChineseTokenizer.dylib
0x000000004dae8000 	/usr/lib/libcmph.dylib
0x000000004dae8000 	/System/Library/PrivateFrameworks/CoreEmoji.framework/Versions/A/CoreEmoji
0x000000004dae8000 	/System/Library/Frameworks/ServiceManagement.framework/Versions/A/ServiceManagement
0x000000004dae8000 	/usr/lib/libxslt.1.dylib
0x000000004dae8000 	/System/Library/Frameworks/Carbon.framework/Versions/A/Frameworks/Ink.framework/Versions/A/Ink
0x000000004dae8000 	/System/Library/PrivateFrameworks/TextureIO.framework/Versions/A/TextureIO
0x000000004dae8000 	/System/Library/Frameworks/Metal.framework/Versions/A/Metal
0x000000004dae8000 	/usr/lib/libate.dylib
0x000000004dae8000 	/System/Library/PrivateFrameworks/GPUCompiler.framework/libmetal_timestamp.dylib
0x000000004dae8000 	/System/Library/Frameworks/OpenGL.framework/Versions/A/Libraries/libCoreFSCache.dylib
0x000000004dae8000 	/System/Library/PrivateFrameworks/IOAccelerator.framework/Versions/A/IOAccelerator
0x000000004dae8000 	/System/Library/Frameworks/CoreVideo.framework/Versions/A/CoreVideo
0x000000004dae8000 	/usr/lib/libFosl_dynamic.dylib
0x000000004dae8000 	/System/Library/PrivateFrameworks/MetalPerformanceShaders.framework/Versions/A/MetalPerformanceShaders
0x000000004dae8000 	/System/Library/PrivateFrameworks/FaceCore.framework/Versions/A/FaceCore
0x000000004dae8000 	/System/Library/Frameworks/OpenCL.framework/Versions/A/OpenCL
0x000000004dae8000 	/System/Library/Frameworks/OpenGL.framework/Versions/A/Libraries/libGLU.dylib
0x000000004dae8000 	/System/Library/Frameworks/OpenGL.framework/Versions/A/Libraries/libGFXShared.dylib
0x000000004dae8000 	/System/Library/Frameworks/OpenGL.framework/Versions/A/Libraries/libGL.dylib
0x000000004dae8000 	/System/Library/Frameworks/OpenGL.framework/Versions/A/Libraries/libGLImage.dylib
0x000000004dae8000 	/System/Library/Frameworks/OpenGL.framework/Versions/A/Libraries/libCVMSPluginSupport.dylib
0x000000004dae8000 	/System/Library/Frameworks/OpenGL.framework/Versions/A/Libraries/libCoreVMClient.dylib
0x000000004dae8000 	/System/Library/PrivateFrameworks/CrashReporterSupport.framework/Versions/A/CrashReporterSupport
0x000000004dae8000 	/System/Library/PrivateFrameworks/Sharing.framework/Versions/A/Sharing
0x000000004dae8000 	/System/Library/PrivateFrameworks/IconServices.framework/Versions/A/IconServices
0x000000004dae8000 	/System/Library/PrivateFrameworks/ProtocolBuffer.framework/Versions/A/ProtocolBuffer
0x000000004dae8000 	/System/Library/PrivateFrameworks/Apple80211.framework/Versions/A/Apple80211
0x000000004dae8000 	/System/Library/Frameworks/CoreWLAN.framework/Versions/A/CoreWLAN
0x000000004dae8000 	/System/Library/PrivateFrameworks/CoreUtils.framework/Versions/A/CoreUtils
0x000000004dae8000 	/System/Library/Frameworks/IOBluetooth.framework/Versions/A/IOBluetooth
0x000000004dae8000 	/System/Library/PrivateFrameworks/CoreWiFi.framework/Versions/A/CoreWiFi
0x000000004dae8000 	/System/Library/Frameworks/CoreBluetooth.framework/Versions/A/CoreBluetooth
0x000000004dae8000 	/System/Library/Frameworks/CoreDisplay.framework/Versions/A/CoreDisplay
0x000000004dae8000 	/System/Library/PrivateFrameworks/IOPresentment.framework/Versions/A/IOPresentment
0x000000004dae8000 	/System/Library/PrivateFrameworks/DSExternalDisplay.framework/Versions/A/DSExternalDisplay
0x000000004dae8000 	/System/Library/PrivateFrameworks/DebugSymbols.framework/Versions/A/DebugSymbols
0x000000004dae8000 	/System/Library/PrivateFrameworks/CoreSymbolication.framework/Versions/A/CoreSymbolication
0x000000004dae8000 	/System/Library/PrivateFrameworks/Symbolication.framework/Versions/A/Symbolication
0x000000004dae8000 	/System/Library/PrivateFrameworks/AppleFSCompression.framework/Versions/A/AppleFSCompression
0x000000004dae8000 	/System/Library/PrivateFrameworks/SpeechRecognitionCore.framework/Versions/A/SpeechRecognitionCore
0x000000004dae8000 	/System/Library/PrivateFrameworks/ChunkingLibrary.framework/Versions/A/ChunkingLibrary
0x0000000108000000 	/Library/Java/JavaVirtualMachines/jdk1.8.0_141.jdk/Contents/Home/jre/lib/server/libjvm.dylib
0x000000004dae8000 	/usr/lib/libstdc++.6.dylib
0x0000000107735000 	/Library/Java/JavaVirtualMachines/jdk1.8.0_141.jdk/Contents/Home/jre/lib/libverify.dylib
0x0000000107743000 	/Library/Java/JavaVirtualMachines/jdk1.8.0_141.jdk/Contents/Home/jre/lib/libjava.dylib
0x0000000107782000 	/Library/Java/JavaVirtualMachines/jdk1.8.0_141.jdk/Contents/Home/jre/lib/libzip.dylib
0x000000010d346000 	/System/Library/Frameworks/JavaVM.framework/Frameworks/JavaRuntimeSupport.framework/JavaRuntimeSupport
0x00000001077e8000 	/System/Library/Frameworks/JavaVM.framework/Versions/A/Frameworks/JavaNativeFoundation.framework/Versions/A/JavaNativeFoundation
0x000000010d360000 	/System/Library/Frameworks/JavaVM.framework/Versions/A/JavaVM
0x000000004dae8000 	/System/Library/Frameworks/Carbon.framework/Versions/A/Carbon
0x000000010d36d000 	/System/Library/PrivateFrameworks/JavaLaunching.framework/Versions/A/JavaLaunching
0x000000004dae8000 	/System/Library/Frameworks/Carbon.framework/Versions/A/Frameworks/CommonPanels.framework/Versions/A/CommonPanels
0x000000004dae8000 	/System/Library/Frameworks/Carbon.framework/Versions/A/Frameworks/Help.framework/Versions/A/Help
0x000000004dae8000 	/System/Library/Frameworks/Carbon.framework/Versions/A/Frameworks/ImageCapture.framework/Versions/A/ImageCapture
0x000000004dae8000 	/System/Library/Frameworks/Carbon.framework/Versions/A/Frameworks/OpenScripting.framework/Versions/A/OpenScripting
0x000000004dae8000 	/System/Library/Frameworks/Carbon.framework/Versions/A/Frameworks/Print.framework/Versions/A/Print
0x000000004dae8000 	/System/Library/Frameworks/Carbon.framework/Versions/A/Frameworks/SecurityHI.framework/Versions/A/SecurityHI
0x000000010ec84000 	/Library/Java/JavaVirtualMachines/jdk1.8.0_141.jdk/Contents/Home/jre/lib/libnet.dylib

VM Arguments:
jvm_args: -ea -Dfile.encoding=UTF-8 
java_command: org.eclipse.jdt.internal.junit.runner.RemoteTestRunner -version 3 -port 50080 -testLoaderClass org.eclipse.jdt.internal.junit4.runner.JUnit4TestLoader -loaderpluginname org.eclipse.jdt.junit4.runtime -classNames edu.iastate.cs228.hw3.AdaptiveListTests
java_class_path (initial): /Users/ruski/Documents/coms228/Project3/bin:/Applications/Eclipse.app/Contents/Eclipse/plugins/org.junit_4.12.0.v201504281640/junit.jar:/Applications/Eclipse.app/Contents/Eclipse/plugins/org.hamcrest.core_1.3.0.v201303031735.jar:/Applications/Eclipse.app/Contents/Eclipse/configuration/org.eclipse.osgi/223/0/.cp:/Applications/Eclipse.app/Contents/Eclipse/configuration/org.eclipse.osgi/222/0/.cp
Launcher Type: SUN_STANDARD

Environment Variables:
PATH=/usr/bin:/bin:/usr/sbin:/sbin
SHELL=/bin/bash

Signal Handlers:
SIGSEGV: [libjvm.dylib+0x5b26e5], sa_mask[0]=11111111011111110111111111111111, sa_flags=SA_ONSTACK|SA_RESTART|SA_SIGINFO
SIGBUS: [libjvm.dylib+0x5b26e5], sa_mask[0]=11111111011111110111111111111111, sa_flags=SA_RESTART|SA_SIGINFO
SIGFPE: [libjvm.dylib+0x489100], sa_mask[0]=11111111011111110111111111111111, sa_flags=SA_RESTART|SA_SIGINFO
SIGPIPE: [libjvm.dylib+0x489100], sa_mask[0]=11111111011111110111111111111111, sa_flags=SA_RESTART|SA_SIGINFO
SIGXFSZ: [libjvm.dylib+0x489100], sa_mask[0]=11111111011111110111111111111111, sa_flags=SA_RESTART|SA_SIGINFO
SIGILL: [libjvm.dylib+0x489100], sa_mask[0]=11111111011111110111111111111111, sa_flags=SA_RESTART|SA_SIGINFO
SIGUSR1: SIG_DFL, sa_mask[0]=00000000000000000000000000000000, sa_flags=none
SIGUSR2: [libjvm.dylib+0x488c1e], sa_mask[0]=00100000000000000000000000000000, sa_flags=SA_RESTART|SA_SIGINFO
SIGHUP: [libjvm.dylib+0x4871f5], sa_mask[0]=11111111011111110111111111111111, sa_flags=SA_RESTART|SA_SIGINFO
SIGINT: [libjvm.dylib+0x4871f5], sa_mask[0]=11111111011111110111111111111111, sa_flags=SA_RESTART|SA_SIGINFO
SIGTERM: [libjvm.dylib+0x4871f5], sa_mask[0]=11111111011111110111111111111111, sa_flags=SA_RESTART|SA_SIGINFO
SIGQUIT: [libjvm.dylib+0x4871f5], sa_mask[0]=11111111011111110111111111111111, sa_flags=SA_RESTART|SA_SIGINFO


---------------  S Y S T E M  ---------------

OS:Bsduname:Darwin 16.7.0 Darwin Kernel Version 16.7.0: Thu Jun 15 17:36:27 PDT 2017; root:xnu-3789.70.16~2/RELEASE_X86_64 x86_64
rlimit: STACK 8192k, CORE 0k, NPROC 709, NOFILE 10240, AS infinity
load average:19.30 11.31 5.93

CPU:total 4 (initial active 4) (2 cores per cpu, 2 threads per core) family 6 model 61 stepping 4, cmov, cx8, fxsr, mmx, sse, sse2, sse3, ssse3, sse4.1, sse4.2, popcnt, avx, avx2, aes, clmul, erms, 3dnowpref, lzcnt, ht, tsc, tscinvbit, bmi1, bmi2, adx

Memory: 4k page, physical 4194304k(19672k free)

/proc/meminfo:


vm_info: Java HotSpot(TM) 64-Bit Server VM (25.141-b15) for bsd-amd64 JRE (1.8.0_141-b15), built on Jul 12 2017 04:35:23 by "java_re" with gcc 4.2.1 (Based on Apple Inc. build 5658) (LLVM build 2336.11.00)

time: Thu Oct 26 23:07:17 2017
elapsed time: 158 seconds (0d 0h 2m 38s)

